ARM GAS  C:\Users\Tomas\AppData\Local\Temp\ccLJcL1e.s 			page 1


   1              		.syntax unified
   2              		.cpu cortex-m3
   3              		.fpu softvfp
   4              		.eabi_attribute 20, 1
   5              		.eabi_attribute 21, 1
   6              		.eabi_attribute 23, 3
   7              		.eabi_attribute 24, 1
   8              		.eabi_attribute 25, 1
   9              		.eabi_attribute 26, 1
  10              		.eabi_attribute 30, 6
  11              		.eabi_attribute 34, 1
  12              		.eabi_attribute 18, 4
  13              		.thumb
  14              		.syntax unified
  15              		.file	"assert.c"
  16              		.text
  17              	.Ltext0:
  18              		.cfi_sections	.debug_frame
  19              		.comm	text,500,4
  20              		.section	.rodata
  21              		.align	2
  22              	.LC0:
  23 0000 50415353 		.ascii	"PASSED %s, %d, %s\015\012\000"
  23      45442025 
  23      732C2025 
  23      642C2025 
  23      730D0A00 
  24              		.align	2
  25              	.LC1:
  26 0014 4641494C 		.ascii	"FAILED %s, %d, %s\015\012\000"
  26      45442025 
  26      732C2025 
  26      642C2025 
  26      730D0A00 
  27              		.section	.text.__assert__,"ax",%progbits
  28              		.align	2
  29              		.global	__assert__
  30              		.thumb
  31              		.thumb_func
  32              		.type	__assert__, %function
  33              	__assert__:
  34              	.LFB64:
  35              		.file 1 "assert.c"
   1:assert.c      **** /* ========================================
   2:assert.c      ****  *
   3:assert.c      ****  * Copyright YOUR COMPANY, THE YEAR
   4:assert.c      ****  * All Rights Reserved
   5:assert.c      ****  * UNPUBLISHED, LICENSED SOFTWARE.
   6:assert.c      ****  *
   7:assert.c      ****  * CONFIDENTIAL AND PROPRIETARY INFORMATION
   8:assert.c      ****  * WHICH IS THE PROPERTY OF your company.
   9:assert.c      ****  *
  10:assert.c      ****  * ========================================
  11:assert.c      **** */
  12:assert.c      **** #include <device.h>
  13:assert.c      **** #include "stdio.h"
  14:assert.c      **** 
ARM GAS  C:\Users\Tomas\AppData\Local\Temp\ccLJcL1e.s 			page 2


  15:assert.c      **** 
  16:assert.c      **** char text[500];
  17:assert.c      **** 
  18:assert.c      **** void __assert__(int test, char msg[], char file[], int line)
  19:assert.c      **** {
  36              		.loc 1 19 0
  37              		.cfi_startproc
  38              		@ args = 0, pretend = 0, frame = 16
  39              		@ frame_needed = 1, uses_anonymous_args = 0
  40 0000 80B5     		push	{r7, lr}
  41              		.cfi_def_cfa_offset 8
  42              		.cfi_offset 7, -8
  43              		.cfi_offset 14, -4
  44 0002 86B0     		sub	sp, sp, #24
  45              		.cfi_def_cfa_offset 32
  46 0004 02AF     		add	r7, sp, #8
  47              		.cfi_def_cfa 7, 24
  48 0006 F860     		str	r0, [r7, #12]
  49 0008 B960     		str	r1, [r7, #8]
  50 000a 7A60     		str	r2, [r7, #4]
  51 000c 3B60     		str	r3, [r7]
  20:assert.c      ****     if (test)
  52              		.loc 1 20 0
  53 000e FB68     		ldr	r3, [r7, #12]
  54 0010 002B     		cmp	r3, #0
  55 0012 08D0     		beq	.L2
  21:assert.c      ****        sprintf(text, "PASSED %s, %d, %s\r\n", file, line, msg);
  56              		.loc 1 21 0
  57 0014 BB68     		ldr	r3, [r7, #8]
  58 0016 0093     		str	r3, [sp]
  59 0018 3B68     		ldr	r3, [r7]
  60 001a 7A68     		ldr	r2, [r7, #4]
  61 001c 0949     		ldr	r1, .L4
  62 001e 0A48     		ldr	r0, .L4+4
  63 0020 FFF7FEFF 		bl	sprintf
  64 0024 07E0     		b	.L3
  65              	.L2:
  22:assert.c      ****     else
  23:assert.c      ****        sprintf(text, "FAILED %s, %d, %s\r\n", file, line, msg);
  66              		.loc 1 23 0
  67 0026 BB68     		ldr	r3, [r7, #8]
  68 0028 0093     		str	r3, [sp]
  69 002a 3B68     		ldr	r3, [r7]
  70 002c 7A68     		ldr	r2, [r7, #4]
  71 002e 0749     		ldr	r1, .L4+8
  72 0030 0548     		ldr	r0, .L4+4
  73 0032 FFF7FEFF 		bl	sprintf
  74              	.L3:
  24:assert.c      ****     UART_1_PutString(text);
  75              		.loc 1 24 0
  76 0036 0448     		ldr	r0, .L4+4
  77 0038 FFF7FEFF 		bl	UART_1_PutString
  25:assert.c      **** }
  78              		.loc 1 25 0
  79 003c 00BF     		nop
  80 003e 1037     		adds	r7, r7, #16
  81              		.cfi_def_cfa_offset 8
ARM GAS  C:\Users\Tomas\AppData\Local\Temp\ccLJcL1e.s 			page 3


  82 0040 BD46     		mov	sp, r7
  83              		.cfi_def_cfa_register 13
  84              		@ sp needed
  85 0042 80BD     		pop	{r7, pc}
  86              	.L5:
  87              		.align	2
  88              	.L4:
  89 0044 00000000 		.word	.LC0
  90 0048 00000000 		.word	text
  91 004c 14000000 		.word	.LC1
  92              		.cfi_endproc
  93              	.LFE64:
  94              		.size	__assert__, .-__assert__
  95              		.text
  96              	.Letext0:
  97              		.file 2 "c:\\program files (x86)\\cypress\\psoc creator\\4.1\\psoc creator\\import\\gnu\\arm\\5.4.
  98              		.file 3 "c:\\program files (x86)\\cypress\\psoc creator\\4.1\\psoc creator\\import\\gnu\\arm\\5.4.
  99              		.file 4 "Generated_Source\\PSoC5/core_cm3.h"
 100              		.section	.debug_info,"",%progbits
 101              	.Ldebug_info0:
 102 0000 28010000 		.4byte	0x128
 103 0004 0400     		.2byte	0x4
 104 0006 00000000 		.4byte	.Ldebug_abbrev0
 105 000a 04       		.byte	0x4
 106 000b 01       		.uleb128 0x1
 107 000c 9F000000 		.4byte	.LASF21
 108 0010 0C       		.byte	0xc
 109 0011 4E010000 		.4byte	.LASF22
 110 0015 2B000000 		.4byte	.LASF23
 111 0019 00000000 		.4byte	.Ldebug_ranges0+0
 112 001d 00000000 		.4byte	0
 113 0021 00000000 		.4byte	.Ldebug_line0
 114 0025 02       		.uleb128 0x2
 115 0026 01       		.byte	0x1
 116 0027 06       		.byte	0x6
 117 0028 6B010000 		.4byte	.LASF0
 118 002c 02       		.uleb128 0x2
 119 002d 01       		.byte	0x1
 120 002e 08       		.byte	0x8
 121 002f 2D010000 		.4byte	.LASF1
 122 0033 02       		.uleb128 0x2
 123 0034 02       		.byte	0x2
 124 0035 05       		.byte	0x5
 125 0036 98010000 		.4byte	.LASF2
 126 003a 02       		.uleb128 0x2
 127 003b 02       		.byte	0x2
 128 003c 07       		.byte	0x7
 129 003d 8C000000 		.4byte	.LASF3
 130 0041 03       		.uleb128 0x3
 131 0042 83010000 		.4byte	.LASF9
 132 0046 02       		.byte	0x2
 133 0047 3F       		.byte	0x3f
 134 0048 4C000000 		.4byte	0x4c
 135 004c 02       		.uleb128 0x2
 136 004d 04       		.byte	0x4
 137 004e 05       		.byte	0x5
 138 004f 40010000 		.4byte	.LASF4
ARM GAS  C:\Users\Tomas\AppData\Local\Temp\ccLJcL1e.s 			page 4


 139 0053 02       		.uleb128 0x2
 140 0054 04       		.byte	0x4
 141 0055 07       		.byte	0x7
 142 0056 5E000000 		.4byte	.LASF5
 143 005a 02       		.uleb128 0x2
 144 005b 08       		.byte	0x8
 145 005c 05       		.byte	0x5
 146 005d 00000000 		.4byte	.LASF6
 147 0061 02       		.uleb128 0x2
 148 0062 08       		.byte	0x8
 149 0063 07       		.byte	0x7
 150 0064 75000000 		.4byte	.LASF7
 151 0068 04       		.uleb128 0x4
 152 0069 04       		.byte	0x4
 153 006a 05       		.byte	0x5
 154 006b 696E7400 		.ascii	"int\000"
 155 006f 02       		.uleb128 0x2
 156 0070 04       		.byte	0x4
 157 0071 07       		.byte	0x7
 158 0072 1E000000 		.4byte	.LASF8
 159 0076 03       		.uleb128 0x3
 160 0077 A2010000 		.4byte	.LASF10
 161 007b 03       		.byte	0x3
 162 007c 2C       		.byte	0x2c
 163 007d 41000000 		.4byte	0x41
 164 0081 02       		.uleb128 0x2
 165 0082 04       		.byte	0x4
 166 0083 04       		.byte	0x4
 167 0084 92010000 		.4byte	.LASF11
 168 0088 02       		.uleb128 0x2
 169 0089 08       		.byte	0x8
 170 008a 04       		.byte	0x4
 171 008b 57010000 		.4byte	.LASF12
 172 008f 02       		.uleb128 0x2
 173 0090 01       		.byte	0x1
 174 0091 08       		.byte	0x8
 175 0092 3B010000 		.4byte	.LASF13
 176 0096 02       		.uleb128 0x2
 177 0097 08       		.byte	0x8
 178 0098 04       		.byte	0x4
 179 0099 77010000 		.4byte	.LASF14
 180 009d 02       		.uleb128 0x2
 181 009e 04       		.byte	0x4
 182 009f 07       		.byte	0x7
 183 00a0 AA010000 		.4byte	.LASF15
 184 00a4 05       		.uleb128 0x5
 185 00a5 04       		.byte	0x4
 186 00a6 8F000000 		.4byte	0x8f
 187 00aa 06       		.uleb128 0x6
 188 00ab 13000000 		.4byte	.LASF24
 189 00af 01       		.byte	0x1
 190 00b0 12       		.byte	0x12
 191 00b1 00000000 		.4byte	.LFB64
 192 00b5 50000000 		.4byte	.LFE64-.LFB64
 193 00b9 01       		.uleb128 0x1
 194 00ba 9C       		.byte	0x9c
 195 00bb F8000000 		.4byte	0xf8
ARM GAS  C:\Users\Tomas\AppData\Local\Temp\ccLJcL1e.s 			page 5


 196 00bf 07       		.uleb128 0x7
 197 00c0 8D010000 		.4byte	.LASF16
 198 00c4 01       		.byte	0x1
 199 00c5 12       		.byte	0x12
 200 00c6 68000000 		.4byte	0x68
 201 00ca 02       		.uleb128 0x2
 202 00cb 91       		.byte	0x91
 203 00cc 74       		.sleb128 -12
 204 00cd 08       		.uleb128 0x8
 205 00ce 6D736700 		.ascii	"msg\000"
 206 00d2 01       		.byte	0x1
 207 00d3 12       		.byte	0x12
 208 00d4 A4000000 		.4byte	0xa4
 209 00d8 02       		.uleb128 0x2
 210 00d9 91       		.byte	0x91
 211 00da 70       		.sleb128 -16
 212 00db 07       		.uleb128 0x7
 213 00dc 49010000 		.4byte	.LASF17
 214 00e0 01       		.byte	0x1
 215 00e1 12       		.byte	0x12
 216 00e2 A4000000 		.4byte	0xa4
 217 00e6 02       		.uleb128 0x2
 218 00e7 91       		.byte	0x91
 219 00e8 6C       		.sleb128 -20
 220 00e9 07       		.uleb128 0x7
 221 00ea 0E000000 		.4byte	.LASF18
 222 00ee 01       		.byte	0x1
 223 00ef 12       		.byte	0x12
 224 00f0 68000000 		.4byte	0x68
 225 00f4 02       		.uleb128 0x2
 226 00f5 91       		.byte	0x91
 227 00f6 68       		.sleb128 -24
 228 00f7 00       		.byte	0
 229 00f8 09       		.uleb128 0x9
 230 00f9 5E010000 		.4byte	.LASF19
 231 00fd 04       		.byte	0x4
 232 00fe 9606     		.2byte	0x696
 233 0100 04010000 		.4byte	0x104
 234 0104 0A       		.uleb128 0xa
 235 0105 76000000 		.4byte	0x76
 236 0109 0B       		.uleb128 0xb
 237 010a 8F000000 		.4byte	0x8f
 238 010e 1A010000 		.4byte	0x11a
 239 0112 0C       		.uleb128 0xc
 240 0113 9D000000 		.4byte	0x9d
 241 0117 F301     		.2byte	0x1f3
 242 0119 00       		.byte	0
 243 011a 0D       		.uleb128 0xd
 244 011b 70000000 		.4byte	.LASF20
 245 011f 01       		.byte	0x1
 246 0120 10       		.byte	0x10
 247 0121 09010000 		.4byte	0x109
 248 0125 05       		.uleb128 0x5
 249 0126 03       		.byte	0x3
 250 0127 00000000 		.4byte	text
 251 012b 00       		.byte	0
 252              		.section	.debug_abbrev,"",%progbits
ARM GAS  C:\Users\Tomas\AppData\Local\Temp\ccLJcL1e.s 			page 6


 253              	.Ldebug_abbrev0:
 254 0000 01       		.uleb128 0x1
 255 0001 11       		.uleb128 0x11
 256 0002 01       		.byte	0x1
 257 0003 25       		.uleb128 0x25
 258 0004 0E       		.uleb128 0xe
 259 0005 13       		.uleb128 0x13
 260 0006 0B       		.uleb128 0xb
 261 0007 03       		.uleb128 0x3
 262 0008 0E       		.uleb128 0xe
 263 0009 1B       		.uleb128 0x1b
 264 000a 0E       		.uleb128 0xe
 265 000b 55       		.uleb128 0x55
 266 000c 17       		.uleb128 0x17
 267 000d 11       		.uleb128 0x11
 268 000e 01       		.uleb128 0x1
 269 000f 10       		.uleb128 0x10
 270 0010 17       		.uleb128 0x17
 271 0011 00       		.byte	0
 272 0012 00       		.byte	0
 273 0013 02       		.uleb128 0x2
 274 0014 24       		.uleb128 0x24
 275 0015 00       		.byte	0
 276 0016 0B       		.uleb128 0xb
 277 0017 0B       		.uleb128 0xb
 278 0018 3E       		.uleb128 0x3e
 279 0019 0B       		.uleb128 0xb
 280 001a 03       		.uleb128 0x3
 281 001b 0E       		.uleb128 0xe
 282 001c 00       		.byte	0
 283 001d 00       		.byte	0
 284 001e 03       		.uleb128 0x3
 285 001f 16       		.uleb128 0x16
 286 0020 00       		.byte	0
 287 0021 03       		.uleb128 0x3
 288 0022 0E       		.uleb128 0xe
 289 0023 3A       		.uleb128 0x3a
 290 0024 0B       		.uleb128 0xb
 291 0025 3B       		.uleb128 0x3b
 292 0026 0B       		.uleb128 0xb
 293 0027 49       		.uleb128 0x49
 294 0028 13       		.uleb128 0x13
 295 0029 00       		.byte	0
 296 002a 00       		.byte	0
 297 002b 04       		.uleb128 0x4
 298 002c 24       		.uleb128 0x24
 299 002d 00       		.byte	0
 300 002e 0B       		.uleb128 0xb
 301 002f 0B       		.uleb128 0xb
 302 0030 3E       		.uleb128 0x3e
 303 0031 0B       		.uleb128 0xb
 304 0032 03       		.uleb128 0x3
 305 0033 08       		.uleb128 0x8
 306 0034 00       		.byte	0
 307 0035 00       		.byte	0
 308 0036 05       		.uleb128 0x5
 309 0037 0F       		.uleb128 0xf
ARM GAS  C:\Users\Tomas\AppData\Local\Temp\ccLJcL1e.s 			page 7


 310 0038 00       		.byte	0
 311 0039 0B       		.uleb128 0xb
 312 003a 0B       		.uleb128 0xb
 313 003b 49       		.uleb128 0x49
 314 003c 13       		.uleb128 0x13
 315 003d 00       		.byte	0
 316 003e 00       		.byte	0
 317 003f 06       		.uleb128 0x6
 318 0040 2E       		.uleb128 0x2e
 319 0041 01       		.byte	0x1
 320 0042 3F       		.uleb128 0x3f
 321 0043 19       		.uleb128 0x19
 322 0044 03       		.uleb128 0x3
 323 0045 0E       		.uleb128 0xe
 324 0046 3A       		.uleb128 0x3a
 325 0047 0B       		.uleb128 0xb
 326 0048 3B       		.uleb128 0x3b
 327 0049 0B       		.uleb128 0xb
 328 004a 27       		.uleb128 0x27
 329 004b 19       		.uleb128 0x19
 330 004c 11       		.uleb128 0x11
 331 004d 01       		.uleb128 0x1
 332 004e 12       		.uleb128 0x12
 333 004f 06       		.uleb128 0x6
 334 0050 40       		.uleb128 0x40
 335 0051 18       		.uleb128 0x18
 336 0052 9642     		.uleb128 0x2116
 337 0054 19       		.uleb128 0x19
 338 0055 01       		.uleb128 0x1
 339 0056 13       		.uleb128 0x13
 340 0057 00       		.byte	0
 341 0058 00       		.byte	0
 342 0059 07       		.uleb128 0x7
 343 005a 05       		.uleb128 0x5
 344 005b 00       		.byte	0
 345 005c 03       		.uleb128 0x3
 346 005d 0E       		.uleb128 0xe
 347 005e 3A       		.uleb128 0x3a
 348 005f 0B       		.uleb128 0xb
 349 0060 3B       		.uleb128 0x3b
 350 0061 0B       		.uleb128 0xb
 351 0062 49       		.uleb128 0x49
 352 0063 13       		.uleb128 0x13
 353 0064 02       		.uleb128 0x2
 354 0065 18       		.uleb128 0x18
 355 0066 00       		.byte	0
 356 0067 00       		.byte	0
 357 0068 08       		.uleb128 0x8
 358 0069 05       		.uleb128 0x5
 359 006a 00       		.byte	0
 360 006b 03       		.uleb128 0x3
 361 006c 08       		.uleb128 0x8
 362 006d 3A       		.uleb128 0x3a
 363 006e 0B       		.uleb128 0xb
 364 006f 3B       		.uleb128 0x3b
 365 0070 0B       		.uleb128 0xb
 366 0071 49       		.uleb128 0x49
ARM GAS  C:\Users\Tomas\AppData\Local\Temp\ccLJcL1e.s 			page 8


 367 0072 13       		.uleb128 0x13
 368 0073 02       		.uleb128 0x2
 369 0074 18       		.uleb128 0x18
 370 0075 00       		.byte	0
 371 0076 00       		.byte	0
 372 0077 09       		.uleb128 0x9
 373 0078 34       		.uleb128 0x34
 374 0079 00       		.byte	0
 375 007a 03       		.uleb128 0x3
 376 007b 0E       		.uleb128 0xe
 377 007c 3A       		.uleb128 0x3a
 378 007d 0B       		.uleb128 0xb
 379 007e 3B       		.uleb128 0x3b
 380 007f 05       		.uleb128 0x5
 381 0080 49       		.uleb128 0x49
 382 0081 13       		.uleb128 0x13
 383 0082 3F       		.uleb128 0x3f
 384 0083 19       		.uleb128 0x19
 385 0084 3C       		.uleb128 0x3c
 386 0085 19       		.uleb128 0x19
 387 0086 00       		.byte	0
 388 0087 00       		.byte	0
 389 0088 0A       		.uleb128 0xa
 390 0089 35       		.uleb128 0x35
 391 008a 00       		.byte	0
 392 008b 49       		.uleb128 0x49
 393 008c 13       		.uleb128 0x13
 394 008d 00       		.byte	0
 395 008e 00       		.byte	0
 396 008f 0B       		.uleb128 0xb
 397 0090 01       		.uleb128 0x1
 398 0091 01       		.byte	0x1
 399 0092 49       		.uleb128 0x49
 400 0093 13       		.uleb128 0x13
 401 0094 01       		.uleb128 0x1
 402 0095 13       		.uleb128 0x13
 403 0096 00       		.byte	0
 404 0097 00       		.byte	0
 405 0098 0C       		.uleb128 0xc
 406 0099 21       		.uleb128 0x21
 407 009a 00       		.byte	0
 408 009b 49       		.uleb128 0x49
 409 009c 13       		.uleb128 0x13
 410 009d 2F       		.uleb128 0x2f
 411 009e 05       		.uleb128 0x5
 412 009f 00       		.byte	0
 413 00a0 00       		.byte	0
 414 00a1 0D       		.uleb128 0xd
 415 00a2 34       		.uleb128 0x34
 416 00a3 00       		.byte	0
 417 00a4 03       		.uleb128 0x3
 418 00a5 0E       		.uleb128 0xe
 419 00a6 3A       		.uleb128 0x3a
 420 00a7 0B       		.uleb128 0xb
 421 00a8 3B       		.uleb128 0x3b
 422 00a9 0B       		.uleb128 0xb
 423 00aa 49       		.uleb128 0x49
ARM GAS  C:\Users\Tomas\AppData\Local\Temp\ccLJcL1e.s 			page 9


 424 00ab 13       		.uleb128 0x13
 425 00ac 3F       		.uleb128 0x3f
 426 00ad 19       		.uleb128 0x19
 427 00ae 02       		.uleb128 0x2
 428 00af 18       		.uleb128 0x18
 429 00b0 00       		.byte	0
 430 00b1 00       		.byte	0
 431 00b2 00       		.byte	0
 432              		.section	.debug_aranges,"",%progbits
 433 0000 1C000000 		.4byte	0x1c
 434 0004 0200     		.2byte	0x2
 435 0006 00000000 		.4byte	.Ldebug_info0
 436 000a 04       		.byte	0x4
 437 000b 00       		.byte	0
 438 000c 0000     		.2byte	0
 439 000e 0000     		.2byte	0
 440 0010 00000000 		.4byte	.LFB64
 441 0014 50000000 		.4byte	.LFE64-.LFB64
 442 0018 00000000 		.4byte	0
 443 001c 00000000 		.4byte	0
 444              		.section	.debug_ranges,"",%progbits
 445              	.Ldebug_ranges0:
 446 0000 00000000 		.4byte	.LFB64
 447 0004 50000000 		.4byte	.LFE64
 448 0008 00000000 		.4byte	0
 449 000c 00000000 		.4byte	0
 450              		.section	.debug_line,"",%progbits
 451              	.Ldebug_line0:
 452 0000 5B010000 		.section	.debug_str,"MS",%progbits,1
 452      02004101 
 452      00000201 
 452      FB0E0D00 
 452      01010101 
 453              	.LASF6:
 454 0000 6C6F6E67 		.ascii	"long long int\000"
 454      206C6F6E 
 454      6720696E 
 454      7400
 455              	.LASF18:
 456 000e 6C696E65 		.ascii	"line\000"
 456      00
 457              	.LASF24:
 458 0013 5F5F6173 		.ascii	"__assert__\000"
 458      73657274 
 458      5F5F00
 459              	.LASF8:
 460 001e 756E7369 		.ascii	"unsigned int\000"
 460      676E6564 
 460      20696E74 
 460      00
 461              	.LASF23:
 462 002b 453A5C5F 		.ascii	"E:\\_CODE\\PSoC Projektai\\PSoC_MIS2\\stendo_MIS.cy"
 462      434F4445 
 462      5C50536F 
 462      43205072 
 462      6F6A656B 
 463 005a 64736E00 		.ascii	"dsn\000"
ARM GAS  C:\Users\Tomas\AppData\Local\Temp\ccLJcL1e.s 			page 10


 464              	.LASF5:
 465 005e 6C6F6E67 		.ascii	"long unsigned int\000"
 465      20756E73 
 465      69676E65 
 465      6420696E 
 465      7400
 466              	.LASF20:
 467 0070 74657874 		.ascii	"text\000"
 467      00
 468              	.LASF7:
 469 0075 6C6F6E67 		.ascii	"long long unsigned int\000"
 469      206C6F6E 
 469      6720756E 
 469      7369676E 
 469      65642069 
 470              	.LASF3:
 471 008c 73686F72 		.ascii	"short unsigned int\000"
 471      7420756E 
 471      7369676E 
 471      65642069 
 471      6E7400
 472              	.LASF21:
 473 009f 474E5520 		.ascii	"GNU C11 5.4.1 20160609 (release) [ARM/embedded-5-br"
 473      43313120 
 473      352E342E 
 473      31203230 
 473      31363036 
 474 00d2 616E6368 		.ascii	"anch revision 237715] -mcpu=cortex-m3 -mthumb -g -O"
 474      20726576 
 474      6973696F 
 474      6E203233 
 474      37373135 
 475 0105 30202D66 		.ascii	"0 -ffunction-sections -ffat-lto-objects\000"
 475      66756E63 
 475      74696F6E 
 475      2D736563 
 475      74696F6E 
 476              	.LASF1:
 477 012d 756E7369 		.ascii	"unsigned char\000"
 477      676E6564 
 477      20636861 
 477      7200
 478              	.LASF13:
 479 013b 63686172 		.ascii	"char\000"
 479      00
 480              	.LASF4:
 481 0140 6C6F6E67 		.ascii	"long int\000"
 481      20696E74 
 481      00
 482              	.LASF17:
 483 0149 66696C65 		.ascii	"file\000"
 483      00
 484              	.LASF22:
 485 014e 61737365 		.ascii	"assert.c\000"
 485      72742E63 
 485      00
 486              	.LASF12:
ARM GAS  C:\Users\Tomas\AppData\Local\Temp\ccLJcL1e.s 			page 11


 487 0157 646F7562 		.ascii	"double\000"
 487      6C6500
 488              	.LASF19:
 489 015e 49544D5F 		.ascii	"ITM_RxBuffer\000"
 489      52784275 
 489      66666572 
 489      00
 490              	.LASF0:
 491 016b 7369676E 		.ascii	"signed char\000"
 491      65642063 
 491      68617200 
 492              	.LASF14:
 493 0177 6C6F6E67 		.ascii	"long double\000"
 493      20646F75 
 493      626C6500 
 494              	.LASF9:
 495 0183 5F5F696E 		.ascii	"__int32_t\000"
 495      7433325F 
 495      7400
 496              	.LASF16:
 497 018d 74657374 		.ascii	"test\000"
 497      00
 498              	.LASF11:
 499 0192 666C6F61 		.ascii	"float\000"
 499      7400
 500              	.LASF2:
 501 0198 73686F72 		.ascii	"short int\000"
 501      7420696E 
 501      7400
 502              	.LASF10:
 503 01a2 696E7433 		.ascii	"int32_t\000"
 503      325F7400 
 504              	.LASF15:
 505 01aa 73697A65 		.ascii	"sizetype\000"
 505      74797065 
 505      00
 506              		.ident	"GCC: (GNU Tools for ARM Embedded Processors) 5.4.1 20160609 (release) [ARM/embedded-5-bran
