ARM GAS  C:\Users\Tomas\AppData\Local\Temp\cc1nOARF.s 			page 1


   1              		.syntax unified
   2              		.cpu cortex-m3
   3              		.fpu softvfp
   4              		.eabi_attribute 20, 1
   5              		.eabi_attribute 21, 1
   6              		.eabi_attribute 23, 3
   7              		.eabi_attribute 24, 1
   8              		.eabi_attribute 25, 1
   9              		.eabi_attribute 26, 1
  10              		.eabi_attribute 30, 6
  11              		.eabi_attribute 34, 1
  12              		.eabi_attribute 18, 4
  13              		.thumb
  14              		.syntax unified
  15              		.file	"Timestamp_PM.c"
  16              		.text
  17              	.Ltext0:
  18              		.cfi_sections	.debug_frame
  19              		.bss
  20              		.align	2
  21              	Timestamp_backup:
  22 0000 00000000 		.space	4
  23              		.section	.text.Timestamp_SaveConfig,"ax",%progbits
  24              		.align	2
  25              		.global	Timestamp_SaveConfig
  26              		.thumb
  27              		.thumb_func
  28              		.type	Timestamp_SaveConfig, %function
  29              	Timestamp_SaveConfig:
  30              	.LFB0:
  31              		.file 1 "Generated_Source\\PSoC5\\Timestamp_PM.c"
   1:Generated_Source\PSoC5/Timestamp_PM.c **** /*******************************************************************************
   2:Generated_Source\PSoC5/Timestamp_PM.c **** * File Name: Timestamp_PM.c
   3:Generated_Source\PSoC5/Timestamp_PM.c **** * Version 2.70
   4:Generated_Source\PSoC5/Timestamp_PM.c **** *
   5:Generated_Source\PSoC5/Timestamp_PM.c **** *  Description:
   6:Generated_Source\PSoC5/Timestamp_PM.c **** *     This file provides the power management source code to API for the
   7:Generated_Source\PSoC5/Timestamp_PM.c **** *     Timer.
   8:Generated_Source\PSoC5/Timestamp_PM.c **** *
   9:Generated_Source\PSoC5/Timestamp_PM.c **** *   Note:
  10:Generated_Source\PSoC5/Timestamp_PM.c **** *     None
  11:Generated_Source\PSoC5/Timestamp_PM.c **** *
  12:Generated_Source\PSoC5/Timestamp_PM.c **** *******************************************************************************
  13:Generated_Source\PSoC5/Timestamp_PM.c **** * Copyright 2008-2014, Cypress Semiconductor Corporation.  All rights reserved.
  14:Generated_Source\PSoC5/Timestamp_PM.c **** * You may use this file only in accordance with the license, terms, conditions,
  15:Generated_Source\PSoC5/Timestamp_PM.c **** * disclaimers, and limitations in the end user license agreement accompanying
  16:Generated_Source\PSoC5/Timestamp_PM.c **** * the software package with which this file was provided.
  17:Generated_Source\PSoC5/Timestamp_PM.c **** ********************************************************************************/
  18:Generated_Source\PSoC5/Timestamp_PM.c **** 
  19:Generated_Source\PSoC5/Timestamp_PM.c **** #include "Timestamp.h"
  20:Generated_Source\PSoC5/Timestamp_PM.c **** 
  21:Generated_Source\PSoC5/Timestamp_PM.c **** static Timestamp_backupStruct Timestamp_backup;
  22:Generated_Source\PSoC5/Timestamp_PM.c **** 
  23:Generated_Source\PSoC5/Timestamp_PM.c **** 
  24:Generated_Source\PSoC5/Timestamp_PM.c **** /*******************************************************************************
  25:Generated_Source\PSoC5/Timestamp_PM.c **** * Function Name: Timestamp_SaveConfig
  26:Generated_Source\PSoC5/Timestamp_PM.c **** ********************************************************************************
ARM GAS  C:\Users\Tomas\AppData\Local\Temp\cc1nOARF.s 			page 2


  27:Generated_Source\PSoC5/Timestamp_PM.c **** *
  28:Generated_Source\PSoC5/Timestamp_PM.c **** * Summary:
  29:Generated_Source\PSoC5/Timestamp_PM.c **** *     Save the current user configuration
  30:Generated_Source\PSoC5/Timestamp_PM.c **** *
  31:Generated_Source\PSoC5/Timestamp_PM.c **** * Parameters:
  32:Generated_Source\PSoC5/Timestamp_PM.c **** *  void
  33:Generated_Source\PSoC5/Timestamp_PM.c **** *
  34:Generated_Source\PSoC5/Timestamp_PM.c **** * Return:
  35:Generated_Source\PSoC5/Timestamp_PM.c **** *  void
  36:Generated_Source\PSoC5/Timestamp_PM.c **** *
  37:Generated_Source\PSoC5/Timestamp_PM.c **** * Global variables:
  38:Generated_Source\PSoC5/Timestamp_PM.c **** *  Timestamp_backup:  Variables of this global structure are modified to
  39:Generated_Source\PSoC5/Timestamp_PM.c **** *  store the values of non retention configuration registers when Sleep() API is
  40:Generated_Source\PSoC5/Timestamp_PM.c **** *  called.
  41:Generated_Source\PSoC5/Timestamp_PM.c **** *
  42:Generated_Source\PSoC5/Timestamp_PM.c **** *******************************************************************************/
  43:Generated_Source\PSoC5/Timestamp_PM.c **** void Timestamp_SaveConfig(void) 
  44:Generated_Source\PSoC5/Timestamp_PM.c **** {
  32              		.loc 1 44 0
  33              		.cfi_startproc
  34              		@ args = 0, pretend = 0, frame = 0
  35              		@ frame_needed = 1, uses_anonymous_args = 0
  36 0000 80B5     		push	{r7, lr}
  37              		.cfi_def_cfa_offset 8
  38              		.cfi_offset 7, -8
  39              		.cfi_offset 14, -4
  40 0002 00AF     		add	r7, sp, #0
  41              		.cfi_def_cfa_register 7
  45:Generated_Source\PSoC5/Timestamp_PM.c ****     #if (!Timestamp_UsingFixedFunction)
  46:Generated_Source\PSoC5/Timestamp_PM.c ****         Timestamp_backup.TimerUdb = Timestamp_ReadCounter();
  42              		.loc 1 46 0
  43 0004 FFF7FEFF 		bl	Timestamp_ReadCounter
  44 0008 0346     		mov	r3, r0
  45 000a 1A46     		mov	r2, r3
  46 000c 074B     		ldr	r3, .L2
  47 000e 5A70     		strb	r2, [r3, #1]
  47:Generated_Source\PSoC5/Timestamp_PM.c ****         Timestamp_backup.InterruptMaskValue = Timestamp_STATUS_MASK;
  48              		.loc 1 47 0
  49 0010 074B     		ldr	r3, .L2+4
  50 0012 1B78     		ldrb	r3, [r3]
  51 0014 DAB2     		uxtb	r2, r3
  52 0016 054B     		ldr	r3, .L2
  53 0018 9A70     		strb	r2, [r3, #2]
  48:Generated_Source\PSoC5/Timestamp_PM.c ****         #if (Timestamp_UsingHWCaptureCounter)
  49:Generated_Source\PSoC5/Timestamp_PM.c ****             Timestamp_backup.TimerCaptureCounter = Timestamp_ReadCaptureCount();
  50:Generated_Source\PSoC5/Timestamp_PM.c ****         #endif /* Back Up capture counter register  */
  51:Generated_Source\PSoC5/Timestamp_PM.c **** 
  52:Generated_Source\PSoC5/Timestamp_PM.c ****         #if(!Timestamp_UDB_CONTROL_REG_REMOVED)
  53:Generated_Source\PSoC5/Timestamp_PM.c ****             Timestamp_backup.TimerControlRegister = Timestamp_ReadControlRegister();
  54              		.loc 1 53 0
  55 001a FFF7FEFF 		bl	Timestamp_ReadControlRegister
  56 001e 0346     		mov	r3, r0
  57 0020 1A46     		mov	r2, r3
  58 0022 024B     		ldr	r3, .L2
  59 0024 DA70     		strb	r2, [r3, #3]
  54:Generated_Source\PSoC5/Timestamp_PM.c ****         #endif /* Backup the enable state of the Timer component */
  55:Generated_Source\PSoC5/Timestamp_PM.c ****     #endif /* Backup non retention registers in UDB implementation. All fixed function registers ar
ARM GAS  C:\Users\Tomas\AppData\Local\Temp\cc1nOARF.s 			page 3


  56:Generated_Source\PSoC5/Timestamp_PM.c **** }
  60              		.loc 1 56 0
  61 0026 00BF     		nop
  62 0028 80BD     		pop	{r7, pc}
  63              	.L3:
  64 002a 00BF     		.align	2
  65              	.L2:
  66 002c 00000000 		.word	Timestamp_backup
  67 0030 89650040 		.word	1073767817
  68              		.cfi_endproc
  69              	.LFE0:
  70              		.size	Timestamp_SaveConfig, .-Timestamp_SaveConfig
  71              		.section	.text.Timestamp_RestoreConfig,"ax",%progbits
  72              		.align	2
  73              		.global	Timestamp_RestoreConfig
  74              		.thumb
  75              		.thumb_func
  76              		.type	Timestamp_RestoreConfig, %function
  77              	Timestamp_RestoreConfig:
  78              	.LFB1:
  57:Generated_Source\PSoC5/Timestamp_PM.c **** 
  58:Generated_Source\PSoC5/Timestamp_PM.c **** 
  59:Generated_Source\PSoC5/Timestamp_PM.c **** /*******************************************************************************
  60:Generated_Source\PSoC5/Timestamp_PM.c **** * Function Name: Timestamp_RestoreConfig
  61:Generated_Source\PSoC5/Timestamp_PM.c **** ********************************************************************************
  62:Generated_Source\PSoC5/Timestamp_PM.c **** *
  63:Generated_Source\PSoC5/Timestamp_PM.c **** * Summary:
  64:Generated_Source\PSoC5/Timestamp_PM.c **** *  Restores the current user configuration.
  65:Generated_Source\PSoC5/Timestamp_PM.c **** *
  66:Generated_Source\PSoC5/Timestamp_PM.c **** * Parameters:
  67:Generated_Source\PSoC5/Timestamp_PM.c **** *  void
  68:Generated_Source\PSoC5/Timestamp_PM.c **** *
  69:Generated_Source\PSoC5/Timestamp_PM.c **** * Return:
  70:Generated_Source\PSoC5/Timestamp_PM.c **** *  void
  71:Generated_Source\PSoC5/Timestamp_PM.c **** *
  72:Generated_Source\PSoC5/Timestamp_PM.c **** * Global variables:
  73:Generated_Source\PSoC5/Timestamp_PM.c **** *  Timestamp_backup:  Variables of this global structure are used to
  74:Generated_Source\PSoC5/Timestamp_PM.c **** *  restore the values of non retention registers on wakeup from sleep mode.
  75:Generated_Source\PSoC5/Timestamp_PM.c **** *
  76:Generated_Source\PSoC5/Timestamp_PM.c **** *******************************************************************************/
  77:Generated_Source\PSoC5/Timestamp_PM.c **** void Timestamp_RestoreConfig(void) 
  78:Generated_Source\PSoC5/Timestamp_PM.c **** {   
  79              		.loc 1 78 0
  80              		.cfi_startproc
  81              		@ args = 0, pretend = 0, frame = 0
  82              		@ frame_needed = 1, uses_anonymous_args = 0
  83 0000 80B5     		push	{r7, lr}
  84              		.cfi_def_cfa_offset 8
  85              		.cfi_offset 7, -8
  86              		.cfi_offset 14, -4
  87 0002 00AF     		add	r7, sp, #0
  88              		.cfi_def_cfa_register 7
  79:Generated_Source\PSoC5/Timestamp_PM.c ****     #if (!Timestamp_UsingFixedFunction)
  80:Generated_Source\PSoC5/Timestamp_PM.c **** 
  81:Generated_Source\PSoC5/Timestamp_PM.c ****         Timestamp_WriteCounter(Timestamp_backup.TimerUdb);
  89              		.loc 1 81 0
  90 0004 074B     		ldr	r3, .L5
ARM GAS  C:\Users\Tomas\AppData\Local\Temp\cc1nOARF.s 			page 4


  91 0006 5B78     		ldrb	r3, [r3, #1]	@ zero_extendqisi2
  92 0008 1846     		mov	r0, r3
  93 000a FFF7FEFF 		bl	Timestamp_WriteCounter
  82:Generated_Source\PSoC5/Timestamp_PM.c ****         Timestamp_STATUS_MASK =Timestamp_backup.InterruptMaskValue;
  94              		.loc 1 82 0
  95 000e 064B     		ldr	r3, .L5+4
  96 0010 044A     		ldr	r2, .L5
  97 0012 9278     		ldrb	r2, [r2, #2]	@ zero_extendqisi2
  98 0014 1A70     		strb	r2, [r3]
  83:Generated_Source\PSoC5/Timestamp_PM.c ****         #if (Timestamp_UsingHWCaptureCounter)
  84:Generated_Source\PSoC5/Timestamp_PM.c ****             Timestamp_SetCaptureCount(Timestamp_backup.TimerCaptureCounter);
  85:Generated_Source\PSoC5/Timestamp_PM.c ****         #endif /* Restore Capture counter register*/
  86:Generated_Source\PSoC5/Timestamp_PM.c **** 
  87:Generated_Source\PSoC5/Timestamp_PM.c ****         #if(!Timestamp_UDB_CONTROL_REG_REMOVED)
  88:Generated_Source\PSoC5/Timestamp_PM.c ****             Timestamp_WriteControlRegister(Timestamp_backup.TimerControlRegister);
  99              		.loc 1 88 0
 100 0016 034B     		ldr	r3, .L5
 101 0018 DB78     		ldrb	r3, [r3, #3]	@ zero_extendqisi2
 102 001a 1846     		mov	r0, r3
 103 001c FFF7FEFF 		bl	Timestamp_WriteControlRegister
  89:Generated_Source\PSoC5/Timestamp_PM.c ****         #endif /* Restore the enable state of the Timer component */
  90:Generated_Source\PSoC5/Timestamp_PM.c ****     #endif /* Restore non retention registers in the UDB implementation only */
  91:Generated_Source\PSoC5/Timestamp_PM.c **** }
 104              		.loc 1 91 0
 105 0020 00BF     		nop
 106 0022 80BD     		pop	{r7, pc}
 107              	.L6:
 108              		.align	2
 109              	.L5:
 110 0024 00000000 		.word	Timestamp_backup
 111 0028 89650040 		.word	1073767817
 112              		.cfi_endproc
 113              	.LFE1:
 114              		.size	Timestamp_RestoreConfig, .-Timestamp_RestoreConfig
 115              		.section	.text.Timestamp_Sleep,"ax",%progbits
 116              		.align	2
 117              		.global	Timestamp_Sleep
 118              		.thumb
 119              		.thumb_func
 120              		.type	Timestamp_Sleep, %function
 121              	Timestamp_Sleep:
 122              	.LFB2:
  92:Generated_Source\PSoC5/Timestamp_PM.c **** 
  93:Generated_Source\PSoC5/Timestamp_PM.c **** 
  94:Generated_Source\PSoC5/Timestamp_PM.c **** /*******************************************************************************
  95:Generated_Source\PSoC5/Timestamp_PM.c **** * Function Name: Timestamp_Sleep
  96:Generated_Source\PSoC5/Timestamp_PM.c **** ********************************************************************************
  97:Generated_Source\PSoC5/Timestamp_PM.c **** *
  98:Generated_Source\PSoC5/Timestamp_PM.c **** * Summary:
  99:Generated_Source\PSoC5/Timestamp_PM.c **** *     Stop and Save the user configuration
 100:Generated_Source\PSoC5/Timestamp_PM.c **** *
 101:Generated_Source\PSoC5/Timestamp_PM.c **** * Parameters:
 102:Generated_Source\PSoC5/Timestamp_PM.c **** *  void
 103:Generated_Source\PSoC5/Timestamp_PM.c **** *
 104:Generated_Source\PSoC5/Timestamp_PM.c **** * Return:
 105:Generated_Source\PSoC5/Timestamp_PM.c **** *  void
 106:Generated_Source\PSoC5/Timestamp_PM.c **** *
ARM GAS  C:\Users\Tomas\AppData\Local\Temp\cc1nOARF.s 			page 5


 107:Generated_Source\PSoC5/Timestamp_PM.c **** * Global variables:
 108:Generated_Source\PSoC5/Timestamp_PM.c **** *  Timestamp_backup.TimerEnableState:  Is modified depending on the
 109:Generated_Source\PSoC5/Timestamp_PM.c **** *  enable state of the block before entering sleep mode.
 110:Generated_Source\PSoC5/Timestamp_PM.c **** *
 111:Generated_Source\PSoC5/Timestamp_PM.c **** *******************************************************************************/
 112:Generated_Source\PSoC5/Timestamp_PM.c **** void Timestamp_Sleep(void) 
 113:Generated_Source\PSoC5/Timestamp_PM.c **** {
 123              		.loc 1 113 0
 124              		.cfi_startproc
 125              		@ args = 0, pretend = 0, frame = 0
 126              		@ frame_needed = 1, uses_anonymous_args = 0
 127 0000 80B5     		push	{r7, lr}
 128              		.cfi_def_cfa_offset 8
 129              		.cfi_offset 7, -8
 130              		.cfi_offset 14, -4
 131 0002 00AF     		add	r7, sp, #0
 132              		.cfi_def_cfa_register 7
 114:Generated_Source\PSoC5/Timestamp_PM.c ****     #if(!Timestamp_UDB_CONTROL_REG_REMOVED)
 115:Generated_Source\PSoC5/Timestamp_PM.c ****         /* Save Counter's enable state */
 116:Generated_Source\PSoC5/Timestamp_PM.c ****         if(Timestamp_CTRL_ENABLE == (Timestamp_CONTROL & Timestamp_CTRL_ENABLE))
 133              		.loc 1 116 0
 134 0004 094B     		ldr	r3, .L10
 135 0006 1B78     		ldrb	r3, [r3]
 136 0008 DBB2     		uxtb	r3, r3
 137 000a 5BB2     		sxtb	r3, r3
 138 000c 002B     		cmp	r3, #0
 139 000e 03DA     		bge	.L8
 117:Generated_Source\PSoC5/Timestamp_PM.c ****         {
 118:Generated_Source\PSoC5/Timestamp_PM.c ****             /* Timer is enabled */
 119:Generated_Source\PSoC5/Timestamp_PM.c ****             Timestamp_backup.TimerEnableState = 1u;
 140              		.loc 1 119 0
 141 0010 074B     		ldr	r3, .L10+4
 142 0012 0122     		movs	r2, #1
 143 0014 1A70     		strb	r2, [r3]
 144 0016 02E0     		b	.L9
 145              	.L8:
 120:Generated_Source\PSoC5/Timestamp_PM.c ****         }
 121:Generated_Source\PSoC5/Timestamp_PM.c ****         else
 122:Generated_Source\PSoC5/Timestamp_PM.c ****         {
 123:Generated_Source\PSoC5/Timestamp_PM.c ****             /* Timer is disabled */
 124:Generated_Source\PSoC5/Timestamp_PM.c ****             Timestamp_backup.TimerEnableState = 0u;
 146              		.loc 1 124 0
 147 0018 054B     		ldr	r3, .L10+4
 148 001a 0022     		movs	r2, #0
 149 001c 1A70     		strb	r2, [r3]
 150              	.L9:
 125:Generated_Source\PSoC5/Timestamp_PM.c ****         }
 126:Generated_Source\PSoC5/Timestamp_PM.c ****     #endif /* Back up enable state from the Timer control register */
 127:Generated_Source\PSoC5/Timestamp_PM.c ****     Timestamp_Stop();
 151              		.loc 1 127 0
 152 001e FFF7FEFF 		bl	Timestamp_Stop
 128:Generated_Source\PSoC5/Timestamp_PM.c ****     Timestamp_SaveConfig();
 153              		.loc 1 128 0
 154 0022 FFF7FEFF 		bl	Timestamp_SaveConfig
 129:Generated_Source\PSoC5/Timestamp_PM.c **** }
 155              		.loc 1 129 0
 156 0026 00BF     		nop
ARM GAS  C:\Users\Tomas\AppData\Local\Temp\cc1nOARF.s 			page 6


 157 0028 80BD     		pop	{r7, pc}
 158              	.L11:
 159 002a 00BF     		.align	2
 160              	.L10:
 161 002c 79650040 		.word	1073767801
 162 0030 00000000 		.word	Timestamp_backup
 163              		.cfi_endproc
 164              	.LFE2:
 165              		.size	Timestamp_Sleep, .-Timestamp_Sleep
 166              		.section	.text.Timestamp_Wakeup,"ax",%progbits
 167              		.align	2
 168              		.global	Timestamp_Wakeup
 169              		.thumb
 170              		.thumb_func
 171              		.type	Timestamp_Wakeup, %function
 172              	Timestamp_Wakeup:
 173              	.LFB3:
 130:Generated_Source\PSoC5/Timestamp_PM.c **** 
 131:Generated_Source\PSoC5/Timestamp_PM.c **** 
 132:Generated_Source\PSoC5/Timestamp_PM.c **** /*******************************************************************************
 133:Generated_Source\PSoC5/Timestamp_PM.c **** * Function Name: Timestamp_Wakeup
 134:Generated_Source\PSoC5/Timestamp_PM.c **** ********************************************************************************
 135:Generated_Source\PSoC5/Timestamp_PM.c **** *
 136:Generated_Source\PSoC5/Timestamp_PM.c **** * Summary:
 137:Generated_Source\PSoC5/Timestamp_PM.c **** *  Restores and enables the user configuration
 138:Generated_Source\PSoC5/Timestamp_PM.c **** *
 139:Generated_Source\PSoC5/Timestamp_PM.c **** * Parameters:
 140:Generated_Source\PSoC5/Timestamp_PM.c **** *  void
 141:Generated_Source\PSoC5/Timestamp_PM.c **** *
 142:Generated_Source\PSoC5/Timestamp_PM.c **** * Return:
 143:Generated_Source\PSoC5/Timestamp_PM.c **** *  void
 144:Generated_Source\PSoC5/Timestamp_PM.c **** *
 145:Generated_Source\PSoC5/Timestamp_PM.c **** * Global variables:
 146:Generated_Source\PSoC5/Timestamp_PM.c **** *  Timestamp_backup.enableState:  Is used to restore the enable state of
 147:Generated_Source\PSoC5/Timestamp_PM.c **** *  block on wakeup from sleep mode.
 148:Generated_Source\PSoC5/Timestamp_PM.c **** *
 149:Generated_Source\PSoC5/Timestamp_PM.c **** *******************************************************************************/
 150:Generated_Source\PSoC5/Timestamp_PM.c **** void Timestamp_Wakeup(void) 
 151:Generated_Source\PSoC5/Timestamp_PM.c **** {
 174              		.loc 1 151 0
 175              		.cfi_startproc
 176              		@ args = 0, pretend = 0, frame = 0
 177              		@ frame_needed = 1, uses_anonymous_args = 0
 178 0000 80B5     		push	{r7, lr}
 179              		.cfi_def_cfa_offset 8
 180              		.cfi_offset 7, -8
 181              		.cfi_offset 14, -4
 182 0002 00AF     		add	r7, sp, #0
 183              		.cfi_def_cfa_register 7
 152:Generated_Source\PSoC5/Timestamp_PM.c ****     Timestamp_RestoreConfig();
 184              		.loc 1 152 0
 185 0004 FFF7FEFF 		bl	Timestamp_RestoreConfig
 153:Generated_Source\PSoC5/Timestamp_PM.c ****     #if(!Timestamp_UDB_CONTROL_REG_REMOVED)
 154:Generated_Source\PSoC5/Timestamp_PM.c ****         if(Timestamp_backup.TimerEnableState == 1u)
 186              		.loc 1 154 0
 187 0008 034B     		ldr	r3, .L15
 188 000a 1B78     		ldrb	r3, [r3]	@ zero_extendqisi2
ARM GAS  C:\Users\Tomas\AppData\Local\Temp\cc1nOARF.s 			page 7


 189 000c 012B     		cmp	r3, #1
 190 000e 01D1     		bne	.L14
 155:Generated_Source\PSoC5/Timestamp_PM.c ****         {     /* Enable Timer's operation */
 156:Generated_Source\PSoC5/Timestamp_PM.c ****                 Timestamp_Enable();
 191              		.loc 1 156 0
 192 0010 FFF7FEFF 		bl	Timestamp_Enable
 193              	.L14:
 157:Generated_Source\PSoC5/Timestamp_PM.c ****         } /* Do nothing if Timer was disabled before */
 158:Generated_Source\PSoC5/Timestamp_PM.c ****     #endif /* Remove this code section if Control register is removed */
 159:Generated_Source\PSoC5/Timestamp_PM.c **** }
 194              		.loc 1 159 0
 195 0014 00BF     		nop
 196 0016 80BD     		pop	{r7, pc}
 197              	.L16:
 198              		.align	2
 199              	.L15:
 200 0018 00000000 		.word	Timestamp_backup
 201              		.cfi_endproc
 202              	.LFE3:
 203              		.size	Timestamp_Wakeup, .-Timestamp_Wakeup
 204              		.text
 205              	.Letext0:
 206              		.file 2 "Generated_Source\\PSoC5\\cytypes.h"
 207              		.file 3 "Generated_Source\\PSoC5\\Timestamp.h"
 208              		.section	.debug_info,"",%progbits
 209              	.Ldebug_info0:
 210 0000 41010000 		.4byte	0x141
 211 0004 0400     		.2byte	0x4
 212 0006 00000000 		.4byte	.Ldebug_abbrev0
 213 000a 04       		.byte	0x4
 214 000b 01       		.uleb128 0x1
 215 000c B7000000 		.4byte	.LASF25
 216 0010 0C       		.byte	0xc
 217 0011 7A000000 		.4byte	.LASF26
 218 0015 BD010000 		.4byte	.LASF27
 219 0019 00000000 		.4byte	.Ldebug_ranges0+0
 220 001d 00000000 		.4byte	0
 221 0021 00000000 		.4byte	.Ldebug_line0
 222 0025 02       		.uleb128 0x2
 223 0026 01       		.byte	0x1
 224 0027 06       		.byte	0x6
 225 0028 B1010000 		.4byte	.LASF0
 226 002c 02       		.uleb128 0x2
 227 002d 01       		.byte	0x1
 228 002e 08       		.byte	0x8
 229 002f 45010000 		.4byte	.LASF1
 230 0033 02       		.uleb128 0x2
 231 0034 02       		.byte	0x2
 232 0035 05       		.byte	0x5
 233 0036 59000000 		.4byte	.LASF2
 234 003a 02       		.uleb128 0x2
 235 003b 02       		.byte	0x2
 236 003c 07       		.byte	0x7
 237 003d 9E010000 		.4byte	.LASF3
 238 0041 02       		.uleb128 0x2
 239 0042 04       		.byte	0x4
 240 0043 05       		.byte	0x5
ARM GAS  C:\Users\Tomas\AppData\Local\Temp\cc1nOARF.s 			page 8


 241 0044 68010000 		.4byte	.LASF4
 242 0048 02       		.uleb128 0x2
 243 0049 04       		.byte	0x4
 244 004a 07       		.byte	0x7
 245 004b 47000000 		.4byte	.LASF5
 246 004f 02       		.uleb128 0x2
 247 0050 08       		.byte	0x8
 248 0051 05       		.byte	0x5
 249 0052 00000000 		.4byte	.LASF6
 250 0056 02       		.uleb128 0x2
 251 0057 08       		.byte	0x8
 252 0058 07       		.byte	0x7
 253 0059 63000000 		.4byte	.LASF7
 254 005d 03       		.uleb128 0x3
 255 005e 04       		.byte	0x4
 256 005f 05       		.byte	0x5
 257 0060 696E7400 		.ascii	"int\000"
 258 0064 02       		.uleb128 0x2
 259 0065 04       		.byte	0x4
 260 0066 07       		.byte	0x7
 261 0067 0E000000 		.4byte	.LASF8
 262 006b 04       		.uleb128 0x4
 263 006c 41000000 		.4byte	.LASF12
 264 0070 02       		.byte	0x2
 265 0071 9201     		.2byte	0x192
 266 0073 2C000000 		.4byte	0x2c
 267 0077 02       		.uleb128 0x2
 268 0078 04       		.byte	0x4
 269 0079 04       		.byte	0x4
 270 007a A0000000 		.4byte	.LASF9
 271 007e 02       		.uleb128 0x2
 272 007f 08       		.byte	0x8
 273 0080 04       		.byte	0x4
 274 0081 82010000 		.4byte	.LASF10
 275 0085 02       		.uleb128 0x2
 276 0086 01       		.byte	0x1
 277 0087 08       		.byte	0x8
 278 0088 53010000 		.4byte	.LASF11
 279 008c 04       		.uleb128 0x4
 280 008d 72020000 		.4byte	.LASF13
 281 0091 02       		.byte	0x2
 282 0092 3C02     		.2byte	0x23c
 283 0094 98000000 		.4byte	0x98
 284 0098 05       		.uleb128 0x5
 285 0099 6B000000 		.4byte	0x6b
 286 009d 02       		.uleb128 0x2
 287 009e 08       		.byte	0x8
 288 009f 04       		.byte	0x4
 289 00a0 5D020000 		.4byte	.LASF14
 290 00a4 02       		.uleb128 0x2
 291 00a5 04       		.byte	0x4
 292 00a6 07       		.byte	0x7
 293 00a7 8A020000 		.4byte	.LASF15
 294 00ab 06       		.uleb128 0x6
 295 00ac 04       		.byte	0x4
 296 00ad 03       		.byte	0x3
 297 00ae 43       		.byte	0x43
ARM GAS  C:\Users\Tomas\AppData\Local\Temp\cc1nOARF.s 			page 9


 298 00af E4000000 		.4byte	0xe4
 299 00b3 07       		.uleb128 0x7
 300 00b4 A6000000 		.4byte	.LASF16
 301 00b8 03       		.byte	0x3
 302 00b9 45       		.byte	0x45
 303 00ba 6B000000 		.4byte	0x6b
 304 00be 00       		.byte	0
 305 00bf 07       		.uleb128 0x7
 306 00c0 69020000 		.4byte	.LASF17
 307 00c4 03       		.byte	0x3
 308 00c5 48       		.byte	0x48
 309 00c6 6B000000 		.4byte	0x6b
 310 00ca 01       		.byte	0x1
 311 00cb 07       		.uleb128 0x7
 312 00cc 77020000 		.4byte	.LASF18
 313 00d0 03       		.byte	0x3
 314 00d1 49       		.byte	0x49
 315 00d2 6B000000 		.4byte	0x6b
 316 00d6 02       		.byte	0x2
 317 00d7 07       		.uleb128 0x7
 318 00d8 89010000 		.4byte	.LASF19
 319 00dc 03       		.byte	0x3
 320 00dd 4F       		.byte	0x4f
 321 00de 6B000000 		.4byte	0x6b
 322 00e2 03       		.byte	0x3
 323 00e3 00       		.byte	0
 324 00e4 08       		.uleb128 0x8
 325 00e5 46020000 		.4byte	.LASF20
 326 00e9 03       		.byte	0x3
 327 00ea 53       		.byte	0x53
 328 00eb AB000000 		.4byte	0xab
 329 00ef 09       		.uleb128 0x9
 330 00f0 1B000000 		.4byte	.LASF21
 331 00f4 01       		.byte	0x1
 332 00f5 2B       		.byte	0x2b
 333 00f6 00000000 		.4byte	.LFB0
 334 00fa 34000000 		.4byte	.LFE0-.LFB0
 335 00fe 01       		.uleb128 0x1
 336 00ff 9C       		.byte	0x9c
 337 0100 09       		.uleb128 0x9
 338 0101 2E020000 		.4byte	.LASF22
 339 0105 01       		.byte	0x1
 340 0106 4D       		.byte	0x4d
 341 0107 00000000 		.4byte	.LFB1
 342 010b 2C000000 		.4byte	.LFE1-.LFB1
 343 010f 01       		.uleb128 0x1
 344 0110 9C       		.byte	0x9c
 345 0111 09       		.uleb128 0x9
 346 0112 58010000 		.4byte	.LASF23
 347 0116 01       		.byte	0x1
 348 0117 70       		.byte	0x70
 349 0118 00000000 		.4byte	.LFB2
 350 011c 34000000 		.4byte	.LFE2-.LFB2
 351 0120 01       		.uleb128 0x1
 352 0121 9C       		.byte	0x9c
 353 0122 09       		.uleb128 0x9
 354 0123 71010000 		.4byte	.LASF24
ARM GAS  C:\Users\Tomas\AppData\Local\Temp\cc1nOARF.s 			page 10


 355 0127 01       		.byte	0x1
 356 0128 96       		.byte	0x96
 357 0129 00000000 		.4byte	.LFB3
 358 012d 1C000000 		.4byte	.LFE3-.LFB3
 359 0131 01       		.uleb128 0x1
 360 0132 9C       		.byte	0x9c
 361 0133 0A       		.uleb128 0xa
 362 0134 30000000 		.4byte	.LASF28
 363 0138 01       		.byte	0x1
 364 0139 15       		.byte	0x15
 365 013a E4000000 		.4byte	0xe4
 366 013e 05       		.uleb128 0x5
 367 013f 03       		.byte	0x3
 368 0140 00000000 		.4byte	Timestamp_backup
 369 0144 00       		.byte	0
 370              		.section	.debug_abbrev,"",%progbits
 371              	.Ldebug_abbrev0:
 372 0000 01       		.uleb128 0x1
 373 0001 11       		.uleb128 0x11
 374 0002 01       		.byte	0x1
 375 0003 25       		.uleb128 0x25
 376 0004 0E       		.uleb128 0xe
 377 0005 13       		.uleb128 0x13
 378 0006 0B       		.uleb128 0xb
 379 0007 03       		.uleb128 0x3
 380 0008 0E       		.uleb128 0xe
 381 0009 1B       		.uleb128 0x1b
 382 000a 0E       		.uleb128 0xe
 383 000b 55       		.uleb128 0x55
 384 000c 17       		.uleb128 0x17
 385 000d 11       		.uleb128 0x11
 386 000e 01       		.uleb128 0x1
 387 000f 10       		.uleb128 0x10
 388 0010 17       		.uleb128 0x17
 389 0011 00       		.byte	0
 390 0012 00       		.byte	0
 391 0013 02       		.uleb128 0x2
 392 0014 24       		.uleb128 0x24
 393 0015 00       		.byte	0
 394 0016 0B       		.uleb128 0xb
 395 0017 0B       		.uleb128 0xb
 396 0018 3E       		.uleb128 0x3e
 397 0019 0B       		.uleb128 0xb
 398 001a 03       		.uleb128 0x3
 399 001b 0E       		.uleb128 0xe
 400 001c 00       		.byte	0
 401 001d 00       		.byte	0
 402 001e 03       		.uleb128 0x3
 403 001f 24       		.uleb128 0x24
 404 0020 00       		.byte	0
 405 0021 0B       		.uleb128 0xb
 406 0022 0B       		.uleb128 0xb
 407 0023 3E       		.uleb128 0x3e
 408 0024 0B       		.uleb128 0xb
 409 0025 03       		.uleb128 0x3
 410 0026 08       		.uleb128 0x8
 411 0027 00       		.byte	0
ARM GAS  C:\Users\Tomas\AppData\Local\Temp\cc1nOARF.s 			page 11


 412 0028 00       		.byte	0
 413 0029 04       		.uleb128 0x4
 414 002a 16       		.uleb128 0x16
 415 002b 00       		.byte	0
 416 002c 03       		.uleb128 0x3
 417 002d 0E       		.uleb128 0xe
 418 002e 3A       		.uleb128 0x3a
 419 002f 0B       		.uleb128 0xb
 420 0030 3B       		.uleb128 0x3b
 421 0031 05       		.uleb128 0x5
 422 0032 49       		.uleb128 0x49
 423 0033 13       		.uleb128 0x13
 424 0034 00       		.byte	0
 425 0035 00       		.byte	0
 426 0036 05       		.uleb128 0x5
 427 0037 35       		.uleb128 0x35
 428 0038 00       		.byte	0
 429 0039 49       		.uleb128 0x49
 430 003a 13       		.uleb128 0x13
 431 003b 00       		.byte	0
 432 003c 00       		.byte	0
 433 003d 06       		.uleb128 0x6
 434 003e 13       		.uleb128 0x13
 435 003f 01       		.byte	0x1
 436 0040 0B       		.uleb128 0xb
 437 0041 0B       		.uleb128 0xb
 438 0042 3A       		.uleb128 0x3a
 439 0043 0B       		.uleb128 0xb
 440 0044 3B       		.uleb128 0x3b
 441 0045 0B       		.uleb128 0xb
 442 0046 01       		.uleb128 0x1
 443 0047 13       		.uleb128 0x13
 444 0048 00       		.byte	0
 445 0049 00       		.byte	0
 446 004a 07       		.uleb128 0x7
 447 004b 0D       		.uleb128 0xd
 448 004c 00       		.byte	0
 449 004d 03       		.uleb128 0x3
 450 004e 0E       		.uleb128 0xe
 451 004f 3A       		.uleb128 0x3a
 452 0050 0B       		.uleb128 0xb
 453 0051 3B       		.uleb128 0x3b
 454 0052 0B       		.uleb128 0xb
 455 0053 49       		.uleb128 0x49
 456 0054 13       		.uleb128 0x13
 457 0055 38       		.uleb128 0x38
 458 0056 0B       		.uleb128 0xb
 459 0057 00       		.byte	0
 460 0058 00       		.byte	0
 461 0059 08       		.uleb128 0x8
 462 005a 16       		.uleb128 0x16
 463 005b 00       		.byte	0
 464 005c 03       		.uleb128 0x3
 465 005d 0E       		.uleb128 0xe
 466 005e 3A       		.uleb128 0x3a
 467 005f 0B       		.uleb128 0xb
 468 0060 3B       		.uleb128 0x3b
ARM GAS  C:\Users\Tomas\AppData\Local\Temp\cc1nOARF.s 			page 12


 469 0061 0B       		.uleb128 0xb
 470 0062 49       		.uleb128 0x49
 471 0063 13       		.uleb128 0x13
 472 0064 00       		.byte	0
 473 0065 00       		.byte	0
 474 0066 09       		.uleb128 0x9
 475 0067 2E       		.uleb128 0x2e
 476 0068 00       		.byte	0
 477 0069 3F       		.uleb128 0x3f
 478 006a 19       		.uleb128 0x19
 479 006b 03       		.uleb128 0x3
 480 006c 0E       		.uleb128 0xe
 481 006d 3A       		.uleb128 0x3a
 482 006e 0B       		.uleb128 0xb
 483 006f 3B       		.uleb128 0x3b
 484 0070 0B       		.uleb128 0xb
 485 0071 27       		.uleb128 0x27
 486 0072 19       		.uleb128 0x19
 487 0073 11       		.uleb128 0x11
 488 0074 01       		.uleb128 0x1
 489 0075 12       		.uleb128 0x12
 490 0076 06       		.uleb128 0x6
 491 0077 40       		.uleb128 0x40
 492 0078 18       		.uleb128 0x18
 493 0079 9642     		.uleb128 0x2116
 494 007b 19       		.uleb128 0x19
 495 007c 00       		.byte	0
 496 007d 00       		.byte	0
 497 007e 0A       		.uleb128 0xa
 498 007f 34       		.uleb128 0x34
 499 0080 00       		.byte	0
 500 0081 03       		.uleb128 0x3
 501 0082 0E       		.uleb128 0xe
 502 0083 3A       		.uleb128 0x3a
 503 0084 0B       		.uleb128 0xb
 504 0085 3B       		.uleb128 0x3b
 505 0086 0B       		.uleb128 0xb
 506 0087 49       		.uleb128 0x49
 507 0088 13       		.uleb128 0x13
 508 0089 02       		.uleb128 0x2
 509 008a 18       		.uleb128 0x18
 510 008b 00       		.byte	0
 511 008c 00       		.byte	0
 512 008d 00       		.byte	0
 513              		.section	.debug_aranges,"",%progbits
 514 0000 34000000 		.4byte	0x34
 515 0004 0200     		.2byte	0x2
 516 0006 00000000 		.4byte	.Ldebug_info0
 517 000a 04       		.byte	0x4
 518 000b 00       		.byte	0
 519 000c 0000     		.2byte	0
 520 000e 0000     		.2byte	0
 521 0010 00000000 		.4byte	.LFB0
 522 0014 34000000 		.4byte	.LFE0-.LFB0
 523 0018 00000000 		.4byte	.LFB1
 524 001c 2C000000 		.4byte	.LFE1-.LFB1
 525 0020 00000000 		.4byte	.LFB2
ARM GAS  C:\Users\Tomas\AppData\Local\Temp\cc1nOARF.s 			page 13


 526 0024 34000000 		.4byte	.LFE2-.LFB2
 527 0028 00000000 		.4byte	.LFB3
 528 002c 1C000000 		.4byte	.LFE3-.LFB3
 529 0030 00000000 		.4byte	0
 530 0034 00000000 		.4byte	0
 531              		.section	.debug_ranges,"",%progbits
 532              	.Ldebug_ranges0:
 533 0000 00000000 		.4byte	.LFB0
 534 0004 34000000 		.4byte	.LFE0
 535 0008 00000000 		.4byte	.LFB1
 536 000c 2C000000 		.4byte	.LFE1
 537 0010 00000000 		.4byte	.LFB2
 538 0014 34000000 		.4byte	.LFE2
 539 0018 00000000 		.4byte	.LFB3
 540 001c 1C000000 		.4byte	.LFE3
 541 0020 00000000 		.4byte	0
 542 0024 00000000 		.4byte	0
 543              		.section	.debug_line,"",%progbits
 544              	.Ldebug_line0:
 545 0000 AF000000 		.section	.debug_str,"MS",%progbits,1
 545      02005800 
 545      00000201 
 545      FB0E0D00 
 545      01010101 
 546              	.LASF6:
 547 0000 6C6F6E67 		.ascii	"long long int\000"
 547      206C6F6E 
 547      6720696E 
 547      7400
 548              	.LASF8:
 549 000e 756E7369 		.ascii	"unsigned int\000"
 549      676E6564 
 549      20696E74 
 549      00
 550              	.LASF21:
 551 001b 54696D65 		.ascii	"Timestamp_SaveConfig\000"
 551      7374616D 
 551      705F5361 
 551      7665436F 
 551      6E666967 
 552              	.LASF28:
 553 0030 54696D65 		.ascii	"Timestamp_backup\000"
 553      7374616D 
 553      705F6261 
 553      636B7570 
 553      00
 554              	.LASF12:
 555 0041 75696E74 		.ascii	"uint8\000"
 555      3800
 556              	.LASF5:
 557 0047 6C6F6E67 		.ascii	"long unsigned int\000"
 557      20756E73 
 557      69676E65 
 557      6420696E 
 557      7400
 558              	.LASF2:
 559 0059 73686F72 		.ascii	"short int\000"
ARM GAS  C:\Users\Tomas\AppData\Local\Temp\cc1nOARF.s 			page 14


 559      7420696E 
 559      7400
 560              	.LASF7:
 561 0063 6C6F6E67 		.ascii	"long long unsigned int\000"
 561      206C6F6E 
 561      6720756E 
 561      7369676E 
 561      65642069 
 562              	.LASF26:
 563 007a 47656E65 		.ascii	"Generated_Source\\PSoC5\\Timestamp_PM.c\000"
 563      72617465 
 563      645F536F 
 563      75726365 
 563      5C50536F 
 564              	.LASF9:
 565 00a0 666C6F61 		.ascii	"float\000"
 565      7400
 566              	.LASF16:
 567 00a6 54696D65 		.ascii	"TimerEnableState\000"
 567      72456E61 
 567      626C6553 
 567      74617465 
 567      00
 568              	.LASF25:
 569 00b7 474E5520 		.ascii	"GNU C11 5.4.1 20160609 (release) [ARM/embedded-5-br"
 569      43313120 
 569      352E342E 
 569      31203230 
 569      31363036 
 570 00ea 616E6368 		.ascii	"anch revision 237715] -mcpu=cortex-m3 -mthumb -g -O"
 570      20726576 
 570      6973696F 
 570      6E203233 
 570      37373135 
 571 011d 30202D66 		.ascii	"0 -ffunction-sections -ffat-lto-objects\000"
 571      66756E63 
 571      74696F6E 
 571      2D736563 
 571      74696F6E 
 572              	.LASF1:
 573 0145 756E7369 		.ascii	"unsigned char\000"
 573      676E6564 
 573      20636861 
 573      7200
 574              	.LASF11:
 575 0153 63686172 		.ascii	"char\000"
 575      00
 576              	.LASF23:
 577 0158 54696D65 		.ascii	"Timestamp_Sleep\000"
 577      7374616D 
 577      705F536C 
 577      65657000 
 578              	.LASF4:
 579 0168 6C6F6E67 		.ascii	"long int\000"
 579      20696E74 
 579      00
 580              	.LASF24:
ARM GAS  C:\Users\Tomas\AppData\Local\Temp\cc1nOARF.s 			page 15


 581 0171 54696D65 		.ascii	"Timestamp_Wakeup\000"
 581      7374616D 
 581      705F5761 
 581      6B657570 
 581      00
 582              	.LASF10:
 583 0182 646F7562 		.ascii	"double\000"
 583      6C6500
 584              	.LASF19:
 585 0189 54696D65 		.ascii	"TimerControlRegister\000"
 585      72436F6E 
 585      74726F6C 
 585      52656769 
 585      73746572 
 586              	.LASF3:
 587 019e 73686F72 		.ascii	"short unsigned int\000"
 587      7420756E 
 587      7369676E 
 587      65642069 
 587      6E7400
 588              	.LASF0:
 589 01b1 7369676E 		.ascii	"signed char\000"
 589      65642063 
 589      68617200 
 590              	.LASF27:
 591 01bd 453A5C5F 		.ascii	"E:\\_Axis projektai\\workspace180601\\workspace\\mi"
 591      41786973 
 591      2070726F 
 591      6A656B74 
 591      61695C77 
 592 01ec 6E756E69 		.ascii	"nunit_arch stendo 0927\\minunit_arch\\minunit_arch\\"
 592      745F6172 
 592      63682073 
 592      74656E64 
 592      6F203039 
 593 021d 7374656E 		.ascii	"stendo_MIS.cydsn\000"
 593      646F5F4D 
 593      49532E63 
 593      7964736E 
 593      00
 594              	.LASF22:
 595 022e 54696D65 		.ascii	"Timestamp_RestoreConfig\000"
 595      7374616D 
 595      705F5265 
 595      73746F72 
 595      65436F6E 
 596              	.LASF20:
 597 0246 54696D65 		.ascii	"Timestamp_backupStruct\000"
 597      7374616D 
 597      705F6261 
 597      636B7570 
 597      53747275 
 598              	.LASF14:
 599 025d 6C6F6E67 		.ascii	"long double\000"
 599      20646F75 
 599      626C6500 
 600              	.LASF17:
ARM GAS  C:\Users\Tomas\AppData\Local\Temp\cc1nOARF.s 			page 16


 601 0269 54696D65 		.ascii	"TimerUdb\000"
 601      72556462 
 601      00
 602              	.LASF13:
 603 0272 72656738 		.ascii	"reg8\000"
 603      00
 604              	.LASF18:
 605 0277 496E7465 		.ascii	"InterruptMaskValue\000"
 605      72727570 
 605      744D6173 
 605      6B56616C 
 605      756500
 606              	.LASF15:
 607 028a 73697A65 		.ascii	"sizetype\000"
 607      74797065 
 607      00
 608              		.ident	"GCC: (GNU Tools for ARM Embedded Processors) 5.4.1 20160609 (release) [ARM/embedded-5-bran
