ARM GAS  C:\DOCUME~1\name\LOCALS~1\Temp\ccYxA67e.s 			page 1


   1              		.syntax unified
   2              		.cpu cortex-m3
   3              		.fpu softvfp
   4              		.eabi_attribute 20, 1
   5              		.eabi_attribute 21, 1
   6              		.eabi_attribute 23, 3
   7              		.eabi_attribute 24, 1
   8              		.eabi_attribute 25, 1
   9              		.eabi_attribute 26, 1
  10              		.eabi_attribute 30, 6
  11              		.eabi_attribute 34, 1
  12              		.eabi_attribute 18, 4
  13              		.thumb
  14              		.file	"assert.c"
  15              		.text
  16              	.Ltext0:
  17              		.cfi_sections	.debug_frame
  18              		.comm	text,500,4
  19              		.section	.rodata
  20              		.align	2
  21              	.LC0:
  22 0000 50415353 		.ascii	"PASSED %s, %d, %s\015\012\000"
  22      45442025 
  22      732C2025 
  22      642C2025 
  22      730D0A00 
  23              		.align	2
  24              	.LC1:
  25 0014 4641494C 		.ascii	"FAILED %s, %d, %s\015\012\000"
  25      45442025 
  25      732C2025 
  25      642C2025 
  25      730D0A00 
  26              		.section	.text.__assert__,"ax",%progbits
  27              		.align	2
  28              		.global	__assert__
  29              		.thumb
  30              		.thumb_func
  31              		.type	__assert__, %function
  32              	__assert__:
  33              	.LFB63:
  34              		.file 1 "assert.c"
   1:assert.c      **** /* ========================================
   2:assert.c      ****  *
   3:assert.c      ****  * Copyright YOUR COMPANY, THE YEAR
   4:assert.c      ****  * All Rights Reserved
   5:assert.c      ****  * UNPUBLISHED, LICENSED SOFTWARE.
   6:assert.c      ****  *
   7:assert.c      ****  * CONFIDENTIAL AND PROPRIETARY INFORMATION
   8:assert.c      ****  * WHICH IS THE PROPERTY OF your company.
   9:assert.c      ****  *
  10:assert.c      ****  * ========================================
  11:assert.c      **** */
  12:assert.c      **** #include <device.h>
  13:assert.c      **** #include "stdio.h"
  14:assert.c      **** 
  15:assert.c      **** 
ARM GAS  C:\DOCUME~1\name\LOCALS~1\Temp\ccYxA67e.s 			page 2


  16:assert.c      **** char text[500];
  17:assert.c      **** 
  18:assert.c      **** void __assert__(int test, char msg[], char file[], int line)
  19:assert.c      **** {
  35              		.loc 1 19 0
  36              		.cfi_startproc
  37              		@ args = 0, pretend = 0, frame = 16
  38              		@ frame_needed = 1, uses_anonymous_args = 0
  39 0000 80B5     		push	{r7, lr}
  40              		.cfi_def_cfa_offset 8
  41              		.cfi_offset 7, -8
  42              		.cfi_offset 14, -4
  43 0002 86B0     		sub	sp, sp, #24
  44              		.cfi_def_cfa_offset 32
  45 0004 02AF     		add	r7, sp, #8
  46              		.cfi_def_cfa 7, 24
  47 0006 F860     		str	r0, [r7, #12]
  48 0008 B960     		str	r1, [r7, #8]
  49 000a 7A60     		str	r2, [r7, #4]
  50 000c 3B60     		str	r3, [r7]
  20:assert.c      ****     if (test)
  51              		.loc 1 20 0
  52 000e FB68     		ldr	r3, [r7, #12]
  53 0010 002B     		cmp	r3, #0
  54 0012 08D0     		beq	.L2
  21:assert.c      ****        sprintf(text, "PASSED %s, %d, %s\r\n", file, line, msg);
  55              		.loc 1 21 0
  56 0014 BB68     		ldr	r3, [r7, #8]
  57 0016 0093     		str	r3, [sp]
  58 0018 0A48     		ldr	r0, .L4
  59 001a 0B49     		ldr	r1, .L4+4
  60 001c 7A68     		ldr	r2, [r7, #4]
  61 001e 3B68     		ldr	r3, [r7]
  62 0020 FFF7FEFF 		bl	sprintf
  63 0024 07E0     		b	.L3
  64              	.L2:
  22:assert.c      ****     else
  23:assert.c      ****        sprintf(text, "FAILED %s, %d, %s\r\n", file, line, msg);
  65              		.loc 1 23 0
  66 0026 BB68     		ldr	r3, [r7, #8]
  67 0028 0093     		str	r3, [sp]
  68 002a 0648     		ldr	r0, .L4
  69 002c 0749     		ldr	r1, .L4+8
  70 002e 7A68     		ldr	r2, [r7, #4]
  71 0030 3B68     		ldr	r3, [r7]
  72 0032 FFF7FEFF 		bl	sprintf
  73              	.L3:
  24:assert.c      ****     UART_1_PutString(text);
  74              		.loc 1 24 0
  75 0036 0348     		ldr	r0, .L4
  76 0038 FFF7FEFF 		bl	UART_1_PutString
  25:assert.c      **** }
  77              		.loc 1 25 0
  78 003c 1037     		adds	r7, r7, #16
  79              		.cfi_def_cfa_offset 8
  80 003e BD46     		mov	sp, r7
  81              		.cfi_def_cfa_register 13
ARM GAS  C:\DOCUME~1\name\LOCALS~1\Temp\ccYxA67e.s 			page 3


  82              		@ sp needed
  83 0040 80BD     		pop	{r7, pc}
  84              	.L5:
  85 0042 00BF     		.align	2
  86              	.L4:
  87 0044 00000000 		.word	text
  88 0048 00000000 		.word	.LC0
  89 004c 14000000 		.word	.LC1
  90              		.cfi_endproc
  91              	.LFE63:
  92              		.size	__assert__, .-__assert__
  93              		.text
  94              	.Letext0:
  95              		.file 2 "c:\\program files\\cypress\\psoc creator\\4.0\\psoc creator\\import\\gnu\\arm\\4.9.3\\arm
  96              		.file 3 "c:\\program files\\cypress\\psoc creator\\4.0\\psoc creator\\import\\gnu\\arm\\4.9.3\\arm
  97              		.file 4 "Generated_Source\\PSoC5/core_cm3.h"
  98              		.section	.debug_info,"",%progbits
  99              	.Ldebug_info0:
 100 0000 21010000 		.4byte	0x121
 101 0004 0400     		.2byte	0x4
 102 0006 00000000 		.4byte	.Ldebug_abbrev0
 103 000a 04       		.byte	0x4
 104 000b 01       		.uleb128 0x1
 105 000c 90000000 		.4byte	.LASF20
 106 0010 01       		.byte	0x1
 107 0011 23010000 		.4byte	.LASF21
 108 0015 6B010000 		.4byte	.LASF22
 109 0019 00000000 		.4byte	.Ldebug_ranges0+0
 110 001d 00000000 		.4byte	0
 111 0021 00000000 		.4byte	.Ldebug_line0
 112 0025 02       		.uleb128 0x2
 113 0026 01       		.byte	0x1
 114 0027 06       		.byte	0x6
 115 0028 40010000 		.4byte	.LASF0
 116 002c 02       		.uleb128 0x2
 117 002d 01       		.byte	0x1
 118 002e 08       		.byte	0x8
 119 002f 74000000 		.4byte	.LASF1
 120 0033 02       		.uleb128 0x2
 121 0034 02       		.byte	0x2
 122 0035 05       		.byte	0x5
 123 0036 61010000 		.4byte	.LASF2
 124 003a 02       		.uleb128 0x2
 125 003b 02       		.byte	0x2
 126 003c 07       		.byte	0x7
 127 003d 61000000 		.4byte	.LASF3
 128 0041 03       		.uleb128 0x3
 129 0042 4C010000 		.4byte	.LASF9
 130 0046 02       		.byte	0x2
 131 0047 3F       		.byte	0x3f
 132 0048 4C000000 		.4byte	0x4c
 133 004c 02       		.uleb128 0x2
 134 004d 04       		.byte	0x4
 135 004e 05       		.byte	0x5
 136 004f 87000000 		.4byte	.LASF4
 137 0053 02       		.uleb128 0x2
 138 0054 04       		.byte	0x4
ARM GAS  C:\DOCUME~1\name\LOCALS~1\Temp\ccYxA67e.s 			page 4


 139 0055 07       		.byte	0x7
 140 0056 33000000 		.4byte	.LASF5
 141 005a 02       		.uleb128 0x2
 142 005b 08       		.byte	0x8
 143 005c 05       		.byte	0x5
 144 005d 00000000 		.4byte	.LASF6
 145 0061 02       		.uleb128 0x2
 146 0062 08       		.byte	0x8
 147 0063 07       		.byte	0x7
 148 0064 4A000000 		.4byte	.LASF7
 149 0068 04       		.uleb128 0x4
 150 0069 04       		.byte	0x4
 151 006a 05       		.byte	0x5
 152 006b 696E7400 		.ascii	"int\000"
 153 006f 02       		.uleb128 0x2
 154 0070 04       		.byte	0x4
 155 0071 07       		.byte	0x7
 156 0072 1E000000 		.4byte	.LASF8
 157 0076 03       		.uleb128 0x3
 158 0077 2B000000 		.4byte	.LASF10
 159 007b 03       		.byte	0x3
 160 007c 2C       		.byte	0x2c
 161 007d 41000000 		.4byte	0x41
 162 0081 02       		.uleb128 0x2
 163 0082 04       		.byte	0x4
 164 0083 04       		.byte	0x4
 165 0084 5B010000 		.4byte	.LASF11
 166 0088 02       		.uleb128 0x2
 167 0089 08       		.byte	0x8
 168 008a 04       		.byte	0x4
 169 008b 2C010000 		.4byte	.LASF12
 170 008f 02       		.uleb128 0x2
 171 0090 01       		.byte	0x1
 172 0091 08       		.byte	0x8
 173 0092 82000000 		.4byte	.LASF13
 174 0096 02       		.uleb128 0x2
 175 0097 04       		.byte	0x4
 176 0098 07       		.byte	0x7
 177 0099 B5010000 		.4byte	.LASF14
 178 009d 05       		.uleb128 0x5
 179 009e 04       		.byte	0x4
 180 009f 8F000000 		.4byte	0x8f
 181 00a3 06       		.uleb128 0x6
 182 00a4 13000000 		.4byte	.LASF23
 183 00a8 01       		.byte	0x1
 184 00a9 12       		.byte	0x12
 185 00aa 00000000 		.4byte	.LFB63
 186 00ae 50000000 		.4byte	.LFE63-.LFB63
 187 00b2 01       		.uleb128 0x1
 188 00b3 9C       		.byte	0x9c
 189 00b4 F1000000 		.4byte	0xf1
 190 00b8 07       		.uleb128 0x7
 191 00b9 56010000 		.4byte	.LASF15
 192 00bd 01       		.byte	0x1
 193 00be 12       		.byte	0x12
 194 00bf 68000000 		.4byte	0x68
 195 00c3 02       		.uleb128 0x2
ARM GAS  C:\DOCUME~1\name\LOCALS~1\Temp\ccYxA67e.s 			page 5


 196 00c4 91       		.byte	0x91
 197 00c5 74       		.sleb128 -12
 198 00c6 08       		.uleb128 0x8
 199 00c7 6D736700 		.ascii	"msg\000"
 200 00cb 01       		.byte	0x1
 201 00cc 12       		.byte	0x12
 202 00cd 9D000000 		.4byte	0x9d
 203 00d1 02       		.uleb128 0x2
 204 00d2 91       		.byte	0x91
 205 00d3 70       		.sleb128 -16
 206 00d4 07       		.uleb128 0x7
 207 00d5 1E010000 		.4byte	.LASF16
 208 00d9 01       		.byte	0x1
 209 00da 12       		.byte	0x12
 210 00db 9D000000 		.4byte	0x9d
 211 00df 02       		.uleb128 0x2
 212 00e0 91       		.byte	0x91
 213 00e1 6C       		.sleb128 -20
 214 00e2 07       		.uleb128 0x7
 215 00e3 0E000000 		.4byte	.LASF17
 216 00e7 01       		.byte	0x1
 217 00e8 12       		.byte	0x12
 218 00e9 68000000 		.4byte	0x68
 219 00ed 02       		.uleb128 0x2
 220 00ee 91       		.byte	0x91
 221 00ef 68       		.sleb128 -24
 222 00f0 00       		.byte	0
 223 00f1 09       		.uleb128 0x9
 224 00f2 33010000 		.4byte	.LASF18
 225 00f6 04       		.byte	0x4
 226 00f7 9606     		.2byte	0x696
 227 00f9 FD000000 		.4byte	0xfd
 228 00fd 0A       		.uleb128 0xa
 229 00fe 76000000 		.4byte	0x76
 230 0102 0B       		.uleb128 0xb
 231 0103 8F000000 		.4byte	0x8f
 232 0107 13010000 		.4byte	0x113
 233 010b 0C       		.uleb128 0xc
 234 010c 96000000 		.4byte	0x96
 235 0110 F301     		.2byte	0x1f3
 236 0112 00       		.byte	0
 237 0113 0D       		.uleb128 0xd
 238 0114 45000000 		.4byte	.LASF19
 239 0118 01       		.byte	0x1
 240 0119 10       		.byte	0x10
 241 011a 02010000 		.4byte	0x102
 242 011e 05       		.uleb128 0x5
 243 011f 03       		.byte	0x3
 244 0120 00000000 		.4byte	text
 245 0124 00       		.byte	0
 246              		.section	.debug_abbrev,"",%progbits
 247              	.Ldebug_abbrev0:
 248 0000 01       		.uleb128 0x1
 249 0001 11       		.uleb128 0x11
 250 0002 01       		.byte	0x1
 251 0003 25       		.uleb128 0x25
 252 0004 0E       		.uleb128 0xe
ARM GAS  C:\DOCUME~1\name\LOCALS~1\Temp\ccYxA67e.s 			page 6


 253 0005 13       		.uleb128 0x13
 254 0006 0B       		.uleb128 0xb
 255 0007 03       		.uleb128 0x3
 256 0008 0E       		.uleb128 0xe
 257 0009 1B       		.uleb128 0x1b
 258 000a 0E       		.uleb128 0xe
 259 000b 55       		.uleb128 0x55
 260 000c 17       		.uleb128 0x17
 261 000d 11       		.uleb128 0x11
 262 000e 01       		.uleb128 0x1
 263 000f 10       		.uleb128 0x10
 264 0010 17       		.uleb128 0x17
 265 0011 00       		.byte	0
 266 0012 00       		.byte	0
 267 0013 02       		.uleb128 0x2
 268 0014 24       		.uleb128 0x24
 269 0015 00       		.byte	0
 270 0016 0B       		.uleb128 0xb
 271 0017 0B       		.uleb128 0xb
 272 0018 3E       		.uleb128 0x3e
 273 0019 0B       		.uleb128 0xb
 274 001a 03       		.uleb128 0x3
 275 001b 0E       		.uleb128 0xe
 276 001c 00       		.byte	0
 277 001d 00       		.byte	0
 278 001e 03       		.uleb128 0x3
 279 001f 16       		.uleb128 0x16
 280 0020 00       		.byte	0
 281 0021 03       		.uleb128 0x3
 282 0022 0E       		.uleb128 0xe
 283 0023 3A       		.uleb128 0x3a
 284 0024 0B       		.uleb128 0xb
 285 0025 3B       		.uleb128 0x3b
 286 0026 0B       		.uleb128 0xb
 287 0027 49       		.uleb128 0x49
 288 0028 13       		.uleb128 0x13
 289 0029 00       		.byte	0
 290 002a 00       		.byte	0
 291 002b 04       		.uleb128 0x4
 292 002c 24       		.uleb128 0x24
 293 002d 00       		.byte	0
 294 002e 0B       		.uleb128 0xb
 295 002f 0B       		.uleb128 0xb
 296 0030 3E       		.uleb128 0x3e
 297 0031 0B       		.uleb128 0xb
 298 0032 03       		.uleb128 0x3
 299 0033 08       		.uleb128 0x8
 300 0034 00       		.byte	0
 301 0035 00       		.byte	0
 302 0036 05       		.uleb128 0x5
 303 0037 0F       		.uleb128 0xf
 304 0038 00       		.byte	0
 305 0039 0B       		.uleb128 0xb
 306 003a 0B       		.uleb128 0xb
 307 003b 49       		.uleb128 0x49
 308 003c 13       		.uleb128 0x13
 309 003d 00       		.byte	0
ARM GAS  C:\DOCUME~1\name\LOCALS~1\Temp\ccYxA67e.s 			page 7


 310 003e 00       		.byte	0
 311 003f 06       		.uleb128 0x6
 312 0040 2E       		.uleb128 0x2e
 313 0041 01       		.byte	0x1
 314 0042 3F       		.uleb128 0x3f
 315 0043 19       		.uleb128 0x19
 316 0044 03       		.uleb128 0x3
 317 0045 0E       		.uleb128 0xe
 318 0046 3A       		.uleb128 0x3a
 319 0047 0B       		.uleb128 0xb
 320 0048 3B       		.uleb128 0x3b
 321 0049 0B       		.uleb128 0xb
 322 004a 27       		.uleb128 0x27
 323 004b 19       		.uleb128 0x19
 324 004c 11       		.uleb128 0x11
 325 004d 01       		.uleb128 0x1
 326 004e 12       		.uleb128 0x12
 327 004f 06       		.uleb128 0x6
 328 0050 40       		.uleb128 0x40
 329 0051 18       		.uleb128 0x18
 330 0052 9642     		.uleb128 0x2116
 331 0054 19       		.uleb128 0x19
 332 0055 01       		.uleb128 0x1
 333 0056 13       		.uleb128 0x13
 334 0057 00       		.byte	0
 335 0058 00       		.byte	0
 336 0059 07       		.uleb128 0x7
 337 005a 05       		.uleb128 0x5
 338 005b 00       		.byte	0
 339 005c 03       		.uleb128 0x3
 340 005d 0E       		.uleb128 0xe
 341 005e 3A       		.uleb128 0x3a
 342 005f 0B       		.uleb128 0xb
 343 0060 3B       		.uleb128 0x3b
 344 0061 0B       		.uleb128 0xb
 345 0062 49       		.uleb128 0x49
 346 0063 13       		.uleb128 0x13
 347 0064 02       		.uleb128 0x2
 348 0065 18       		.uleb128 0x18
 349 0066 00       		.byte	0
 350 0067 00       		.byte	0
 351 0068 08       		.uleb128 0x8
 352 0069 05       		.uleb128 0x5
 353 006a 00       		.byte	0
 354 006b 03       		.uleb128 0x3
 355 006c 08       		.uleb128 0x8
 356 006d 3A       		.uleb128 0x3a
 357 006e 0B       		.uleb128 0xb
 358 006f 3B       		.uleb128 0x3b
 359 0070 0B       		.uleb128 0xb
 360 0071 49       		.uleb128 0x49
 361 0072 13       		.uleb128 0x13
 362 0073 02       		.uleb128 0x2
 363 0074 18       		.uleb128 0x18
 364 0075 00       		.byte	0
 365 0076 00       		.byte	0
 366 0077 09       		.uleb128 0x9
ARM GAS  C:\DOCUME~1\name\LOCALS~1\Temp\ccYxA67e.s 			page 8


 367 0078 34       		.uleb128 0x34
 368 0079 00       		.byte	0
 369 007a 03       		.uleb128 0x3
 370 007b 0E       		.uleb128 0xe
 371 007c 3A       		.uleb128 0x3a
 372 007d 0B       		.uleb128 0xb
 373 007e 3B       		.uleb128 0x3b
 374 007f 05       		.uleb128 0x5
 375 0080 49       		.uleb128 0x49
 376 0081 13       		.uleb128 0x13
 377 0082 3F       		.uleb128 0x3f
 378 0083 19       		.uleb128 0x19
 379 0084 3C       		.uleb128 0x3c
 380 0085 19       		.uleb128 0x19
 381 0086 00       		.byte	0
 382 0087 00       		.byte	0
 383 0088 0A       		.uleb128 0xa
 384 0089 35       		.uleb128 0x35
 385 008a 00       		.byte	0
 386 008b 49       		.uleb128 0x49
 387 008c 13       		.uleb128 0x13
 388 008d 00       		.byte	0
 389 008e 00       		.byte	0
 390 008f 0B       		.uleb128 0xb
 391 0090 01       		.uleb128 0x1
 392 0091 01       		.byte	0x1
 393 0092 49       		.uleb128 0x49
 394 0093 13       		.uleb128 0x13
 395 0094 01       		.uleb128 0x1
 396 0095 13       		.uleb128 0x13
 397 0096 00       		.byte	0
 398 0097 00       		.byte	0
 399 0098 0C       		.uleb128 0xc
 400 0099 21       		.uleb128 0x21
 401 009a 00       		.byte	0
 402 009b 49       		.uleb128 0x49
 403 009c 13       		.uleb128 0x13
 404 009d 2F       		.uleb128 0x2f
 405 009e 05       		.uleb128 0x5
 406 009f 00       		.byte	0
 407 00a0 00       		.byte	0
 408 00a1 0D       		.uleb128 0xd
 409 00a2 34       		.uleb128 0x34
 410 00a3 00       		.byte	0
 411 00a4 03       		.uleb128 0x3
 412 00a5 0E       		.uleb128 0xe
 413 00a6 3A       		.uleb128 0x3a
 414 00a7 0B       		.uleb128 0xb
 415 00a8 3B       		.uleb128 0x3b
 416 00a9 0B       		.uleb128 0xb
 417 00aa 49       		.uleb128 0x49
 418 00ab 13       		.uleb128 0x13
 419 00ac 3F       		.uleb128 0x3f
 420 00ad 19       		.uleb128 0x19
 421 00ae 02       		.uleb128 0x2
 422 00af 18       		.uleb128 0x18
 423 00b0 00       		.byte	0
ARM GAS  C:\DOCUME~1\name\LOCALS~1\Temp\ccYxA67e.s 			page 9


 424 00b1 00       		.byte	0
 425 00b2 00       		.byte	0
 426              		.section	.debug_aranges,"",%progbits
 427 0000 1C000000 		.4byte	0x1c
 428 0004 0200     		.2byte	0x2
 429 0006 00000000 		.4byte	.Ldebug_info0
 430 000a 04       		.byte	0x4
 431 000b 00       		.byte	0
 432 000c 0000     		.2byte	0
 433 000e 0000     		.2byte	0
 434 0010 00000000 		.4byte	.LFB63
 435 0014 50000000 		.4byte	.LFE63-.LFB63
 436 0018 00000000 		.4byte	0
 437 001c 00000000 		.4byte	0
 438              		.section	.debug_ranges,"",%progbits
 439              	.Ldebug_ranges0:
 440 0000 00000000 		.4byte	.LFB63
 441 0004 50000000 		.4byte	.LFE63
 442 0008 00000000 		.4byte	0
 443 000c 00000000 		.4byte	0
 444              		.section	.debug_line,"",%progbits
 445              	.Ldebug_line0:
 446 0000 4A010000 		.section	.debug_str,"MS",%progbits,1
 446      02003001 
 446      00000201 
 446      FB0E0D00 
 446      01010101 
 447              	.LASF6:
 448 0000 6C6F6E67 		.ascii	"long long int\000"
 448      206C6F6E 
 448      6720696E 
 448      7400
 449              	.LASF17:
 450 000e 6C696E65 		.ascii	"line\000"
 450      00
 451              	.LASF23:
 452 0013 5F5F6173 		.ascii	"__assert__\000"
 452      73657274 
 452      5F5F00
 453              	.LASF8:
 454 001e 756E7369 		.ascii	"unsigned int\000"
 454      676E6564 
 454      20696E74 
 454      00
 455              	.LASF10:
 456 002b 696E7433 		.ascii	"int32_t\000"
 456      325F7400 
 457              	.LASF5:
 458 0033 6C6F6E67 		.ascii	"long unsigned int\000"
 458      20756E73 
 458      69676E65 
 458      6420696E 
 458      7400
 459              	.LASF19:
 460 0045 74657874 		.ascii	"text\000"
 460      00
 461              	.LASF7:
ARM GAS  C:\DOCUME~1\name\LOCALS~1\Temp\ccYxA67e.s 			page 10


 462 004a 6C6F6E67 		.ascii	"long long unsigned int\000"
 462      206C6F6E 
 462      6720756E 
 462      7369676E 
 462      65642069 
 463              	.LASF3:
 464 0061 73686F72 		.ascii	"short unsigned int\000"
 464      7420756E 
 464      7369676E 
 464      65642069 
 464      6E7400
 465              	.LASF1:
 466 0074 756E7369 		.ascii	"unsigned char\000"
 466      676E6564 
 466      20636861 
 466      7200
 467              	.LASF13:
 468 0082 63686172 		.ascii	"char\000"
 468      00
 469              	.LASF4:
 470 0087 6C6F6E67 		.ascii	"long int\000"
 470      20696E74 
 470      00
 471              	.LASF20:
 472 0090 474E5520 		.ascii	"GNU C 4.9.3 20150303 (release) [ARM/embedded-4_9-br"
 472      4320342E 
 472      392E3320 
 472      32303135 
 472      30333033 
 473 00c3 616E6368 		.ascii	"anch revision 221220] -mcpu=cortex-m3 -mthumb -g -O"
 473      20726576 
 473      6973696F 
 473      6E203232 
 473      31323230 
 474 00f6 30202D66 		.ascii	"0 -ffunction-sections -ffat-lto-objects\000"
 474      66756E63 
 474      74696F6E 
 474      2D736563 
 474      74696F6E 
 475              	.LASF16:
 476 011e 66696C65 		.ascii	"file\000"
 476      00
 477              	.LASF21:
 478 0123 61737365 		.ascii	"assert.c\000"
 478      72742E63 
 478      00
 479              	.LASF12:
 480 012c 646F7562 		.ascii	"double\000"
 480      6C6500
 481              	.LASF18:
 482 0133 49544D5F 		.ascii	"ITM_RxBuffer\000"
 482      52784275 
 482      66666572 
 482      00
 483              	.LASF0:
 484 0140 7369676E 		.ascii	"signed char\000"
 484      65642063 
ARM GAS  C:\DOCUME~1\name\LOCALS~1\Temp\ccYxA67e.s 			page 11


 484      68617200 
 485              	.LASF9:
 486 014c 5F5F696E 		.ascii	"__int32_t\000"
 486      7433325F 
 486      7400
 487              	.LASF15:
 488 0156 74657374 		.ascii	"test\000"
 488      00
 489              	.LASF11:
 490 015b 666C6F61 		.ascii	"float\000"
 490      7400
 491              	.LASF2:
 492 0161 73686F72 		.ascii	"short int\000"
 492      7420696E 
 492      7400
 493              	.LASF22:
 494 016b 433A5C44 		.ascii	"C:\\Documents and Settings\\name\\Desktop\\minunit\\"
 494      6F63756D 
 494      656E7473 
 494      20616E64 
 494      20536574 
 495 019a 6D696E75 		.ascii	"minunit_arch\\minunit.cydsn\000"
 495      6E69745F 
 495      61726368 
 495      5C6D696E 
 495      756E6974 
 496              	.LASF14:
 497 01b5 73697A65 		.ascii	"sizetype\000"
 497      74797065 
 497      00
 498              		.ident	"GCC: (GNU Tools for ARM Embedded Processors) 4.9.3 20150303 (release) [ARM/embedded-4_9-br
