ARM GAS  C:\DOCUME~1\name\LOCALS~1\Temp\cc4uCjVA.s 			page 1


   1              		.syntax unified
   2              		.cpu cortex-m3
   3              		.fpu softvfp
   4              		.eabi_attribute 20, 1
   5              		.eabi_attribute 21, 1
   6              		.eabi_attribute 23, 3
   7              		.eabi_attribute 24, 1
   8              		.eabi_attribute 25, 1
   9              		.eabi_attribute 26, 1
  10              		.eabi_attribute 30, 6
  11              		.eabi_attribute 34, 1
  12              		.eabi_attribute 18, 4
  13              		.thumb
  14              		.file	"mbus.c"
  15              		.text
  16              	.Ltext0:
  17              		.cfi_sections	.debug_frame
  18              		.global	SND_NKE_FRAME
  19              		.section	.rodata
  20              		.align	2
  21              		.type	SND_NKE_FRAME, %object
  22              		.size	SND_NKE_FRAME, 5
  23              	SND_NKE_FRAME:
  24 0000 10       		.byte	16
  25 0001 40       		.byte	64
  26 0002 FE       		.byte	-2
  27 0003 3E       		.byte	62
  28 0004 16       		.byte	22
  29              		.comm	uart2_tx_buffer,500,4
  30              		.comm	uart2_rx_buffer,500,4
  31              		.comm	mbus_rx_count,2,2
  32 0005 000000   		.section	.text.mbus_cs,"ax",%progbits
  33              		.align	2
  34              		.global	mbus_cs
  35              		.thumb
  36              		.thumb_func
  37              		.type	mbus_cs, %function
  38              	mbus_cs:
  39              	.LFB63:
  40              		.file 1 "mbus.c"
   1:mbus.c        **** /* ========================================
   2:mbus.c        ****  *
   3:mbus.c        ****  * Copyright YOUR COMPANY, THE YEAR
   4:mbus.c        ****  * All Rights Reserved
   5:mbus.c        ****  * UNPUBLISHED, LICENSED SOFTWARE.
   6:mbus.c        ****  *
   7:mbus.c        ****  * CONFIDENTIAL AND PROPRIETARY INFORMATION
   8:mbus.c        ****  * WHICH IS THE PROPERTY OF your company.
   9:mbus.c        ****  *
  10:mbus.c        ****  * ========================================
  11:mbus.c        **** */
  12:mbus.c        **** #include <device.h>
  13:mbus.c        **** #include "mbus.h"
  14:mbus.c        **** 
  15:mbus.c        **** 
  16:mbus.c        **** 
  17:mbus.c        **** const uint8 SND_NKE_FRAME[] = {0x10, 0x40, 0xFE, 0x3E, 0x16};
ARM GAS  C:\DOCUME~1\name\LOCALS~1\Temp\cc4uCjVA.s 			page 2


  18:mbus.c        **** 
  19:mbus.c        **** 
  20:mbus.c        **** 
  21:mbus.c        **** uint8 uart2_tx_buffer[500];
  22:mbus.c        **** uint8 uart2_rx_buffer[500];
  23:mbus.c        **** uint16 mbus_rx_count;
  24:mbus.c        **** 
  25:mbus.c        **** uint8 mbus_cs(uint8 * buffer, int count)
  26:mbus.c        **** {
  41              		.loc 1 26 0
  42              		.cfi_startproc
  43              		@ args = 0, pretend = 0, frame = 16
  44              		@ frame_needed = 1, uses_anonymous_args = 0
  45              		@ link register save eliminated.
  46 0000 80B4     		push	{r7}
  47              		.cfi_def_cfa_offset 4
  48              		.cfi_offset 7, -4
  49 0002 85B0     		sub	sp, sp, #20
  50              		.cfi_def_cfa_offset 24
  51 0004 00AF     		add	r7, sp, #0
  52              		.cfi_def_cfa_register 7
  53 0006 7860     		str	r0, [r7, #4]
  54 0008 3960     		str	r1, [r7]
  27:mbus.c        ****     int cs = 0;
  55              		.loc 1 27 0
  56 000a 0023     		movs	r3, #0
  57 000c FB60     		str	r3, [r7, #12]
  28:mbus.c        ****     while(count > 0)
  58              		.loc 1 28 0
  59 000e 0BE0     		b	.L2
  60              	.L3:
  29:mbus.c        ****     {
  30:mbus.c        ****         cs += *buffer;
  61              		.loc 1 30 0
  62 0010 7B68     		ldr	r3, [r7, #4]
  63 0012 1B78     		ldrb	r3, [r3]	@ zero_extendqisi2
  64 0014 1A46     		mov	r2, r3
  65 0016 FB68     		ldr	r3, [r7, #12]
  66 0018 1344     		add	r3, r3, r2
  67 001a FB60     		str	r3, [r7, #12]
  31:mbus.c        ****         buffer++;
  68              		.loc 1 31 0
  69 001c 7B68     		ldr	r3, [r7, #4]
  70 001e 0133     		adds	r3, r3, #1
  71 0020 7B60     		str	r3, [r7, #4]
  32:mbus.c        ****         count--;
  72              		.loc 1 32 0
  73 0022 3B68     		ldr	r3, [r7]
  74 0024 013B     		subs	r3, r3, #1
  75 0026 3B60     		str	r3, [r7]
  76              	.L2:
  28:mbus.c        ****     {
  77              		.loc 1 28 0
  78 0028 3B68     		ldr	r3, [r7]
  79 002a 002B     		cmp	r3, #0
  80 002c F0DC     		bgt	.L3
  33:mbus.c        ****     }
ARM GAS  C:\DOCUME~1\name\LOCALS~1\Temp\cc4uCjVA.s 			page 3


  34:mbus.c        ****     return (cs & 0xFF);
  81              		.loc 1 34 0
  82 002e FB68     		ldr	r3, [r7, #12]
  83 0030 DBB2     		uxtb	r3, r3
  35:mbus.c        **** }
  84              		.loc 1 35 0
  85 0032 1846     		mov	r0, r3
  86 0034 1437     		adds	r7, r7, #20
  87              		.cfi_def_cfa_offset 4
  88 0036 BD46     		mov	sp, r7
  89              		.cfi_def_cfa_register 13
  90              		@ sp needed
  91 0038 5DF8047B 		ldr	r7, [sp], #4
  92              		.cfi_restore 7
  93              		.cfi_def_cfa_offset 0
  94 003c 7047     		bx	lr
  95              		.cfi_endproc
  96              	.LFE63:
  97              		.size	mbus_cs, .-mbus_cs
  98              		.comm	mbus_tmr_start,4,4
  99              		.comm	mbus_tmr_stop,4,4
 100              		.comm	mbus_bit_start,4,4
 101              		.comm	mbus_bit_stop,4,4
 102              		.comm	mbus_bit_min,4,4
 103              		.comm	mbus_bit_max,4,4
 104              		.comm	mbus_repeat_count,2,2
 105 003e 00BF     		.section	.text.mbus_send_confirm,"ax",%progbits
 106              		.align	2
 107              		.global	mbus_send_confirm
 108              		.thumb
 109              		.thumb_func
 110              		.type	mbus_send_confirm, %function
 111              	mbus_send_confirm:
 112              	.LFB64:
  36:mbus.c        **** 
  37:mbus.c        **** uint32 mbus_tmr_start, mbus_tmr_stop;
  38:mbus.c        **** 
  39:mbus.c        **** uint32 mbus_bit_start, mbus_bit_stop;
  40:mbus.c        **** 
  41:mbus.c        **** uint32 mbus_bit_min, mbus_bit_max;
  42:mbus.c        **** 
  43:mbus.c        **** uint16 mbus_repeat_count;
  44:mbus.c        **** 
  45:mbus.c        **** uint8 mbus_send_confirm(const uint8 * buffer, unsigned int lenght)
  46:mbus.c        **** {
 113              		.loc 1 46 0
 114              		.cfi_startproc
 115              		@ args = 0, pretend = 0, frame = 8
 116              		@ frame_needed = 1, uses_anonymous_args = 0
 117 0000 90B5     		push	{r4, r7, lr}
 118              		.cfi_def_cfa_offset 12
 119              		.cfi_offset 4, -12
 120              		.cfi_offset 7, -8
 121              		.cfi_offset 14, -4
 122 0002 83B0     		sub	sp, sp, #12
 123              		.cfi_def_cfa_offset 24
 124 0004 00AF     		add	r7, sp, #0
ARM GAS  C:\DOCUME~1\name\LOCALS~1\Temp\cc4uCjVA.s 			page 4


 125              		.cfi_def_cfa_register 7
 126 0006 7860     		str	r0, [r7, #4]
 127 0008 3960     		str	r1, [r7]
  47:mbus.c        ****     mbus_repeat_count = 0;
 128              		.loc 1 47 0
 129 000a 3C4B     		ldr	r3, .L18
 130 000c 0022     		movs	r2, #0
 131 000e 1A80     		strh	r2, [r3]	@ movhi
 132              	.L14:
 133              	.LBB2:
  48:mbus.c        ****     do {
  49:mbus.c        ****         mbus_repeat_count++;
 134              		.loc 1 49 0
 135 0010 3A4B     		ldr	r3, .L18
 136 0012 1B88     		ldrh	r3, [r3]
 137 0014 0133     		adds	r3, r3, #1
 138 0016 9AB2     		uxth	r2, r3
 139 0018 384B     		ldr	r3, .L18
 140 001a 1A80     		strh	r2, [r3]	@ movhi
  50:mbus.c        ****         UART_2_ClearTxBuffer();
 141              		.loc 1 50 0
 142 001c FFF7FEFF 		bl	UART_2_ClearTxBuffer
  51:mbus.c        ****         UART_2_ClearRxBuffer();
 143              		.loc 1 51 0
 144 0020 FFF7FEFF 		bl	UART_2_ClearRxBuffer
  52:mbus.c        ****         memcpy(uart2_rx_buffer,0,sizeof(uart2_rx_buffer));
 145              		.loc 1 52 0
 146 0024 364A     		ldr	r2, .L18+4
 147 0026 0023     		movs	r3, #0
 148 0028 1146     		mov	r1, r2
 149 002a 1A46     		mov	r2, r3
 150 002c 4FF4FA73 		mov	r3, #500
 151 0030 0846     		mov	r0, r1
 152 0032 1146     		mov	r1, r2
 153 0034 1A46     		mov	r2, r3
 154 0036 FFF7FEFF 		bl	memcpy
  53:mbus.c        ****         UART_2_PutArray(buffer, lenght);
 155              		.loc 1 53 0
 156 003a 3B68     		ldr	r3, [r7]
 157 003c DBB2     		uxtb	r3, r3
 158 003e 7868     		ldr	r0, [r7, #4]
 159 0040 1946     		mov	r1, r3
 160 0042 FFF7FEFF 		bl	UART_2_PutArray
  54:mbus.c        ****         
  55:mbus.c        ****         while (UART_2_GetTxBufferSize() > 0);
 161              		.loc 1 55 0
 162 0046 00BF     		nop
 163              	.L6:
 164              		.loc 1 55 0 is_stmt 0 discriminator 1
 165 0048 FFF7FEFF 		bl	UART_2_GetTxBufferSize
 166 004c 0346     		mov	r3, r0
 167 004e 002B     		cmp	r3, #0
 168 0050 FAD1     		bne	.L6
  56:mbus.c        ****         mbus_tmr_start = Timer_1_ReadCounter();
 169              		.loc 1 56 0 is_stmt 1
 170 0052 FFF7FEFF 		bl	Timer_1_ReadCounter
 171 0056 0346     		mov	r3, r0
ARM GAS  C:\DOCUME~1\name\LOCALS~1\Temp\cc4uCjVA.s 			page 5


 172 0058 1A46     		mov	r2, r3
 173 005a 2A4B     		ldr	r3, .L18+8
 174 005c 1A60     		str	r2, [r3]
 175              	.L8:
  57:mbus.c        ****         do {
  58:mbus.c        ****             mbus_tmr_stop = Timer_1_ReadCounter();
 176              		.loc 1 58 0 discriminator 2
 177 005e FFF7FEFF 		bl	Timer_1_ReadCounter
 178 0062 0346     		mov	r3, r0
 179 0064 1A46     		mov	r2, r3
 180 0066 284B     		ldr	r3, .L18+12
 181 0068 1A60     		str	r2, [r3]
  59:mbus.c        ****         } while ((UART_2_GetRxBufferSize() == 0) && ((mbus_tmr_start - mbus_tmr_stop) < MAX_WAIT_TI
 182              		.loc 1 59 0 discriminator 2
 183 006a FFF7FEFF 		bl	UART_2_GetRxBufferSize
 184 006e 0346     		mov	r3, r0
 185 0070 002B     		cmp	r3, #0
 186 0072 07D1     		bne	.L7
 187              		.loc 1 59 0 is_stmt 0 discriminator 1
 188 0074 234B     		ldr	r3, .L18+8
 189 0076 1A68     		ldr	r2, [r3]
 190 0078 234B     		ldr	r3, .L18+12
 191 007a 1B68     		ldr	r3, [r3]
 192 007c D31A     		subs	r3, r2, r3
 193 007e 234A     		ldr	r2, .L18+16
 194 0080 9342     		cmp	r3, r2
 195 0082 ECD9     		bls	.L8
 196              	.L7:
  60:mbus.c        ****       
  61:mbus.c        ****         mbus_rx_count = 0;
 197              		.loc 1 61 0 is_stmt 1
 198 0084 224B     		ldr	r3, .L18+20
 199 0086 0022     		movs	r2, #0
 200 0088 1A80     		strh	r2, [r3]	@ movhi
  62:mbus.c        ****         while ((UART_2_GetRxBufferSize() > 0) && (mbus_rx_count < sizeof(uart2_tx_buffer)))
 201              		.loc 1 62 0
 202 008a 0EE0     		b	.L9
 203              	.L11:
  63:mbus.c        ****         {
  64:mbus.c        ****            uart2_rx_buffer[mbus_rx_count] = UART_2_ReadRxData();
 204              		.loc 1 64 0
 205 008c 204B     		ldr	r3, .L18+20
 206 008e 1B88     		ldrh	r3, [r3]
 207 0090 1C46     		mov	r4, r3
 208 0092 FFF7FEFF 		bl	UART_2_ReadRxData
 209 0096 0346     		mov	r3, r0
 210 0098 1A46     		mov	r2, r3
 211 009a 194B     		ldr	r3, .L18+4
 212 009c 1A55     		strb	r2, [r3, r4]
  65:mbus.c        ****            mbus_rx_count++;
 213              		.loc 1 65 0
 214 009e 1C4B     		ldr	r3, .L18+20
 215 00a0 1B88     		ldrh	r3, [r3]
 216 00a2 0133     		adds	r3, r3, #1
 217 00a4 9AB2     		uxth	r2, r3
 218 00a6 1A4B     		ldr	r3, .L18+20
 219 00a8 1A80     		strh	r2, [r3]	@ movhi
ARM GAS  C:\DOCUME~1\name\LOCALS~1\Temp\cc4uCjVA.s 			page 6


 220              	.L9:
  62:mbus.c        ****         while ((UART_2_GetRxBufferSize() > 0) && (mbus_rx_count < sizeof(uart2_tx_buffer)))
 221              		.loc 1 62 0
 222 00aa FFF7FEFF 		bl	UART_2_GetRxBufferSize
 223 00ae 0346     		mov	r3, r0
 224 00b0 002B     		cmp	r3, #0
 225 00b2 04D0     		beq	.L10
  62:mbus.c        ****         while ((UART_2_GetRxBufferSize() > 0) && (mbus_rx_count < sizeof(uart2_tx_buffer)))
 226              		.loc 1 62 0 is_stmt 0 discriminator 1
 227 00b4 164B     		ldr	r3, .L18+20
 228 00b6 1B88     		ldrh	r3, [r3]
 229 00b8 B3F5FA7F 		cmp	r3, #500
 230 00bc E6D3     		bcc	.L11
 231              	.L10:
  66:mbus.c        ****         }
  67:mbus.c        ****         if ((mbus_rx_count == 1) && (uart2_rx_buffer[0] ==0xE5))
 232              		.loc 1 67 0 is_stmt 1
 233 00be 144B     		ldr	r3, .L18+20
 234 00c0 1B88     		ldrh	r3, [r3]
 235 00c2 012B     		cmp	r3, #1
 236 00c4 03D1     		bne	.L12
 237              		.loc 1 67 0 is_stmt 0 discriminator 1
 238 00c6 0E4B     		ldr	r3, .L18+4
 239 00c8 1B78     		ldrb	r3, [r3]	@ zero_extendqisi2
 240 00ca E52B     		cmp	r3, #229
 241 00cc 06D0     		beq	.L13
 242              	.L12:
  68:mbus.c        ****             break;
  69:mbus.c        ****         else
  70:mbus.c        ****         {
  71:mbus.c        ****             CyDelay(200); // 330 bit times + 50ms, kai 2400bps
 243              		.loc 1 71 0 is_stmt 1
 244 00ce C820     		movs	r0, #200
 245 00d0 FFF7FEFF 		bl	CyDelay
 246              	.LBE2:
  72:mbus.c        ****         }
  73:mbus.c        ****     } while (mbus_repeat_count < 3);
 247              		.loc 1 73 0
 248 00d4 094B     		ldr	r3, .L18
 249 00d6 1B88     		ldrh	r3, [r3]
 250 00d8 022B     		cmp	r3, #2
 251 00da 99D9     		bls	.L14
 252              	.L13:
  74:mbus.c        ****     return ((mbus_rx_count == 1) && (uart2_rx_buffer[0] == 0xE5));
 253              		.loc 1 74 0
 254 00dc 0C4B     		ldr	r3, .L18+20
 255 00de 1B88     		ldrh	r3, [r3]
 256 00e0 012B     		cmp	r3, #1
 257 00e2 05D1     		bne	.L15
 258              		.loc 1 74 0 is_stmt 0 discriminator 1
 259 00e4 064B     		ldr	r3, .L18+4
 260 00e6 1B78     		ldrb	r3, [r3]	@ zero_extendqisi2
 261 00e8 E52B     		cmp	r3, #229
 262 00ea 01D1     		bne	.L15
 263              		.loc 1 74 0 discriminator 3
 264 00ec 0123     		movs	r3, #1
 265 00ee 00E0     		b	.L16
ARM GAS  C:\DOCUME~1\name\LOCALS~1\Temp\cc4uCjVA.s 			page 7


 266              	.L15:
 267              		.loc 1 74 0 discriminator 4
 268 00f0 0023     		movs	r3, #0
 269              	.L16:
 270              		.loc 1 74 0 discriminator 6
 271 00f2 DBB2     		uxtb	r3, r3
  75:mbus.c        **** }
 272              		.loc 1 75 0 is_stmt 1 discriminator 6
 273 00f4 1846     		mov	r0, r3
 274 00f6 0C37     		adds	r7, r7, #12
 275              		.cfi_def_cfa_offset 12
 276 00f8 BD46     		mov	sp, r7
 277              		.cfi_def_cfa_register 13
 278              		@ sp needed
 279 00fa 90BD     		pop	{r4, r7, pc}
 280              	.L19:
 281              		.align	2
 282              	.L18:
 283 00fc 00000000 		.word	mbus_repeat_count
 284 0100 00000000 		.word	uart2_rx_buffer
 285 0104 00000000 		.word	mbus_tmr_start
 286 0108 00000000 		.word	mbus_tmr_stop
 287 010c 3F0D0300 		.word	199999
 288 0110 00000000 		.word	mbus_rx_count
 289              		.cfi_endproc
 290              	.LFE64:
 291              		.size	mbus_send_confirm, .-mbus_send_confirm
 292              		.comm	FCB_Bit,1,1
 293              		.section	.text.mbus_next_record,"ax",%progbits
 294              		.align	2
 295              		.global	mbus_next_record
 296              		.thumb
 297              		.thumb_func
 298              		.type	mbus_next_record, %function
 299              	mbus_next_record:
 300              	.LFB65:
  76:mbus.c        **** 
  77:mbus.c        **** uint8 FCB_Bit; //0x20
  78:mbus.c        **** uint8 mbus_next_record(void)
  79:mbus.c        **** {
 301              		.loc 1 79 0
 302              		.cfi_startproc
 303              		@ args = 0, pretend = 0, frame = 0
 304              		@ frame_needed = 1, uses_anonymous_args = 0
 305              		@ link register save eliminated.
 306 0000 80B4     		push	{r7}
 307              		.cfi_def_cfa_offset 4
 308              		.cfi_offset 7, -4
 309 0002 00AF     		add	r7, sp, #0
 310              		.cfi_def_cfa_register 7
  80:mbus.c        ****     FCB_Bit ^= 0x20;
 311              		.loc 1 80 0
 312 0004 054B     		ldr	r3, .L21
 313 0006 1B78     		ldrb	r3, [r3]	@ zero_extendqisi2
 314 0008 83F02003 		eor	r3, r3, #32
 315 000c DAB2     		uxtb	r2, r3
 316 000e 034B     		ldr	r3, .L21
ARM GAS  C:\DOCUME~1\name\LOCALS~1\Temp\cc4uCjVA.s 			page 8


 317 0010 1A70     		strb	r2, [r3]
  81:mbus.c        **** }
 318              		.loc 1 81 0
 319 0012 1846     		mov	r0, r3
 320 0014 BD46     		mov	sp, r7
 321              		.cfi_def_cfa_register 13
 322              		@ sp needed
 323 0016 5DF8047B 		ldr	r7, [sp], #4
 324              		.cfi_restore 7
 325              		.cfi_def_cfa_offset 0
 326 001a 7047     		bx	lr
 327              	.L22:
 328              		.align	2
 329              	.L21:
 330 001c 00000000 		.word	FCB_Bit
 331              		.cfi_endproc
 332              	.LFE65:
 333              		.size	mbus_next_record, .-mbus_next_record
 334              		.section	.text.mbus_request_respond,"ax",%progbits
 335              		.align	2
 336              		.global	mbus_request_respond
 337              		.thumb
 338              		.thumb_func
 339              		.type	mbus_request_respond, %function
 340              	mbus_request_respond:
 341              	.LFB66:
  82:mbus.c        **** 
  83:mbus.c        **** uint8 mbus_request_respond(uint8 short_addres)
  84:mbus.c        **** {
 342              		.loc 1 84 0
 343              		.cfi_startproc
 344              		@ args = 0, pretend = 0, frame = 8
 345              		@ frame_needed = 1, uses_anonymous_args = 0
 346 0000 90B5     		push	{r4, r7, lr}
 347              		.cfi_def_cfa_offset 12
 348              		.cfi_offset 4, -12
 349              		.cfi_offset 7, -8
 350              		.cfi_offset 14, -4
 351 0002 83B0     		sub	sp, sp, #12
 352              		.cfi_def_cfa_offset 24
 353 0004 00AF     		add	r7, sp, #0
 354              		.cfi_def_cfa_register 7
 355 0006 0346     		mov	r3, r0
 356 0008 FB71     		strb	r3, [r7, #7]
  85:mbus.c        ****     uart2_tx_buffer[0] = 0x10;
 357              		.loc 1 85 0
 358 000a 794B     		ldr	r3, .L36
 359 000c 1022     		movs	r2, #16
 360 000e 1A70     		strb	r2, [r3]
  86:mbus.c        ****     uart2_tx_buffer[1] = 0x5B | FCB_Bit;
 361              		.loc 1 86 0
 362 0010 784B     		ldr	r3, .L36+4
 363 0012 1B78     		ldrb	r3, [r3]	@ zero_extendqisi2
 364 0014 43F05B03 		orr	r3, r3, #91
 365 0018 DAB2     		uxtb	r2, r3
 366 001a 754B     		ldr	r3, .L36
 367 001c 5A70     		strb	r2, [r3, #1]
ARM GAS  C:\DOCUME~1\name\LOCALS~1\Temp\cc4uCjVA.s 			page 9


  87:mbus.c        ****     uart2_tx_buffer[2] = short_addres;
 368              		.loc 1 87 0
 369 001e 744A     		ldr	r2, .L36
 370 0020 FB79     		ldrb	r3, [r7, #7]
 371 0022 9370     		strb	r3, [r2, #2]
  88:mbus.c        ****     uart2_tx_buffer[3] = uart2_tx_buffer[1] + uart2_tx_buffer[2];
 372              		.loc 1 88 0
 373 0024 724B     		ldr	r3, .L36
 374 0026 5A78     		ldrb	r2, [r3, #1]	@ zero_extendqisi2
 375 0028 714B     		ldr	r3, .L36
 376 002a 9B78     		ldrb	r3, [r3, #2]	@ zero_extendqisi2
 377 002c 1344     		add	r3, r3, r2
 378 002e DAB2     		uxtb	r2, r3
 379 0030 6F4B     		ldr	r3, .L36
 380 0032 DA70     		strb	r2, [r3, #3]
  89:mbus.c        ****     uart2_tx_buffer[4] = 0x16;
 381              		.loc 1 89 0
 382 0034 6E4B     		ldr	r3, .L36
 383 0036 1622     		movs	r2, #22
 384 0038 1A71     		strb	r2, [r3, #4]
  90:mbus.c        ****     
  91:mbus.c        ****     mbus_repeat_count = 0;
 385              		.loc 1 91 0
 386 003a 6F4B     		ldr	r3, .L36+8
 387 003c 0022     		movs	r2, #0
 388 003e 1A80     		strh	r2, [r3]	@ movhi
 389              	.L35:
 390              	.LBB3:
  92:mbus.c        ****     do {
  93:mbus.c        ****         mbus_repeat_count++;
 391              		.loc 1 93 0
 392 0040 6D4B     		ldr	r3, .L36+8
 393 0042 1B88     		ldrh	r3, [r3]
 394 0044 0133     		adds	r3, r3, #1
 395 0046 9AB2     		uxth	r2, r3
 396 0048 6B4B     		ldr	r3, .L36+8
 397 004a 1A80     		strh	r2, [r3]	@ movhi
  94:mbus.c        ****         UART_2_ClearTxBuffer();
 398              		.loc 1 94 0
 399 004c FFF7FEFF 		bl	UART_2_ClearTxBuffer
  95:mbus.c        ****         UART_2_ClearRxBuffer();
 400              		.loc 1 95 0
 401 0050 FFF7FEFF 		bl	UART_2_ClearRxBuffer
  96:mbus.c        ****         memcpy(uart2_rx_buffer,0,sizeof(uart2_rx_buffer));
 402              		.loc 1 96 0
 403 0054 694A     		ldr	r2, .L36+12
 404 0056 0023     		movs	r3, #0
 405 0058 1146     		mov	r1, r2
 406 005a 1A46     		mov	r2, r3
 407 005c 4FF4FA73 		mov	r3, #500
 408 0060 0846     		mov	r0, r1
 409 0062 1146     		mov	r1, r2
 410 0064 1A46     		mov	r2, r3
 411 0066 FFF7FEFF 		bl	memcpy
  97:mbus.c        ****         UART_2_PutArray(uart2_tx_buffer, 5);
 412              		.loc 1 97 0
 413 006a 6148     		ldr	r0, .L36
ARM GAS  C:\DOCUME~1\name\LOCALS~1\Temp\cc4uCjVA.s 			page 10


 414 006c 0521     		movs	r1, #5
 415 006e FFF7FEFF 		bl	UART_2_PutArray
  98:mbus.c        ****         
  99:mbus.c        ****         while (UART_2_GetTxBufferSize() > 0);
 416              		.loc 1 99 0
 417 0072 00BF     		nop
 418              	.L24:
 419              		.loc 1 99 0 is_stmt 0 discriminator 1
 420 0074 FFF7FEFF 		bl	UART_2_GetTxBufferSize
 421 0078 0346     		mov	r3, r0
 422 007a 002B     		cmp	r3, #0
 423 007c FAD1     		bne	.L24
 100:mbus.c        ****         
 101:mbus.c        ****         mbus_tmr_start = Timer_1_ReadCounter();
 424              		.loc 1 101 0 is_stmt 1
 425 007e FFF7FEFF 		bl	Timer_1_ReadCounter
 426 0082 0346     		mov	r3, r0
 427 0084 1A46     		mov	r2, r3
 428 0086 5E4B     		ldr	r3, .L36+16
 429 0088 1A60     		str	r2, [r3]
 430              	.L26:
 102:mbus.c        ****         do {
 103:mbus.c        ****             mbus_tmr_stop = Timer_1_ReadCounter();
 431              		.loc 1 103 0 discriminator 2
 432 008a FFF7FEFF 		bl	Timer_1_ReadCounter
 433 008e 0346     		mov	r3, r0
 434 0090 1A46     		mov	r2, r3
 435 0092 5C4B     		ldr	r3, .L36+20
 436 0094 1A60     		str	r2, [r3]
 104:mbus.c        ****         } while ((UART_2_GetRxBufferSize() == 0) && ((mbus_tmr_start - mbus_tmr_stop) < MAX_WAIT_TI
 437              		.loc 1 104 0 discriminator 2
 438 0096 FFF7FEFF 		bl	UART_2_GetRxBufferSize
 439 009a 0346     		mov	r3, r0
 440 009c 002B     		cmp	r3, #0
 441 009e 07D1     		bne	.L25
 442              		.loc 1 104 0 is_stmt 0 discriminator 1
 443 00a0 574B     		ldr	r3, .L36+16
 444 00a2 1A68     		ldr	r2, [r3]
 445 00a4 574B     		ldr	r3, .L36+20
 446 00a6 1B68     		ldr	r3, [r3]
 447 00a8 D31A     		subs	r3, r2, r3
 448 00aa 574A     		ldr	r2, .L36+24
 449 00ac 9342     		cmp	r3, r2
 450 00ae ECD9     		bls	.L26
 451              	.L25:
 105:mbus.c        ****         // Pirmas baitas.
 106:mbus.c        ****         mbus_bit_min = MAX_WAIT_TIME;
 452              		.loc 1 106 0 is_stmt 1
 453 00b0 564B     		ldr	r3, .L36+28
 454 00b2 574A     		ldr	r2, .L36+32
 455 00b4 1A60     		str	r2, [r3]
 107:mbus.c        ****         mbus_bit_max = 0;
 456              		.loc 1 107 0
 457 00b6 574B     		ldr	r3, .L36+36
 458 00b8 0022     		movs	r2, #0
 459 00ba 1A60     		str	r2, [r3]
 108:mbus.c        ****         
ARM GAS  C:\DOCUME~1\name\LOCALS~1\Temp\cc4uCjVA.s 			page 11


 109:mbus.c        ****         mbus_rx_count = 0;
 460              		.loc 1 109 0
 461 00bc 564B     		ldr	r3, .L36+40
 462 00be 0022     		movs	r2, #0
 463 00c0 1A80     		strh	r2, [r3]	@ movhi
 110:mbus.c        ****         while ((UART_2_GetRxBufferSize() > 0) && (mbus_rx_count < sizeof(uart2_tx_buffer)))
 464              		.loc 1 110 0
 465 00c2 4CE0     		b	.L27
 466              	.L32:
 111:mbus.c        ****         {
 112:mbus.c        ****            uart2_rx_buffer[mbus_rx_count] = UART_2_ReadRxData();
 467              		.loc 1 112 0
 468 00c4 544B     		ldr	r3, .L36+40
 469 00c6 1B88     		ldrh	r3, [r3]
 470 00c8 1C46     		mov	r4, r3
 471 00ca FFF7FEFF 		bl	UART_2_ReadRxData
 472 00ce 0346     		mov	r3, r0
 473 00d0 1A46     		mov	r2, r3
 474 00d2 4A4B     		ldr	r3, .L36+12
 475 00d4 1A55     		strb	r2, [r3, r4]
 113:mbus.c        ****            mbus_rx_count++;
 476              		.loc 1 113 0
 477 00d6 504B     		ldr	r3, .L36+40
 478 00d8 1B88     		ldrh	r3, [r3]
 479 00da 0133     		adds	r3, r3, #1
 480 00dc 9AB2     		uxth	r2, r3
 481 00de 4E4B     		ldr	r3, .L36+40
 482 00e0 1A80     		strh	r2, [r3]	@ movhi
 114:mbus.c        ****            mbus_bit_start = Timer_1_ReadCounter();
 483              		.loc 1 114 0
 484 00e2 FFF7FEFF 		bl	Timer_1_ReadCounter
 485 00e6 0346     		mov	r3, r0
 486 00e8 1A46     		mov	r2, r3
 487 00ea 4C4B     		ldr	r3, .L36+44
 488 00ec 1A60     		str	r2, [r3]
 489              	.L29:
 115:mbus.c        ****            do {
 116:mbus.c        ****                mbus_bit_stop = Timer_1_ReadCounter();
 490              		.loc 1 116 0 discriminator 2
 491 00ee FFF7FEFF 		bl	Timer_1_ReadCounter
 492 00f2 0346     		mov	r3, r0
 493 00f4 1A46     		mov	r2, r3
 494 00f6 4A4B     		ldr	r3, .L36+48
 495 00f8 1A60     		str	r2, [r3]
 117:mbus.c        ****            } while ((UART_2_GetRxBufferSize() == 0) && ((mbus_bit_start - mbus_bit_stop) < MAX_WAIT
 496              		.loc 1 117 0 discriminator 2
 497 00fa FFF7FEFF 		bl	UART_2_GetRxBufferSize
 498 00fe 0346     		mov	r3, r0
 499 0100 002B     		cmp	r3, #0
 500 0102 07D1     		bne	.L28
 501              		.loc 1 117 0 is_stmt 0 discriminator 1
 502 0104 454B     		ldr	r3, .L36+44
 503 0106 1A68     		ldr	r2, [r3]
 504 0108 454B     		ldr	r3, .L36+48
 505 010a 1B68     		ldr	r3, [r3]
 506 010c D31A     		subs	r3, r2, r3
 507 010e 3E4A     		ldr	r2, .L36+24
ARM GAS  C:\DOCUME~1\name\LOCALS~1\Temp\cc4uCjVA.s 			page 12


 508 0110 9342     		cmp	r3, r2
 509 0112 ECD9     		bls	.L29
 510              	.L28:
 118:mbus.c        ****            if (UART_2_GetRxBufferSize() > 0)
 511              		.loc 1 118 0 is_stmt 1
 512 0114 FFF7FEFF 		bl	UART_2_GetRxBufferSize
 513 0118 0346     		mov	r3, r0
 514 011a 002B     		cmp	r3, #0
 515 011c 1FD0     		beq	.L27
 119:mbus.c        ****            {
 120:mbus.c        ****               if (mbus_bit_max < (mbus_bit_start - mbus_bit_stop))  mbus_bit_max = (mbus_bit_start 
 516              		.loc 1 120 0
 517 011e 3F4B     		ldr	r3, .L36+44
 518 0120 1A68     		ldr	r2, [r3]
 519 0122 3F4B     		ldr	r3, .L36+48
 520 0124 1B68     		ldr	r3, [r3]
 521 0126 D21A     		subs	r2, r2, r3
 522 0128 3A4B     		ldr	r3, .L36+36
 523 012a 1B68     		ldr	r3, [r3]
 524 012c 9A42     		cmp	r2, r3
 525 012e 06D9     		bls	.L30
 526              		.loc 1 120 0 is_stmt 0 discriminator 1
 527 0130 3A4B     		ldr	r3, .L36+44
 528 0132 1A68     		ldr	r2, [r3]
 529 0134 3A4B     		ldr	r3, .L36+48
 530 0136 1B68     		ldr	r3, [r3]
 531 0138 D31A     		subs	r3, r2, r3
 532 013a 364A     		ldr	r2, .L36+36
 533 013c 1360     		str	r3, [r2]
 534              	.L30:
 121:mbus.c        ****               if (mbus_bit_min > (mbus_bit_start - mbus_bit_stop))  mbus_bit_min = (mbus_bit_start 
 535              		.loc 1 121 0 is_stmt 1
 536 013e 374B     		ldr	r3, .L36+44
 537 0140 1A68     		ldr	r2, [r3]
 538 0142 374B     		ldr	r3, .L36+48
 539 0144 1B68     		ldr	r3, [r3]
 540 0146 D21A     		subs	r2, r2, r3
 541 0148 304B     		ldr	r3, .L36+28
 542 014a 1B68     		ldr	r3, [r3]
 543 014c 9A42     		cmp	r2, r3
 544 014e 06D2     		bcs	.L27
 545              		.loc 1 121 0 is_stmt 0 discriminator 1
 546 0150 324B     		ldr	r3, .L36+44
 547 0152 1A68     		ldr	r2, [r3]
 548 0154 324B     		ldr	r3, .L36+48
 549 0156 1B68     		ldr	r3, [r3]
 550 0158 D31A     		subs	r3, r2, r3
 551 015a 2C4A     		ldr	r2, .L36+28
 552 015c 1360     		str	r3, [r2]
 553              	.L27:
 110:mbus.c        ****         {
 554              		.loc 1 110 0 is_stmt 1
 555 015e FFF7FEFF 		bl	UART_2_GetRxBufferSize
 556 0162 0346     		mov	r3, r0
 557 0164 002B     		cmp	r3, #0
 558 0166 04D0     		beq	.L31
 110:mbus.c        ****         {
ARM GAS  C:\DOCUME~1\name\LOCALS~1\Temp\cc4uCjVA.s 			page 13


 559              		.loc 1 110 0 is_stmt 0 discriminator 1
 560 0168 2B4B     		ldr	r3, .L36+40
 561 016a 1B88     		ldrh	r3, [r3]
 562 016c B3F5FA7F 		cmp	r3, #500
 563 0170 A8D3     		bcc	.L32
 564              	.L31:
 122:mbus.c        ****            }
 123:mbus.c        ****         }
 124:mbus.c        ****         if (
 125:mbus.c        ****                (mbus_rx_count > 9)
 565              		.loc 1 125 0 is_stmt 1
 566 0172 294B     		ldr	r3, .L36+40
 567 0174 1B88     		ldrh	r3, [r3]
 124:mbus.c        ****                (mbus_rx_count > 9)
 568              		.loc 1 124 0
 569 0176 092B     		cmp	r3, #9
 570 0178 2DD9     		bls	.L33
 126:mbus.c        ****             && (0x68 == uart2_rx_buffer[0])
 571              		.loc 1 126 0
 572 017a 204B     		ldr	r3, .L36+12
 573 017c 1B78     		ldrb	r3, [r3]	@ zero_extendqisi2
 574 017e 682B     		cmp	r3, #104
 575 0180 29D1     		bne	.L33
 127:mbus.c        ****             && (uart2_rx_buffer[1] == uart2_rx_buffer[2])
 576              		.loc 1 127 0
 577 0182 1E4B     		ldr	r3, .L36+12
 578 0184 5A78     		ldrb	r2, [r3, #1]	@ zero_extendqisi2
 579 0186 1D4B     		ldr	r3, .L36+12
 580 0188 9B78     		ldrb	r3, [r3, #2]	@ zero_extendqisi2
 581 018a 9A42     		cmp	r2, r3
 582 018c 23D1     		bne	.L33
 128:mbus.c        ****             && (0x68 == uart2_rx_buffer[3])
 583              		.loc 1 128 0
 584 018e 1B4B     		ldr	r3, .L36+12
 585 0190 DB78     		ldrb	r3, [r3, #3]	@ zero_extendqisi2
 586 0192 682B     		cmp	r3, #104
 587 0194 1FD1     		bne	.L33
 129:mbus.c        ****             && (mbus_rx_count == uart2_rx_buffer[1]+6)
 588              		.loc 1 129 0
 589 0196 204B     		ldr	r3, .L36+40
 590 0198 1B88     		ldrh	r3, [r3]
 591 019a 1A46     		mov	r2, r3
 592 019c 174B     		ldr	r3, .L36+12
 593 019e 5B78     		ldrb	r3, [r3, #1]	@ zero_extendqisi2
 594 01a0 0633     		adds	r3, r3, #6
 595 01a2 9A42     		cmp	r2, r3
 596 01a4 17D1     		bne	.L33
 130:mbus.c        ****             && (mbus_cs((uint8 *)&uart2_rx_buffer[4], uart2_rx_buffer[1]) == uart2_rx_buffer[4+uart
 597              		.loc 1 130 0
 598 01a6 154B     		ldr	r3, .L36+12
 599 01a8 5B78     		ldrb	r3, [r3, #1]	@ zero_extendqisi2
 600 01aa 1E48     		ldr	r0, .L36+52
 601 01ac 1946     		mov	r1, r3
 602 01ae FFF7FEFF 		bl	mbus_cs
 603 01b2 0346     		mov	r3, r0
 604 01b4 1946     		mov	r1, r3
 605 01b6 114B     		ldr	r3, .L36+12
ARM GAS  C:\DOCUME~1\name\LOCALS~1\Temp\cc4uCjVA.s 			page 14


 606 01b8 5B78     		ldrb	r3, [r3, #1]	@ zero_extendqisi2
 607 01ba 0433     		adds	r3, r3, #4
 608 01bc 0F4A     		ldr	r2, .L36+12
 609 01be D35C     		ldrb	r3, [r2, r3]	@ zero_extendqisi2
 610 01c0 9942     		cmp	r1, r3
 611 01c2 08D1     		bne	.L33
 131:mbus.c        ****             && (0x16 == uart2_rx_buffer[5+uart2_rx_buffer[1]])
 612              		.loc 1 131 0
 613 01c4 0D4B     		ldr	r3, .L36+12
 614 01c6 5B78     		ldrb	r3, [r3, #1]	@ zero_extendqisi2
 615 01c8 0533     		adds	r3, r3, #5
 616 01ca 0C4A     		ldr	r2, .L36+12
 617 01cc D35C     		ldrb	r3, [r2, r3]	@ zero_extendqisi2
 618 01ce 162B     		cmp	r3, #22
 619 01d0 01D1     		bne	.L33
 132:mbus.c        ****         )
 133:mbus.c        ****             return 1;
 620              		.loc 1 133 0
 621 01d2 0123     		movs	r3, #1
 622 01d4 08E0     		b	.L34
 623              	.L33:
 134:mbus.c        ****         else
 135:mbus.c        ****         {
 136:mbus.c        ****             CyDelay(200); // 330 bit times + 50ms, kai 2400bps
 624              		.loc 1 136 0
 625 01d6 C820     		movs	r0, #200
 626 01d8 FFF7FEFF 		bl	CyDelay
 627              	.LBE3:
 137:mbus.c        ****         }
 138:mbus.c        ****     } while (mbus_repeat_count < 3);
 628              		.loc 1 138 0
 629 01dc 064B     		ldr	r3, .L36+8
 630 01de 1B88     		ldrh	r3, [r3]
 631 01e0 022B     		cmp	r3, #2
 632 01e2 7FF62DAF 		bls	.L35
 139:mbus.c        ****     return 0;
 633              		.loc 1 139 0
 634 01e6 0023     		movs	r3, #0
 635              	.L34:
 140:mbus.c        **** }
 636              		.loc 1 140 0
 637 01e8 1846     		mov	r0, r3
 638 01ea 0C37     		adds	r7, r7, #12
 639              		.cfi_def_cfa_offset 12
 640 01ec BD46     		mov	sp, r7
 641              		.cfi_def_cfa_register 13
 642              		@ sp needed
 643 01ee 90BD     		pop	{r4, r7, pc}
 644              	.L37:
 645              		.align	2
 646              	.L36:
 647 01f0 00000000 		.word	uart2_tx_buffer
 648 01f4 00000000 		.word	FCB_Bit
 649 01f8 00000000 		.word	mbus_repeat_count
 650 01fc 00000000 		.word	uart2_rx_buffer
 651 0200 00000000 		.word	mbus_tmr_start
 652 0204 00000000 		.word	mbus_tmr_stop
ARM GAS  C:\DOCUME~1\name\LOCALS~1\Temp\cc4uCjVA.s 			page 15


 653 0208 3F0D0300 		.word	199999
 654 020c 00000000 		.word	mbus_bit_min
 655 0210 400D0300 		.word	200000
 656 0214 00000000 		.word	mbus_bit_max
 657 0218 00000000 		.word	mbus_rx_count
 658 021c 00000000 		.word	mbus_bit_start
 659 0220 00000000 		.word	mbus_bit_stop
 660 0224 04000000 		.word	uart2_rx_buffer+4
 661              		.cfi_endproc
 662              	.LFE66:
 663              		.size	mbus_request_respond, .-mbus_request_respond
 664              		.section	.text.mbus_snd_nke,"ax",%progbits
 665              		.align	2
 666              		.global	mbus_snd_nke
 667              		.thumb
 668              		.thumb_func
 669              		.type	mbus_snd_nke, %function
 670              	mbus_snd_nke:
 671              	.LFB67:
 141:mbus.c        **** 
 142:mbus.c        **** uint8 mbus_snd_nke(uint8 short_addres)
 143:mbus.c        **** {
 672              		.loc 1 143 0
 673              		.cfi_startproc
 674              		@ args = 0, pretend = 0, frame = 8
 675              		@ frame_needed = 1, uses_anonymous_args = 0
 676 0000 80B5     		push	{r7, lr}
 677              		.cfi_def_cfa_offset 8
 678              		.cfi_offset 7, -8
 679              		.cfi_offset 14, -4
 680 0002 82B0     		sub	sp, sp, #8
 681              		.cfi_def_cfa_offset 16
 682 0004 00AF     		add	r7, sp, #0
 683              		.cfi_def_cfa_register 7
 684 0006 0346     		mov	r3, r0
 685 0008 FB71     		strb	r3, [r7, #7]
 144:mbus.c        ****     FCB_Bit = 0;
 686              		.loc 1 144 0
 687 000a 104B     		ldr	r3, .L40
 688 000c 0022     		movs	r2, #0
 689 000e 1A70     		strb	r2, [r3]
 145:mbus.c        ****     uart2_tx_buffer[0] = 0x10;
 690              		.loc 1 145 0
 691 0010 0F4B     		ldr	r3, .L40+4
 692 0012 1022     		movs	r2, #16
 693 0014 1A70     		strb	r2, [r3]
 146:mbus.c        ****     uart2_tx_buffer[1] = 0x40;
 694              		.loc 1 146 0
 695 0016 0E4B     		ldr	r3, .L40+4
 696 0018 4022     		movs	r2, #64
 697 001a 5A70     		strb	r2, [r3, #1]
 147:mbus.c        ****     uart2_tx_buffer[2] = short_addres;
 698              		.loc 1 147 0
 699 001c 0C4A     		ldr	r2, .L40+4
 700 001e FB79     		ldrb	r3, [r7, #7]
 701 0020 9370     		strb	r3, [r2, #2]
 148:mbus.c        ****     uart2_tx_buffer[3] = uart2_tx_buffer[1] + uart2_tx_buffer[2];
ARM GAS  C:\DOCUME~1\name\LOCALS~1\Temp\cc4uCjVA.s 			page 16


 702              		.loc 1 148 0
 703 0022 0B4B     		ldr	r3, .L40+4
 704 0024 5A78     		ldrb	r2, [r3, #1]	@ zero_extendqisi2
 705 0026 0A4B     		ldr	r3, .L40+4
 706 0028 9B78     		ldrb	r3, [r3, #2]	@ zero_extendqisi2
 707 002a 1344     		add	r3, r3, r2
 708 002c DAB2     		uxtb	r2, r3
 709 002e 084B     		ldr	r3, .L40+4
 710 0030 DA70     		strb	r2, [r3, #3]
 149:mbus.c        ****     uart2_tx_buffer[4] = 0x16;
 711              		.loc 1 149 0
 712 0032 074B     		ldr	r3, .L40+4
 713 0034 1622     		movs	r2, #22
 714 0036 1A71     		strb	r2, [r3, #4]
 150:mbus.c        ****     
 151:mbus.c        ****     return mbus_send_confirm((const uint8 *)&uart2_tx_buffer,5);
 715              		.loc 1 151 0
 716 0038 0548     		ldr	r0, .L40+4
 717 003a 0521     		movs	r1, #5
 718 003c FFF7FEFF 		bl	mbus_send_confirm
 719 0040 0346     		mov	r3, r0
 152:mbus.c        **** }
 720              		.loc 1 152 0
 721 0042 1846     		mov	r0, r3
 722 0044 0837     		adds	r7, r7, #8
 723              		.cfi_def_cfa_offset 8
 724 0046 BD46     		mov	sp, r7
 725              		.cfi_def_cfa_register 13
 726              		@ sp needed
 727 0048 80BD     		pop	{r7, pc}
 728              	.L41:
 729 004a 00BF     		.align	2
 730              	.L40:
 731 004c 00000000 		.word	FCB_Bit
 732 0050 00000000 		.word	uart2_tx_buffer
 733              		.cfi_endproc
 734              	.LFE67:
 735              		.size	mbus_snd_nke, .-mbus_snd_nke
 736              		.section	.text.mbus_snd_ud2,"ax",%progbits
 737              		.align	2
 738              		.global	mbus_snd_ud2
 739              		.thumb
 740              		.thumb_func
 741              		.type	mbus_snd_ud2, %function
 742              	mbus_snd_ud2:
 743              	.LFB68:
 153:mbus.c        **** uint8 mbus_snd_ud2(uint8 short_addres, const uint8 * user_data, unsigned int lenght)
 154:mbus.c        **** {
 744              		.loc 1 154 0
 745              		.cfi_startproc
 746              		@ args = 0, pretend = 0, frame = 16
 747              		@ frame_needed = 1, uses_anonymous_args = 0
 748              		@ link register save eliminated.
 749 0000 80B4     		push	{r7}
 750              		.cfi_def_cfa_offset 4
 751              		.cfi_offset 7, -4
 752 0002 85B0     		sub	sp, sp, #20
ARM GAS  C:\DOCUME~1\name\LOCALS~1\Temp\cc4uCjVA.s 			page 17


 753              		.cfi_def_cfa_offset 24
 754 0004 00AF     		add	r7, sp, #0
 755              		.cfi_def_cfa_register 7
 756 0006 0346     		mov	r3, r0
 757 0008 B960     		str	r1, [r7, #8]
 758 000a 7A60     		str	r2, [r7, #4]
 759 000c FB73     		strb	r3, [r7, #15]
 155:mbus.c        ****     
 156:mbus.c        **** }
 760              		.loc 1 156 0
 761 000e 1846     		mov	r0, r3
 762 0010 1437     		adds	r7, r7, #20
 763              		.cfi_def_cfa_offset 4
 764 0012 BD46     		mov	sp, r7
 765              		.cfi_def_cfa_register 13
 766              		@ sp needed
 767 0014 5DF8047B 		ldr	r7, [sp], #4
 768              		.cfi_restore 7
 769              		.cfi_def_cfa_offset 0
 770 0018 7047     		bx	lr
 771              		.cfi_endproc
 772              	.LFE68:
 773              		.size	mbus_snd_ud2, .-mbus_snd_ud2
 774 001a 00BF     		.text
 775              	.Letext0:
 776              		.file 2 "c:\\program files\\cypress\\psoc creator\\4.0\\psoc creator\\import\\gnu\\arm\\4.9.3\\arm
 777              		.file 3 "c:\\program files\\cypress\\psoc creator\\4.0\\psoc creator\\import\\gnu\\arm\\4.9.3\\arm
 778              		.file 4 "Generated_Source\\PSoC5/cytypes.h"
 779              		.file 5 "Generated_Source\\PSoC5/core_cm3.h"
 780              		.section	.debug_info,"",%progbits
 781              	.Ldebug_info0:
 782 0000 22030000 		.4byte	0x322
 783 0004 0400     		.2byte	0x4
 784 0006 00000000 		.4byte	.Ldebug_abbrev0
 785 000a 04       		.byte	0x4
 786 000b 01       		.uleb128 0x1
 787 000c 79000000 		.4byte	.LASF42
 788 0010 01       		.byte	0x1
 789 0011 1C010000 		.4byte	.LASF43
 790 0015 14000000 		.4byte	.LASF44
 791 0019 00000000 		.4byte	.Ldebug_ranges0+0
 792 001d 00000000 		.4byte	0
 793 0021 00000000 		.4byte	.Ldebug_line0
 794 0025 02       		.uleb128 0x2
 795 0026 01       		.byte	0x1
 796 0027 06       		.byte	0x6
 797 0028 B7020000 		.4byte	.LASF0
 798 002c 02       		.uleb128 0x2
 799 002d 01       		.byte	0x1
 800 002e 08       		.byte	0x8
 801 002f 3A010000 		.4byte	.LASF1
 802 0033 02       		.uleb128 0x2
 803 0034 02       		.byte	0x2
 804 0035 05       		.byte	0x5
 805 0036 C0010000 		.4byte	.LASF2
 806 003a 02       		.uleb128 0x2
 807 003b 02       		.byte	0x2
ARM GAS  C:\DOCUME~1\name\LOCALS~1\Temp\cc4uCjVA.s 			page 18


 808 003c 07       		.byte	0x7
 809 003d 68010000 		.4byte	.LASF3
 810 0041 03       		.uleb128 0x3
 811 0042 5E000000 		.4byte	.LASF9
 812 0046 02       		.byte	0x2
 813 0047 3F       		.byte	0x3f
 814 0048 4C000000 		.4byte	0x4c
 815 004c 02       		.uleb128 0x2
 816 004d 04       		.byte	0x4
 817 004e 05       		.byte	0x5
 818 004f 70000000 		.4byte	.LASF4
 819 0053 02       		.uleb128 0x2
 820 0054 04       		.byte	0x4
 821 0055 07       		.byte	0x7
 822 0056 56010000 		.4byte	.LASF5
 823 005a 02       		.uleb128 0x2
 824 005b 08       		.byte	0x8
 825 005c 05       		.byte	0x5
 826 005d 46020000 		.4byte	.LASF6
 827 0061 02       		.uleb128 0x2
 828 0062 08       		.byte	0x8
 829 0063 07       		.byte	0x7
 830 0064 E5010000 		.4byte	.LASF7
 831 0068 04       		.uleb128 0x4
 832 0069 04       		.byte	0x4
 833 006a 05       		.byte	0x5
 834 006b 696E7400 		.ascii	"int\000"
 835 006f 02       		.uleb128 0x2
 836 0070 04       		.byte	0x4
 837 0071 07       		.byte	0x7
 838 0072 D8010000 		.4byte	.LASF8
 839 0076 03       		.uleb128 0x3
 840 0077 35020000 		.4byte	.LASF10
 841 007b 03       		.byte	0x3
 842 007c 2C       		.byte	0x2c
 843 007d 41000000 		.4byte	0x41
 844 0081 05       		.uleb128 0x5
 845 0082 91020000 		.4byte	.LASF11
 846 0086 04       		.byte	0x4
 847 0087 9201     		.2byte	0x192
 848 0089 2C000000 		.4byte	0x2c
 849 008d 05       		.uleb128 0x5
 850 008e CA010000 		.4byte	.LASF12
 851 0092 04       		.byte	0x4
 852 0093 9301     		.2byte	0x193
 853 0095 3A000000 		.4byte	0x3a
 854 0099 05       		.uleb128 0x5
 855 009a D1010000 		.4byte	.LASF13
 856 009e 04       		.byte	0x4
 857 009f 9401     		.2byte	0x194
 858 00a1 53000000 		.4byte	0x53
 859 00a5 02       		.uleb128 0x2
 860 00a6 04       		.byte	0x4
 861 00a7 04       		.byte	0x4
 862 00a8 0E000000 		.4byte	.LASF14
 863 00ac 02       		.uleb128 0x2
 864 00ad 08       		.byte	0x8
ARM GAS  C:\DOCUME~1\name\LOCALS~1\Temp\cc4uCjVA.s 			page 19


 865 00ae 04       		.byte	0x4
 866 00af AC010000 		.4byte	.LASF15
 867 00b3 02       		.uleb128 0x2
 868 00b4 01       		.byte	0x1
 869 00b5 08       		.byte	0x8
 870 00b6 63020000 		.4byte	.LASF16
 871 00ba 02       		.uleb128 0x2
 872 00bb 04       		.byte	0x4
 873 00bc 07       		.byte	0x7
 874 00bd 3D020000 		.4byte	.LASF17
 875 00c1 06       		.uleb128 0x6
 876 00c2 5B020000 		.4byte	.LASF20
 877 00c6 01       		.byte	0x1
 878 00c7 19       		.byte	0x19
 879 00c8 81000000 		.4byte	0x81
 880 00cc 00000000 		.4byte	.LFB63
 881 00d0 3E000000 		.4byte	.LFE63-.LFB63
 882 00d4 01       		.uleb128 0x1
 883 00d5 9C       		.byte	0x9c
 884 00d6 04010000 		.4byte	0x104
 885 00da 07       		.uleb128 0x7
 886 00db 8A020000 		.4byte	.LASF18
 887 00df 01       		.byte	0x1
 888 00e0 19       		.byte	0x19
 889 00e1 04010000 		.4byte	0x104
 890 00e5 02       		.uleb128 0x2
 891 00e6 91       		.byte	0x91
 892 00e7 6C       		.sleb128 -20
 893 00e8 07       		.uleb128 0x7
 894 00e9 68020000 		.4byte	.LASF19
 895 00ed 01       		.byte	0x1
 896 00ee 19       		.byte	0x19
 897 00ef 68000000 		.4byte	0x68
 898 00f3 02       		.uleb128 0x2
 899 00f4 91       		.byte	0x91
 900 00f5 68       		.sleb128 -24
 901 00f6 08       		.uleb128 0x8
 902 00f7 637300   		.ascii	"cs\000"
 903 00fa 01       		.byte	0x1
 904 00fb 1B       		.byte	0x1b
 905 00fc 68000000 		.4byte	0x68
 906 0100 02       		.uleb128 0x2
 907 0101 91       		.byte	0x91
 908 0102 74       		.sleb128 -12
 909 0103 00       		.byte	0
 910 0104 09       		.uleb128 0x9
 911 0105 04       		.byte	0x4
 912 0106 81000000 		.4byte	0x81
 913 010a 0A       		.uleb128 0xa
 914 010b E2020000 		.4byte	.LASF21
 915 010f 01       		.byte	0x1
 916 0110 2D       		.byte	0x2d
 917 0111 81000000 		.4byte	0x81
 918 0115 00000000 		.4byte	.LFB64
 919 0119 14010000 		.4byte	.LFE64-.LFB64
 920 011d 01       		.uleb128 0x1
 921 011e 9C       		.byte	0x9c
ARM GAS  C:\DOCUME~1\name\LOCALS~1\Temp\cc4uCjVA.s 			page 20


 922 011f 57010000 		.4byte	0x157
 923 0123 07       		.uleb128 0x7
 924 0124 8A020000 		.4byte	.LASF18
 925 0128 01       		.byte	0x1
 926 0129 2D       		.byte	0x2d
 927 012a 57010000 		.4byte	0x157
 928 012e 02       		.uleb128 0x2
 929 012f 91       		.byte	0x91
 930 0130 6C       		.sleb128 -20
 931 0131 07       		.uleb128 0x7
 932 0132 54020000 		.4byte	.LASF22
 933 0136 01       		.byte	0x1
 934 0137 2D       		.byte	0x2d
 935 0138 6F000000 		.4byte	0x6f
 936 013c 02       		.uleb128 0x2
 937 013d 91       		.byte	0x91
 938 013e 68       		.sleb128 -24
 939 013f 0B       		.uleb128 0xb
 940 0140 10000000 		.4byte	.LBB2
 941 0144 C4000000 		.4byte	.LBE2-.LBB2
 942 0148 0C       		.uleb128 0xc
 943 0149 98010000 		.4byte	.LASF25
 944 014d 01       		.byte	0x1
 945 014e 38       		.byte	0x38
 946 014f 68000000 		.4byte	0x68
 947 0153 0D       		.uleb128 0xd
 948 0154 00       		.byte	0
 949 0155 00       		.byte	0
 950 0156 00       		.byte	0
 951 0157 09       		.uleb128 0x9
 952 0158 04       		.byte	0x4
 953 0159 5D010000 		.4byte	0x15d
 954 015d 0E       		.uleb128 0xe
 955 015e 81000000 		.4byte	0x81
 956 0162 0F       		.uleb128 0xf
 957 0163 A6020000 		.4byte	.LASF45
 958 0167 01       		.byte	0x1
 959 0168 4E       		.byte	0x4e
 960 0169 81000000 		.4byte	0x81
 961 016d 00000000 		.4byte	.LFB65
 962 0171 20000000 		.4byte	.LFE65-.LFB65
 963 0175 01       		.uleb128 0x1
 964 0176 9C       		.byte	0x9c
 965 0177 0A       		.uleb128 0xa
 966 0178 07010000 		.4byte	.LASF23
 967 017c 01       		.byte	0x1
 968 017d 53       		.byte	0x53
 969 017e 81000000 		.4byte	0x81
 970 0182 00000000 		.4byte	.LFB66
 971 0186 28020000 		.4byte	.LFE66-.LFB66
 972 018a 01       		.uleb128 0x1
 973 018b 9C       		.byte	0x9c
 974 018c B6010000 		.4byte	0x1b6
 975 0190 07       		.uleb128 0x7
 976 0191 23010000 		.4byte	.LASF24
 977 0195 01       		.byte	0x1
 978 0196 53       		.byte	0x53
ARM GAS  C:\DOCUME~1\name\LOCALS~1\Temp\cc4uCjVA.s 			page 21


 979 0197 81000000 		.4byte	0x81
 980 019b 02       		.uleb128 0x2
 981 019c 91       		.byte	0x91
 982 019d 6F       		.sleb128 -17
 983 019e 0B       		.uleb128 0xb
 984 019f 40000000 		.4byte	.LBB3
 985 01a3 9C010000 		.4byte	.LBE3-.LBB3
 986 01a7 0C       		.uleb128 0xc
 987 01a8 98010000 		.4byte	.LASF25
 988 01ac 01       		.byte	0x1
 989 01ad 38       		.byte	0x38
 990 01ae 68000000 		.4byte	0x68
 991 01b2 0D       		.uleb128 0xd
 992 01b3 00       		.byte	0
 993 01b4 00       		.byte	0
 994 01b5 00       		.byte	0
 995 01b6 0A       		.uleb128 0xa
 996 01b7 B3010000 		.4byte	.LASF26
 997 01bb 01       		.byte	0x1
 998 01bc 8E       		.byte	0x8e
 999 01bd 81000000 		.4byte	0x81
 1000 01c1 00000000 		.4byte	.LFB67
 1001 01c5 54000000 		.4byte	.LFE67-.LFB67
 1002 01c9 01       		.uleb128 0x1
 1003 01ca 9C       		.byte	0x9c
 1004 01cb DE010000 		.4byte	0x1de
 1005 01cf 07       		.uleb128 0x7
 1006 01d0 23010000 		.4byte	.LASF24
 1007 01d4 01       		.byte	0x1
 1008 01d5 8E       		.byte	0x8e
 1009 01d6 81000000 		.4byte	0x81
 1010 01da 02       		.uleb128 0x2
 1011 01db 91       		.byte	0x91
 1012 01dc 77       		.sleb128 -9
 1013 01dd 00       		.byte	0
 1014 01de 06       		.uleb128 0x6
 1015 01df 6E020000 		.4byte	.LASF27
 1016 01e3 01       		.byte	0x1
 1017 01e4 99       		.byte	0x99
 1018 01e5 81000000 		.4byte	0x81
 1019 01e9 00000000 		.4byte	.LFB68
 1020 01ed 1A000000 		.4byte	.LFE68-.LFB68
 1021 01f1 01       		.uleb128 0x1
 1022 01f2 9C       		.byte	0x9c
 1023 01f3 22020000 		.4byte	0x222
 1024 01f7 07       		.uleb128 0x7
 1025 01f8 23010000 		.4byte	.LASF24
 1026 01fc 01       		.byte	0x1
 1027 01fd 99       		.byte	0x99
 1028 01fe 81000000 		.4byte	0x81
 1029 0202 02       		.uleb128 0x2
 1030 0203 91       		.byte	0x91
 1031 0204 77       		.sleb128 -9
 1032 0205 07       		.uleb128 0x7
 1033 0206 30010000 		.4byte	.LASF28
 1034 020a 01       		.byte	0x1
 1035 020b 99       		.byte	0x99
ARM GAS  C:\DOCUME~1\name\LOCALS~1\Temp\cc4uCjVA.s 			page 22


 1036 020c 57010000 		.4byte	0x157
 1037 0210 02       		.uleb128 0x2
 1038 0211 91       		.byte	0x91
 1039 0212 70       		.sleb128 -16
 1040 0213 07       		.uleb128 0x7
 1041 0214 54020000 		.4byte	.LASF22
 1042 0218 01       		.byte	0x1
 1043 0219 99       		.byte	0x99
 1044 021a 6F000000 		.4byte	0x6f
 1045 021e 02       		.uleb128 0x2
 1046 021f 91       		.byte	0x91
 1047 0220 6C       		.sleb128 -20
 1048 0221 00       		.byte	0
 1049 0222 10       		.uleb128 0x10
 1050 0223 8B010000 		.4byte	.LASF29
 1051 0227 05       		.byte	0x5
 1052 0228 9606     		.2byte	0x696
 1053 022a 2E020000 		.4byte	0x22e
 1054 022e 11       		.uleb128 0x11
 1055 022f 76000000 		.4byte	0x76
 1056 0233 12       		.uleb128 0x12
 1057 0234 81000000 		.4byte	0x81
 1058 0238 44020000 		.4byte	0x244
 1059 023c 13       		.uleb128 0x13
 1060 023d BA000000 		.4byte	0xba
 1061 0241 F301     		.2byte	0x1f3
 1062 0243 00       		.byte	0
 1063 0244 14       		.uleb128 0x14
 1064 0245 7B010000 		.4byte	.LASF30
 1065 0249 01       		.byte	0x1
 1066 024a 15       		.byte	0x15
 1067 024b 33020000 		.4byte	0x233
 1068 024f 05       		.uleb128 0x5
 1069 0250 03       		.byte	0x3
 1070 0251 00000000 		.4byte	uart2_tx_buffer
 1071 0255 14       		.uleb128 0x14
 1072 0256 0A020000 		.4byte	.LASF31
 1073 025a 01       		.byte	0x1
 1074 025b 16       		.byte	0x16
 1075 025c 33020000 		.4byte	0x233
 1076 0260 05       		.uleb128 0x5
 1077 0261 03       		.byte	0x3
 1078 0262 00000000 		.4byte	uart2_rx_buffer
 1079 0266 14       		.uleb128 0x14
 1080 0267 00000000 		.4byte	.LASF32
 1081 026b 01       		.byte	0x1
 1082 026c 17       		.byte	0x17
 1083 026d 8D000000 		.4byte	0x8d
 1084 0271 05       		.uleb128 0x5
 1085 0272 03       		.byte	0x3
 1086 0273 00000000 		.4byte	mbus_rx_count
 1087 0277 14       		.uleb128 0x14
 1088 0278 97020000 		.4byte	.LASF33
 1089 027c 01       		.byte	0x1
 1090 027d 25       		.byte	0x25
 1091 027e 99000000 		.4byte	0x99
 1092 0282 05       		.uleb128 0x5
ARM GAS  C:\DOCUME~1\name\LOCALS~1\Temp\cc4uCjVA.s 			page 23


 1093 0283 03       		.byte	0x3
 1094 0284 00000000 		.4byte	mbus_tmr_start
 1095 0288 14       		.uleb128 0x14
 1096 0289 FC010000 		.4byte	.LASF34
 1097 028d 01       		.byte	0x1
 1098 028e 25       		.byte	0x25
 1099 028f 99000000 		.4byte	0x99
 1100 0293 05       		.uleb128 0x5
 1101 0294 03       		.byte	0x3
 1102 0295 00000000 		.4byte	mbus_tmr_stop
 1103 0299 14       		.uleb128 0x14
 1104 029a C3020000 		.4byte	.LASF35
 1105 029e 01       		.byte	0x1
 1106 029f 29       		.byte	0x29
 1107 02a0 99000000 		.4byte	0x99
 1108 02a4 05       		.uleb128 0x5
 1109 02a5 03       		.byte	0x3
 1110 02a6 00000000 		.4byte	mbus_bit_min
 1111 02aa 14       		.uleb128 0x14
 1112 02ab 1A020000 		.4byte	.LASF36
 1113 02af 01       		.byte	0x1
 1114 02b0 29       		.byte	0x29
 1115 02b1 99000000 		.4byte	0x99
 1116 02b5 05       		.uleb128 0x5
 1117 02b6 03       		.byte	0x3
 1118 02b7 00000000 		.4byte	mbus_bit_max
 1119 02bb 14       		.uleb128 0x14
 1120 02bc D0020000 		.4byte	.LASF37
 1121 02c0 01       		.byte	0x1
 1122 02c1 2B       		.byte	0x2b
 1123 02c2 8D000000 		.4byte	0x8d
 1124 02c6 05       		.uleb128 0x5
 1125 02c7 03       		.byte	0x3
 1126 02c8 00000000 		.4byte	mbus_repeat_count
 1127 02cc 12       		.uleb128 0x12
 1128 02cd 81000000 		.4byte	0x81
 1129 02d1 DC020000 		.4byte	0x2dc
 1130 02d5 15       		.uleb128 0x15
 1131 02d6 BA000000 		.4byte	0xba
 1132 02da 04       		.byte	0x4
 1133 02db 00       		.byte	0
 1134 02dc 14       		.uleb128 0x14
 1135 02dd 27020000 		.4byte	.LASF38
 1136 02e1 01       		.byte	0x1
 1137 02e2 11       		.byte	0x11
 1138 02e3 ED020000 		.4byte	0x2ed
 1139 02e7 05       		.uleb128 0x5
 1140 02e8 03       		.byte	0x3
 1141 02e9 00000000 		.4byte	SND_NKE_FRAME
 1142 02ed 0E       		.uleb128 0xe
 1143 02ee CC020000 		.4byte	0x2cc
 1144 02f2 14       		.uleb128 0x14
 1145 02f3 7B020000 		.4byte	.LASF39
 1146 02f7 01       		.byte	0x1
 1147 02f8 27       		.byte	0x27
 1148 02f9 99000000 		.4byte	0x99
 1149 02fd 05       		.uleb128 0x5
ARM GAS  C:\DOCUME~1\name\LOCALS~1\Temp\cc4uCjVA.s 			page 24


 1150 02fe 03       		.byte	0x3
 1151 02ff 00000000 		.4byte	mbus_bit_start
 1152 0303 14       		.uleb128 0x14
 1153 0304 48010000 		.4byte	.LASF40
 1154 0308 01       		.byte	0x1
 1155 0309 27       		.byte	0x27
 1156 030a 99000000 		.4byte	0x99
 1157 030e 05       		.uleb128 0x5
 1158 030f 03       		.byte	0x3
 1159 0310 00000000 		.4byte	mbus_bit_stop
 1160 0314 14       		.uleb128 0x14
 1161 0315 68000000 		.4byte	.LASF41
 1162 0319 01       		.byte	0x1
 1163 031a 4D       		.byte	0x4d
 1164 031b 81000000 		.4byte	0x81
 1165 031f 05       		.uleb128 0x5
 1166 0320 03       		.byte	0x3
 1167 0321 00000000 		.4byte	FCB_Bit
 1168 0325 00       		.byte	0
 1169              		.section	.debug_abbrev,"",%progbits
 1170              	.Ldebug_abbrev0:
 1171 0000 01       		.uleb128 0x1
 1172 0001 11       		.uleb128 0x11
 1173 0002 01       		.byte	0x1
 1174 0003 25       		.uleb128 0x25
 1175 0004 0E       		.uleb128 0xe
 1176 0005 13       		.uleb128 0x13
 1177 0006 0B       		.uleb128 0xb
 1178 0007 03       		.uleb128 0x3
 1179 0008 0E       		.uleb128 0xe
 1180 0009 1B       		.uleb128 0x1b
 1181 000a 0E       		.uleb128 0xe
 1182 000b 55       		.uleb128 0x55
 1183 000c 17       		.uleb128 0x17
 1184 000d 11       		.uleb128 0x11
 1185 000e 01       		.uleb128 0x1
 1186 000f 10       		.uleb128 0x10
 1187 0010 17       		.uleb128 0x17
 1188 0011 00       		.byte	0
 1189 0012 00       		.byte	0
 1190 0013 02       		.uleb128 0x2
 1191 0014 24       		.uleb128 0x24
 1192 0015 00       		.byte	0
 1193 0016 0B       		.uleb128 0xb
 1194 0017 0B       		.uleb128 0xb
 1195 0018 3E       		.uleb128 0x3e
 1196 0019 0B       		.uleb128 0xb
 1197 001a 03       		.uleb128 0x3
 1198 001b 0E       		.uleb128 0xe
 1199 001c 00       		.byte	0
 1200 001d 00       		.byte	0
 1201 001e 03       		.uleb128 0x3
 1202 001f 16       		.uleb128 0x16
 1203 0020 00       		.byte	0
 1204 0021 03       		.uleb128 0x3
 1205 0022 0E       		.uleb128 0xe
 1206 0023 3A       		.uleb128 0x3a
ARM GAS  C:\DOCUME~1\name\LOCALS~1\Temp\cc4uCjVA.s 			page 25


 1207 0024 0B       		.uleb128 0xb
 1208 0025 3B       		.uleb128 0x3b
 1209 0026 0B       		.uleb128 0xb
 1210 0027 49       		.uleb128 0x49
 1211 0028 13       		.uleb128 0x13
 1212 0029 00       		.byte	0
 1213 002a 00       		.byte	0
 1214 002b 04       		.uleb128 0x4
 1215 002c 24       		.uleb128 0x24
 1216 002d 00       		.byte	0
 1217 002e 0B       		.uleb128 0xb
 1218 002f 0B       		.uleb128 0xb
 1219 0030 3E       		.uleb128 0x3e
 1220 0031 0B       		.uleb128 0xb
 1221 0032 03       		.uleb128 0x3
 1222 0033 08       		.uleb128 0x8
 1223 0034 00       		.byte	0
 1224 0035 00       		.byte	0
 1225 0036 05       		.uleb128 0x5
 1226 0037 16       		.uleb128 0x16
 1227 0038 00       		.byte	0
 1228 0039 03       		.uleb128 0x3
 1229 003a 0E       		.uleb128 0xe
 1230 003b 3A       		.uleb128 0x3a
 1231 003c 0B       		.uleb128 0xb
 1232 003d 3B       		.uleb128 0x3b
 1233 003e 05       		.uleb128 0x5
 1234 003f 49       		.uleb128 0x49
 1235 0040 13       		.uleb128 0x13
 1236 0041 00       		.byte	0
 1237 0042 00       		.byte	0
 1238 0043 06       		.uleb128 0x6
 1239 0044 2E       		.uleb128 0x2e
 1240 0045 01       		.byte	0x1
 1241 0046 3F       		.uleb128 0x3f
 1242 0047 19       		.uleb128 0x19
 1243 0048 03       		.uleb128 0x3
 1244 0049 0E       		.uleb128 0xe
 1245 004a 3A       		.uleb128 0x3a
 1246 004b 0B       		.uleb128 0xb
 1247 004c 3B       		.uleb128 0x3b
 1248 004d 0B       		.uleb128 0xb
 1249 004e 27       		.uleb128 0x27
 1250 004f 19       		.uleb128 0x19
 1251 0050 49       		.uleb128 0x49
 1252 0051 13       		.uleb128 0x13
 1253 0052 11       		.uleb128 0x11
 1254 0053 01       		.uleb128 0x1
 1255 0054 12       		.uleb128 0x12
 1256 0055 06       		.uleb128 0x6
 1257 0056 40       		.uleb128 0x40
 1258 0057 18       		.uleb128 0x18
 1259 0058 9742     		.uleb128 0x2117
 1260 005a 19       		.uleb128 0x19
 1261 005b 01       		.uleb128 0x1
 1262 005c 13       		.uleb128 0x13
 1263 005d 00       		.byte	0
ARM GAS  C:\DOCUME~1\name\LOCALS~1\Temp\cc4uCjVA.s 			page 26


 1264 005e 00       		.byte	0
 1265 005f 07       		.uleb128 0x7
 1266 0060 05       		.uleb128 0x5
 1267 0061 00       		.byte	0
 1268 0062 03       		.uleb128 0x3
 1269 0063 0E       		.uleb128 0xe
 1270 0064 3A       		.uleb128 0x3a
 1271 0065 0B       		.uleb128 0xb
 1272 0066 3B       		.uleb128 0x3b
 1273 0067 0B       		.uleb128 0xb
 1274 0068 49       		.uleb128 0x49
 1275 0069 13       		.uleb128 0x13
 1276 006a 02       		.uleb128 0x2
 1277 006b 18       		.uleb128 0x18
 1278 006c 00       		.byte	0
 1279 006d 00       		.byte	0
 1280 006e 08       		.uleb128 0x8
 1281 006f 34       		.uleb128 0x34
 1282 0070 00       		.byte	0
 1283 0071 03       		.uleb128 0x3
 1284 0072 08       		.uleb128 0x8
 1285 0073 3A       		.uleb128 0x3a
 1286 0074 0B       		.uleb128 0xb
 1287 0075 3B       		.uleb128 0x3b
 1288 0076 0B       		.uleb128 0xb
 1289 0077 49       		.uleb128 0x49
 1290 0078 13       		.uleb128 0x13
 1291 0079 02       		.uleb128 0x2
 1292 007a 18       		.uleb128 0x18
 1293 007b 00       		.byte	0
 1294 007c 00       		.byte	0
 1295 007d 09       		.uleb128 0x9
 1296 007e 0F       		.uleb128 0xf
 1297 007f 00       		.byte	0
 1298 0080 0B       		.uleb128 0xb
 1299 0081 0B       		.uleb128 0xb
 1300 0082 49       		.uleb128 0x49
 1301 0083 13       		.uleb128 0x13
 1302 0084 00       		.byte	0
 1303 0085 00       		.byte	0
 1304 0086 0A       		.uleb128 0xa
 1305 0087 2E       		.uleb128 0x2e
 1306 0088 01       		.byte	0x1
 1307 0089 3F       		.uleb128 0x3f
 1308 008a 19       		.uleb128 0x19
 1309 008b 03       		.uleb128 0x3
 1310 008c 0E       		.uleb128 0xe
 1311 008d 3A       		.uleb128 0x3a
 1312 008e 0B       		.uleb128 0xb
 1313 008f 3B       		.uleb128 0x3b
 1314 0090 0B       		.uleb128 0xb
 1315 0091 27       		.uleb128 0x27
 1316 0092 19       		.uleb128 0x19
 1317 0093 49       		.uleb128 0x49
 1318 0094 13       		.uleb128 0x13
 1319 0095 11       		.uleb128 0x11
 1320 0096 01       		.uleb128 0x1
ARM GAS  C:\DOCUME~1\name\LOCALS~1\Temp\cc4uCjVA.s 			page 27


 1321 0097 12       		.uleb128 0x12
 1322 0098 06       		.uleb128 0x6
 1323 0099 40       		.uleb128 0x40
 1324 009a 18       		.uleb128 0x18
 1325 009b 9642     		.uleb128 0x2116
 1326 009d 19       		.uleb128 0x19
 1327 009e 01       		.uleb128 0x1
 1328 009f 13       		.uleb128 0x13
 1329 00a0 00       		.byte	0
 1330 00a1 00       		.byte	0
 1331 00a2 0B       		.uleb128 0xb
 1332 00a3 0B       		.uleb128 0xb
 1333 00a4 01       		.byte	0x1
 1334 00a5 11       		.uleb128 0x11
 1335 00a6 01       		.uleb128 0x1
 1336 00a7 12       		.uleb128 0x12
 1337 00a8 06       		.uleb128 0x6
 1338 00a9 00       		.byte	0
 1339 00aa 00       		.byte	0
 1340 00ab 0C       		.uleb128 0xc
 1341 00ac 2E       		.uleb128 0x2e
 1342 00ad 01       		.byte	0x1
 1343 00ae 3F       		.uleb128 0x3f
 1344 00af 19       		.uleb128 0x19
 1345 00b0 03       		.uleb128 0x3
 1346 00b1 0E       		.uleb128 0xe
 1347 00b2 3A       		.uleb128 0x3a
 1348 00b3 0B       		.uleb128 0xb
 1349 00b4 3B       		.uleb128 0x3b
 1350 00b5 0B       		.uleb128 0xb
 1351 00b6 49       		.uleb128 0x49
 1352 00b7 13       		.uleb128 0x13
 1353 00b8 3C       		.uleb128 0x3c
 1354 00b9 19       		.uleb128 0x19
 1355 00ba 00       		.byte	0
 1356 00bb 00       		.byte	0
 1357 00bc 0D       		.uleb128 0xd
 1358 00bd 18       		.uleb128 0x18
 1359 00be 00       		.byte	0
 1360 00bf 00       		.byte	0
 1361 00c0 00       		.byte	0
 1362 00c1 0E       		.uleb128 0xe
 1363 00c2 26       		.uleb128 0x26
 1364 00c3 00       		.byte	0
 1365 00c4 49       		.uleb128 0x49
 1366 00c5 13       		.uleb128 0x13
 1367 00c6 00       		.byte	0
 1368 00c7 00       		.byte	0
 1369 00c8 0F       		.uleb128 0xf
 1370 00c9 2E       		.uleb128 0x2e
 1371 00ca 00       		.byte	0
 1372 00cb 3F       		.uleb128 0x3f
 1373 00cc 19       		.uleb128 0x19
 1374 00cd 03       		.uleb128 0x3
 1375 00ce 0E       		.uleb128 0xe
 1376 00cf 3A       		.uleb128 0x3a
 1377 00d0 0B       		.uleb128 0xb
ARM GAS  C:\DOCUME~1\name\LOCALS~1\Temp\cc4uCjVA.s 			page 28


 1378 00d1 3B       		.uleb128 0x3b
 1379 00d2 0B       		.uleb128 0xb
 1380 00d3 27       		.uleb128 0x27
 1381 00d4 19       		.uleb128 0x19
 1382 00d5 49       		.uleb128 0x49
 1383 00d6 13       		.uleb128 0x13
 1384 00d7 11       		.uleb128 0x11
 1385 00d8 01       		.uleb128 0x1
 1386 00d9 12       		.uleb128 0x12
 1387 00da 06       		.uleb128 0x6
 1388 00db 40       		.uleb128 0x40
 1389 00dc 18       		.uleb128 0x18
 1390 00dd 9742     		.uleb128 0x2117
 1391 00df 19       		.uleb128 0x19
 1392 00e0 00       		.byte	0
 1393 00e1 00       		.byte	0
 1394 00e2 10       		.uleb128 0x10
 1395 00e3 34       		.uleb128 0x34
 1396 00e4 00       		.byte	0
 1397 00e5 03       		.uleb128 0x3
 1398 00e6 0E       		.uleb128 0xe
 1399 00e7 3A       		.uleb128 0x3a
 1400 00e8 0B       		.uleb128 0xb
 1401 00e9 3B       		.uleb128 0x3b
 1402 00ea 05       		.uleb128 0x5
 1403 00eb 49       		.uleb128 0x49
 1404 00ec 13       		.uleb128 0x13
 1405 00ed 3F       		.uleb128 0x3f
 1406 00ee 19       		.uleb128 0x19
 1407 00ef 3C       		.uleb128 0x3c
 1408 00f0 19       		.uleb128 0x19
 1409 00f1 00       		.byte	0
 1410 00f2 00       		.byte	0
 1411 00f3 11       		.uleb128 0x11
 1412 00f4 35       		.uleb128 0x35
 1413 00f5 00       		.byte	0
 1414 00f6 49       		.uleb128 0x49
 1415 00f7 13       		.uleb128 0x13
 1416 00f8 00       		.byte	0
 1417 00f9 00       		.byte	0
 1418 00fa 12       		.uleb128 0x12
 1419 00fb 01       		.uleb128 0x1
 1420 00fc 01       		.byte	0x1
 1421 00fd 49       		.uleb128 0x49
 1422 00fe 13       		.uleb128 0x13
 1423 00ff 01       		.uleb128 0x1
 1424 0100 13       		.uleb128 0x13
 1425 0101 00       		.byte	0
 1426 0102 00       		.byte	0
 1427 0103 13       		.uleb128 0x13
 1428 0104 21       		.uleb128 0x21
 1429 0105 00       		.byte	0
 1430 0106 49       		.uleb128 0x49
 1431 0107 13       		.uleb128 0x13
 1432 0108 2F       		.uleb128 0x2f
 1433 0109 05       		.uleb128 0x5
 1434 010a 00       		.byte	0
ARM GAS  C:\DOCUME~1\name\LOCALS~1\Temp\cc4uCjVA.s 			page 29


 1435 010b 00       		.byte	0
 1436 010c 14       		.uleb128 0x14
 1437 010d 34       		.uleb128 0x34
 1438 010e 00       		.byte	0
 1439 010f 03       		.uleb128 0x3
 1440 0110 0E       		.uleb128 0xe
 1441 0111 3A       		.uleb128 0x3a
 1442 0112 0B       		.uleb128 0xb
 1443 0113 3B       		.uleb128 0x3b
 1444 0114 0B       		.uleb128 0xb
 1445 0115 49       		.uleb128 0x49
 1446 0116 13       		.uleb128 0x13
 1447 0117 3F       		.uleb128 0x3f
 1448 0118 19       		.uleb128 0x19
 1449 0119 02       		.uleb128 0x2
 1450 011a 18       		.uleb128 0x18
 1451 011b 00       		.byte	0
 1452 011c 00       		.byte	0
 1453 011d 15       		.uleb128 0x15
 1454 011e 21       		.uleb128 0x21
 1455 011f 00       		.byte	0
 1456 0120 49       		.uleb128 0x49
 1457 0121 13       		.uleb128 0x13
 1458 0122 2F       		.uleb128 0x2f
 1459 0123 0B       		.uleb128 0xb
 1460 0124 00       		.byte	0
 1461 0125 00       		.byte	0
 1462 0126 00       		.byte	0
 1463              		.section	.debug_aranges,"",%progbits
 1464 0000 44000000 		.4byte	0x44
 1465 0004 0200     		.2byte	0x2
 1466 0006 00000000 		.4byte	.Ldebug_info0
 1467 000a 04       		.byte	0x4
 1468 000b 00       		.byte	0
 1469 000c 0000     		.2byte	0
 1470 000e 0000     		.2byte	0
 1471 0010 00000000 		.4byte	.LFB63
 1472 0014 3E000000 		.4byte	.LFE63-.LFB63
 1473 0018 00000000 		.4byte	.LFB64
 1474 001c 14010000 		.4byte	.LFE64-.LFB64
 1475 0020 00000000 		.4byte	.LFB65
 1476 0024 20000000 		.4byte	.LFE65-.LFB65
 1477 0028 00000000 		.4byte	.LFB66
 1478 002c 28020000 		.4byte	.LFE66-.LFB66
 1479 0030 00000000 		.4byte	.LFB67
 1480 0034 54000000 		.4byte	.LFE67-.LFB67
 1481 0038 00000000 		.4byte	.LFB68
 1482 003c 1A000000 		.4byte	.LFE68-.LFB68
 1483 0040 00000000 		.4byte	0
 1484 0044 00000000 		.4byte	0
 1485              		.section	.debug_ranges,"",%progbits
 1486              	.Ldebug_ranges0:
 1487 0000 00000000 		.4byte	.LFB63
 1488 0004 3E000000 		.4byte	.LFE63
 1489 0008 00000000 		.4byte	.LFB64
 1490 000c 14010000 		.4byte	.LFE64
 1491 0010 00000000 		.4byte	.LFB65
ARM GAS  C:\DOCUME~1\name\LOCALS~1\Temp\cc4uCjVA.s 			page 30


 1492 0014 20000000 		.4byte	.LFE65
 1493 0018 00000000 		.4byte	.LFB66
 1494 001c 28020000 		.4byte	.LFE66
 1495 0020 00000000 		.4byte	.LFB67
 1496 0024 54000000 		.4byte	.LFE67
 1497 0028 00000000 		.4byte	.LFB68
 1498 002c 1A000000 		.4byte	.LFE68
 1499 0030 00000000 		.4byte	0
 1500 0034 00000000 		.4byte	0
 1501              		.section	.debug_line,"",%progbits
 1502              	.Ldebug_line0:
 1503 0000 6B020000 		.section	.debug_str,"MS",%progbits,1
 1503      02003B01 
 1503      00000201 
 1503      FB0E0D00 
 1503      01010101 
 1504              	.LASF32:
 1505 0000 6D627573 		.ascii	"mbus_rx_count\000"
 1505      5F72785F 
 1505      636F756E 
 1505      7400
 1506              	.LASF14:
 1507 000e 666C6F61 		.ascii	"float\000"
 1507      7400
 1508              	.LASF44:
 1509 0014 433A5C44 		.ascii	"C:\\Documents and Settings\\name\\Desktop\\minunit\\"
 1509      6F63756D 
 1509      656E7473 
 1509      20616E64 
 1509      20536574 
 1510 0043 6D696E75 		.ascii	"minunit_arch\\minunit.cydsn\000"
 1510      6E69745F 
 1510      61726368 
 1510      5C6D696E 
 1510      756E6974 
 1511              	.LASF9:
 1512 005e 5F5F696E 		.ascii	"__int32_t\000"
 1512      7433325F 
 1512      7400
 1513              	.LASF41:
 1514 0068 4643425F 		.ascii	"FCB_Bit\000"
 1514      42697400 
 1515              	.LASF4:
 1516 0070 6C6F6E67 		.ascii	"long int\000"
 1516      20696E74 
 1516      00
 1517              	.LASF42:
 1518 0079 474E5520 		.ascii	"GNU C 4.9.3 20150303 (release) [ARM/embedded-4_9-br"
 1518      4320342E 
 1518      392E3320 
 1518      32303135 
 1518      30333033 
 1519 00ac 616E6368 		.ascii	"anch revision 221220] -mcpu=cortex-m3 -mthumb -g -O"
 1519      20726576 
 1519      6973696F 
 1519      6E203232 
 1519      31323230 
ARM GAS  C:\DOCUME~1\name\LOCALS~1\Temp\cc4uCjVA.s 			page 31


 1520 00df 30202D66 		.ascii	"0 -ffunction-sections -ffat-lto-objects\000"
 1520      66756E63 
 1520      74696F6E 
 1520      2D736563 
 1520      74696F6E 
 1521              	.LASF23:
 1522 0107 6D627573 		.ascii	"mbus_request_respond\000"
 1522      5F726571 
 1522      75657374 
 1522      5F726573 
 1522      706F6E64 
 1523              	.LASF43:
 1524 011c 6D627573 		.ascii	"mbus.c\000"
 1524      2E6300
 1525              	.LASF24:
 1526 0123 73686F72 		.ascii	"short_addres\000"
 1526      745F6164 
 1526      64726573 
 1526      00
 1527              	.LASF28:
 1528 0130 75736572 		.ascii	"user_data\000"
 1528      5F646174 
 1528      6100
 1529              	.LASF1:
 1530 013a 756E7369 		.ascii	"unsigned char\000"
 1530      676E6564 
 1530      20636861 
 1530      7200
 1531              	.LASF40:
 1532 0148 6D627573 		.ascii	"mbus_bit_stop\000"
 1532      5F626974 
 1532      5F73746F 
 1532      7000
 1533              	.LASF5:
 1534 0156 6C6F6E67 		.ascii	"long unsigned int\000"
 1534      20756E73 
 1534      69676E65 
 1534      6420696E 
 1534      7400
 1535              	.LASF3:
 1536 0168 73686F72 		.ascii	"short unsigned int\000"
 1536      7420756E 
 1536      7369676E 
 1536      65642069 
 1536      6E7400
 1537              	.LASF30:
 1538 017b 75617274 		.ascii	"uart2_tx_buffer\000"
 1538      325F7478 
 1538      5F627566 
 1538      66657200 
 1539              	.LASF29:
 1540 018b 49544D5F 		.ascii	"ITM_RxBuffer\000"
 1540      52784275 
 1540      66666572 
 1540      00
 1541              	.LASF25:
 1542 0198 54696D65 		.ascii	"Timer_1_ReadCounter\000"
ARM GAS  C:\DOCUME~1\name\LOCALS~1\Temp\cc4uCjVA.s 			page 32


 1542      725F315F 
 1542      52656164 
 1542      436F756E 
 1542      74657200 
 1543              	.LASF15:
 1544 01ac 646F7562 		.ascii	"double\000"
 1544      6C6500
 1545              	.LASF26:
 1546 01b3 6D627573 		.ascii	"mbus_snd_nke\000"
 1546      5F736E64 
 1546      5F6E6B65 
 1546      00
 1547              	.LASF2:
 1548 01c0 73686F72 		.ascii	"short int\000"
 1548      7420696E 
 1548      7400
 1549              	.LASF12:
 1550 01ca 75696E74 		.ascii	"uint16\000"
 1550      313600
 1551              	.LASF13:
 1552 01d1 75696E74 		.ascii	"uint32\000"
 1552      333200
 1553              	.LASF8:
 1554 01d8 756E7369 		.ascii	"unsigned int\000"
 1554      676E6564 
 1554      20696E74 
 1554      00
 1555              	.LASF7:
 1556 01e5 6C6F6E67 		.ascii	"long long unsigned int\000"
 1556      206C6F6E 
 1556      6720756E 
 1556      7369676E 
 1556      65642069 
 1557              	.LASF34:
 1558 01fc 6D627573 		.ascii	"mbus_tmr_stop\000"
 1558      5F746D72 
 1558      5F73746F 
 1558      7000
 1559              	.LASF31:
 1560 020a 75617274 		.ascii	"uart2_rx_buffer\000"
 1560      325F7278 
 1560      5F627566 
 1560      66657200 
 1561              	.LASF36:
 1562 021a 6D627573 		.ascii	"mbus_bit_max\000"
 1562      5F626974 
 1562      5F6D6178 
 1562      00
 1563              	.LASF38:
 1564 0227 534E445F 		.ascii	"SND_NKE_FRAME\000"
 1564      4E4B455F 
 1564      4652414D 
 1564      4500
 1565              	.LASF10:
 1566 0235 696E7433 		.ascii	"int32_t\000"
 1566      325F7400 
 1567              	.LASF17:
ARM GAS  C:\DOCUME~1\name\LOCALS~1\Temp\cc4uCjVA.s 			page 33


 1568 023d 73697A65 		.ascii	"sizetype\000"
 1568      74797065 
 1568      00
 1569              	.LASF6:
 1570 0246 6C6F6E67 		.ascii	"long long int\000"
 1570      206C6F6E 
 1570      6720696E 
 1570      7400
 1571              	.LASF22:
 1572 0254 6C656E67 		.ascii	"lenght\000"
 1572      687400
 1573              	.LASF20:
 1574 025b 6D627573 		.ascii	"mbus_cs\000"
 1574      5F637300 
 1575              	.LASF16:
 1576 0263 63686172 		.ascii	"char\000"
 1576      00
 1577              	.LASF19:
 1578 0268 636F756E 		.ascii	"count\000"
 1578      7400
 1579              	.LASF27:
 1580 026e 6D627573 		.ascii	"mbus_snd_ud2\000"
 1580      5F736E64 
 1580      5F756432 
 1580      00
 1581              	.LASF39:
 1582 027b 6D627573 		.ascii	"mbus_bit_start\000"
 1582      5F626974 
 1582      5F737461 
 1582      727400
 1583              	.LASF18:
 1584 028a 62756666 		.ascii	"buffer\000"
 1584      657200
 1585              	.LASF11:
 1586 0291 75696E74 		.ascii	"uint8\000"
 1586      3800
 1587              	.LASF33:
 1588 0297 6D627573 		.ascii	"mbus_tmr_start\000"
 1588      5F746D72 
 1588      5F737461 
 1588      727400
 1589              	.LASF45:
 1590 02a6 6D627573 		.ascii	"mbus_next_record\000"
 1590      5F6E6578 
 1590      745F7265 
 1590      636F7264 
 1590      00
 1591              	.LASF0:
 1592 02b7 7369676E 		.ascii	"signed char\000"
 1592      65642063 
 1592      68617200 
 1593              	.LASF35:
 1594 02c3 6D627573 		.ascii	"mbus_bit_min\000"
 1594      5F626974 
 1594      5F6D696E 
 1594      00
 1595              	.LASF37:
ARM GAS  C:\DOCUME~1\name\LOCALS~1\Temp\cc4uCjVA.s 			page 34


 1596 02d0 6D627573 		.ascii	"mbus_repeat_count\000"
 1596      5F726570 
 1596      6561745F 
 1596      636F756E 
 1596      7400
 1597              	.LASF21:
 1598 02e2 6D627573 		.ascii	"mbus_send_confirm\000"
 1598      5F73656E 
 1598      645F636F 
 1598      6E666972 
 1598      6D00
 1599              		.ident	"GCC: (GNU Tools for ARM Embedded Processors) 4.9.3 20150303 (release) [ARM/embedded-4_9-br
