#***************************************************************************

#sjplacer

#Version:            1.1

#Build Date:         Jul 19 2017 14:31:00

#File Generated:     Jun 4 2018 02:04:46

#Purpose:            

#Copyright (C) 2010-2011 by Softjin Technologies Pvt Ltd. All rights reserved.

#***************************************************************************

Executing : C:\Program Files (x86)\Cypress\PSoC Creator\4.1\PSoC Creator\bin/sjplacer.exe --proj-name stendo_MIS --netlist-vh2 stendo_MIS_p.vh2 --arch p35_udb4x6 --arch-file C:\Program Files (x86)\Cypress\PSoC Creator\4.1\PSoC Creator\dev\arch/udbdsi_4x6_24.cydata --ip-file C:\Program Files (x86)\Cypress\PSoC Creator\4.1\PSoC Creator\dev\psoc5/psoc5lp/ip_blocks.cydata --rrg-file C:\Program Files (x86)\Cypress\PSoC Creator\4.1\PSoC Creator\dev\psoc5/psoc5lp/route_arch-rrg.cydata --irq-file C:\Program Files (x86)\Cypress\PSoC Creator\4.1\PSoC Creator\dev\psoc5/psoc5lp/irqconn.cydata --drq-file C:\Program Files (x86)\Cypress\PSoC Creator\4.1\PSoC Creator\dev\psoc5/psoc5lp/dmaconn.cydata --dsi-conn-file C:\Program Files (x86)\Cypress\PSoC Creator\4.1\PSoC Creator\dev\psoc5/psoc5lp/dsiconn.cydata --pins-file pins_100-TQFP.xml --lib-file stendo_MIS_p.lib --sdc-file stendo_MIS.sdc --io-pcf stendo_MIS.pci --outdir .

		Softjin Techologies Placer, Version 1.1

Build Date : Jul 19 2017	14:29:55

D2004: Option and Settings Summary
=============================================================
Netlist vh2 file          - stendo_MIS_p.vh2
Architecture file         - C:\Program Files (x86)\Cypress\PSoC Creator\4.1\PSoC Creator\dev\arch/udbdsi_4x6_24.cydata
Package                   - 
Defparam file             - 
SDC file                  - stendo_MIS.sdc
Output directory          - .
Timing library            - stendo_MIS_p.lib
IO Placement file         - stendo_MIS.pci

D2050: Starting reading inputs for placer
=============================================================
D2065: Reading netlist file : "stendo_MIS_p.vh2"
D2065: Reading arch file : "C:\Program Files (x86)\Cypress\PSoC Creator\4.1\PSoC Creator\dev\arch/udbdsi_4x6_24.cydata"
D2051: Reading of inputs for placer completed successfully

D2053: Starting placement of the design
=============================================================

Phase 2
Phase 3

Design Statistics after Packing
    Number of Combinational MCs 	:	61
    Number of Sequential MCs    	:	111
    Number of DPs               	:	16
    Number of Controls          	:	12
    Number of Status            	:	17
    Number of SyncCells         	:	15
    Number of count7cells       	:	3

Device Utilization Summary after Packing
    Macrocells                  :	172/192
    UDBS                        :	24/24
    IOs                         :	42/72


D2088: Phase 3, elapsed time : 0.3 (sec)

Phase 4
D2088: Phase 4, elapsed time : 0.0 (sec)

Phase 5
D2088: Phase 5, elapsed time : 0.0 (sec)

Phase 6

######################################################################
Placement Timing Summary

The timing summary is based on estimated routing delays after
placement. For final timing report, please carry out the timing
analysis after routing.
======================================================================

######################################################################
                     Clock Summary 
======================================================================
Number of clocks: 12
Clock: CyBUS_CLK            | Frequency:  45.5 MHz | Target:  60.0 MHz
Clock: CyILO                | Frequency: N/A       | Target:   0.0 MHz
Clock: CyIMO                | Frequency: N/A       | Target:   3.0 MHz
Clock: CyMASTER_CLK         | Frequency: N/A       | Target:  60.0 MHz
Clock: CyPLL_OUT            | Frequency: N/A       | Target:  60.0 MHz
Clock: CyXTAL               | Frequency: N/A       | Target:  24.0 MHz
Clock: CyXTAL_32kHz         | Frequency: N/A       | Target:   0.0 MHz
Clock: UART_1_IntClock      | Frequency:  44.5 MHz | Target:   0.1 MHz
Clock: slv_clk(0)_SYNC/out  | Frequency:  24.5 MHz | Target:  30.0 MHz
Clock: spiclk               | Frequency:  55.6 MHz | Target:   1.0 MHz
Clock: timer_clock_7        | Frequency:  35.7 MHz | Target:   1.0 MHz
Clock: timer_clock_7(fixed-function) | Frequency: N/A       | Target:   1.0 MHz

======================================================================
                     End of Clock Summary
######################################################################

D2088: Phase 6, elapsed time : 0.6 (sec)

Phase 7
######################################################################
                     Clock Summary 
======================================================================
Number of clocks: 12
Clock: CyBUS_CLK            | Frequency:  45.5 MHz | Target:  60.0 MHz
Clock: CyILO                | Frequency: N/A       | Target:   0.0 MHz
Clock: CyIMO                | Frequency: N/A       | Target:   3.0 MHz
Clock: CyMASTER_CLK         | Frequency: N/A       | Target:  60.0 MHz
Clock: CyPLL_OUT            | Frequency: N/A       | Target:  60.0 MHz
Clock: CyXTAL               | Frequency: N/A       | Target:  24.0 MHz
Clock: CyXTAL_32kHz         | Frequency: N/A       | Target:   0.0 MHz
Clock: UART_1_IntClock      | Frequency:  45.8 MHz | Target:   0.1 MHz
Clock: slv_clk(0)_SYNC/out  | Frequency:  43.3 MHz | Target:  30.0 MHz
Clock: spiclk               | Frequency:  49.6 MHz | Target:   1.0 MHz
Clock: timer_clock_7        | Frequency:  31.6 MHz | Target:   1.0 MHz
Clock: timer_clock_7(fixed-function) | Frequency: N/A       | Target:   1.0 MHz

======================================================================
                     End of Clock Summary
######################################################################
D2088: Phase 7, elapsed time : 2.6 (sec)

Final Design Statistics
    Number of Combinational MCs 	:	61
    Number of Sequential MCs    	:	111
    Number of DPs               	:	16
    Number of Controls          	:	12
    Number of Status            	:	17
    Number of SyncCells         	:	15
    Number of count7cells       	:	3
    Number of IOs       	:	42

Device Utilization Summary
    Macrocells                  :	172/192
    IOs                         :	42/72



######################################################################
Placement Timing Summary

The timing summary is based on estimated routing delays after
placement. For final timing report, please carry out the timing
analysis after routing.
======================================================================


######################################################################
                     Clock Summary 
======================================================================
Number of clocks: 12
Clock: CyBUS_CLK            | Frequency:  45.5 MHz | Target:  60.0 MHz
Clock: CyILO                | Frequency: N/A       | Target:   0.0 MHz
Clock: CyIMO                | Frequency: N/A       | Target:   3.0 MHz
Clock: CyMASTER_CLK         | Frequency: N/A       | Target:  60.0 MHz
Clock: CyPLL_OUT            | Frequency: N/A       | Target:  60.0 MHz
Clock: CyXTAL               | Frequency: N/A       | Target:  24.0 MHz
Clock: CyXTAL_32kHz         | Frequency: N/A       | Target:   0.0 MHz
Clock: UART_1_IntClock      | Frequency:  45.8 MHz | Target:   0.1 MHz
Clock: slv_clk(0)_SYNC/out  | Frequency:  43.3 MHz | Target:  30.0 MHz
Clock: spiclk               | Frequency:  49.6 MHz | Target:   1.0 MHz
Clock: timer_clock_7        | Frequency:  31.6 MHz | Target:   1.0 MHz
Clock: timer_clock_7(fixed-function) | Frequency: N/A       | Target:   1.0 MHz

======================================================================
                     End of Clock Summary
######################################################################

Phase 6

######################################################################
Placement Timing Summary

The timing summary is based on estimated routing delays after
placement. For final timing report, please carry out the timing
analysis after routing.
======================================================================

######################################################################
                     Clock Summary 
======================================================================
Number of clocks: 12
Clock: CyBUS_CLK            | Frequency:  45.5 MHz | Target:  60.0 MHz
Clock: CyILO                | Frequency: N/A       | Target:   0.0 MHz
Clock: CyIMO                | Frequency: N/A       | Target:   3.0 MHz
Clock: CyMASTER_CLK         | Frequency: N/A       | Target:  60.0 MHz
Clock: CyPLL_OUT            | Frequency: N/A       | Target:  60.0 MHz
Clock: CyXTAL               | Frequency: N/A       | Target:  24.0 MHz
Clock: CyXTAL_32kHz         | Frequency: N/A       | Target:   0.0 MHz
Clock: UART_1_IntClock      | Frequency:  50.2 MHz | Target:   0.1 MHz
Clock: slv_clk(0)_SYNC/out  | Frequency:  26.0 MHz | Target:  30.0 MHz
Clock: spiclk               | Frequency:  57.7 MHz | Target:   1.0 MHz
Clock: timer_clock_7        | Frequency:  34.2 MHz | Target:   1.0 MHz
Clock: timer_clock_7(fixed-function) | Frequency: N/A       | Target:   1.0 MHz

======================================================================
                     End of Clock Summary
######################################################################

D2088: Phase 6, elapsed time : 0.6 (sec)

Phase 7
######################################################################
                     Clock Summary 
======================================================================
Number of clocks: 12
Clock: CyBUS_CLK            | Frequency:  45.5 MHz | Target:  60.0 MHz
Clock: CyILO                | Frequency: N/A       | Target:   0.0 MHz
Clock: CyIMO                | Frequency: N/A       | Target:   3.0 MHz
Clock: CyMASTER_CLK         | Frequency: N/A       | Target:  60.0 MHz
Clock: CyPLL_OUT            | Frequency: N/A       | Target:  60.0 MHz
Clock: CyXTAL               | Frequency: N/A       | Target:  24.0 MHz
Clock: CyXTAL_32kHz         | Frequency: N/A       | Target:   0.0 MHz
Clock: UART_1_IntClock      | Frequency:  50.0 MHz | Target:   0.1 MHz
Clock: slv_clk(0)_SYNC/out  | Frequency:  42.5 MHz | Target:  30.0 MHz
Clock: spiclk               | Frequency:  56.8 MHz | Target:   1.0 MHz
Clock: timer_clock_7        | Frequency:  31.6 MHz | Target:   1.0 MHz
Clock: timer_clock_7(fixed-function) | Frequency: N/A       | Target:   1.0 MHz

======================================================================
                     End of Clock Summary
######################################################################
D2088: Phase 7, elapsed time : 7.6 (sec)

Final Design Statistics
    Number of Combinational MCs 	:	61
    Number of Sequential MCs    	:	111
    Number of DPs               	:	16
    Number of Controls          	:	12
    Number of Status            	:	17
    Number of SyncCells         	:	15
    Number of count7cells       	:	3
    Number of IOs       	:	42

Device Utilization Summary
    Macrocells                  :	172/192
    IOs                         :	42/72



######################################################################
Placement Timing Summary

The timing summary is based on estimated routing delays after
placement. For final timing report, please carry out the timing
analysis after routing.
======================================================================


######################################################################
                     Clock Summary 
======================================================================
Number of clocks: 12
Clock: CyBUS_CLK            | Frequency:  45.5 MHz | Target:  60.0 MHz
Clock: CyILO                | Frequency: N/A       | Target:   0.0 MHz
Clock: CyIMO                | Frequency: N/A       | Target:   3.0 MHz
Clock: CyMASTER_CLK         | Frequency: N/A       | Target:  60.0 MHz
Clock: CyPLL_OUT            | Frequency: N/A       | Target:  60.0 MHz
Clock: CyXTAL               | Frequency: N/A       | Target:  24.0 MHz
Clock: CyXTAL_32kHz         | Frequency: N/A       | Target:   0.0 MHz
Clock: UART_1_IntClock      | Frequency:  47.4 MHz | Target:   0.1 MHz
Clock: slv_clk(0)_SYNC/out  | Frequency:  39.9 MHz | Target:  30.0 MHz
Clock: spiclk               | Frequency:  60.2 MHz | Target:   1.0 MHz
Clock: timer_clock_7        | Frequency:  37.4 MHz | Target:   1.0 MHz
Clock: timer_clock_7(fixed-function) | Frequency: N/A       | Target:   1.0 MHz

======================================================================
                     End of Clock Summary
######################################################################

Phase 8
D2088: Phase 8, elapsed time : 0.0 (sec)

D2054: Placement of the design completed successfully

I2076: Total run-time: 16.1 sec.

